Log file open, 02/25/20 22:51:11
LogWindows: Failed to load 'aqProf.dll' (GetLastError=126)
LogWindows: File 'aqProf.dll' does not exist
LogWindows: Failed to load 'VtuneApi.dll' (GetLastError=126)
LogWindows: File 'VtuneApi.dll' does not exist
LogWindows: Failed to load 'VtuneApi32e.dll' (GetLastError=126)
LogWindows: File 'VtuneApi32e.dll' does not exist
LogConsoleResponse: Display: Failed to find resolution value strings in scalability ini. Falling back to default.
LogInit: Display: Running engine for game: TKG_Training
LogPlatformFile: Not using cached read wrapper
LogTaskGraph: Started task graph with 5 named threads and 23 total threads with 3 sets of task threads.
LogStats: Stats thread started at 0.096141
LogD3D11RHI: Loaded GFSDK_Aftermath_Lib.x64.dll
LogICUInternationalization: ICU TimeZone Detection - Raw Offset: +1:00, Platform Override: ''
LogPluginManager: Mounting plugin Paper2D
LogPluginManager: Mounting plugin AISupport
LogPluginManager: Mounting plugin LightPropagationVolume
LogPluginManager: Mounting plugin ActorLayerUtilities
LogPluginManager: Mounting plugin AnimationSharing
LogPluginManager: Mounting plugin CLionSourceCodeAccess
LogPluginManager: Mounting plugin CodeLiteSourceCodeAccess
LogPluginManager: Mounting plugin GitSourceControl
LogPluginManager: Mounting plugin KDevelopSourceCodeAccess
LogPluginManager: Mounting plugin NullSourceCodeAccess
LogPluginManager: Mounting plugin PerforceSourceControl
LogPluginManager: Mounting plugin PlasticSourceControl
LogPluginManager: Mounting plugin SubversionSourceControl
LogPluginManager: Mounting plugin UObjectPlugin
LogPluginManager: Mounting plugin VisualStudioCodeSourceCodeAccess
LogPluginManager: Mounting plugin VisualStudioSourceCodeAccess
LogPluginManager: Mounting plugin XCodeSourceCodeAccess
LogPluginManager: Mounting plugin AssetManagerEditor
LogPluginManager: Mounting plugin CryptoKeys
LogPluginManager: Mounting plugin CurveEditorTools
LogPluginManager: Mounting plugin DataValidation
LogPluginManager: Mounting plugin FacialAnimation
LogPluginManager: Mounting plugin GameplayTagsEditor
LogPluginManager: Mounting plugin MacGraphicsSwitching
LogPluginManager: Mounting plugin MaterialAnalyzer
LogPluginManager: Mounting plugin MobileLauncherProfileWizard
LogPluginManager: Mounting plugin PluginBrowser
LogPluginManager: Mounting plugin SpeedTreeImporter
LogPluginManager: Mounting plugin DatasmithContent
LogPluginManager: Mounting plugin VariantManagerContent
LogPluginManager: Mounting plugin AlembicImporter
LogPluginManager: Mounting plugin AutomationUtils
LogPluginManager: Mounting plugin BackChannel
LogPluginManager: Mounting plugin CharacterAI
LogPluginManager: Mounting plugin GeometryCache
LogPluginManager: Mounting plugin PlatformCrypto
LogPluginManager: Mounting plugin ProxyLODPlugin
LogPluginManager: Mounting plugin SkeletalReduction
LogPluginManager: Mounting plugin MagicLeap
LogPluginManager: Mounting plugin MagicLeapMedia
LogPluginManager: Mounting plugin MLSDK
LogPluginManager: Mounting plugin Substance
LogPluginManager: Mounting plugin AndroidMedia
LogPluginManager: Mounting plugin AvfMedia
LogPluginManager: Mounting plugin ImgMedia
LogPluginManager: Mounting plugin MediaCompositing
LogPluginManager: Mounting plugin MediaPlayerEditor
LogPluginManager: Mounting plugin WebMMedia
LogPluginManager: Mounting plugin WmfMedia
LogPluginManager: Mounting plugin TcpMessaging
LogPluginManager: Mounting plugin UdpMessaging
LogPluginManager: Mounting plugin ActorSequence
LogPluginManager: Mounting plugin LevelSequenceEditor
LogPluginManager: Mounting plugin MatineeToLevelSequence
LogPluginManager: Mounting plugin NetcodeUnitTest
LogPluginManager: Mounting plugin NUTUnrealEngine4
LogPluginManager: Mounting plugin OnlineSubsystemGooglePlay
LogPluginManager: Mounting plugin OnlineSubsystemIOS
LogPluginManager: Mounting plugin OnlineSubsystem
LogPluginManager: Mounting plugin OnlineSubsystemNull
LogPluginManager: Mounting plugin OnlineSubsystemUtils
LogPluginManager: Mounting plugin LauncherChunkInstaller
LogPluginManager: Mounting plugin AndroidDeviceProfileSelector
LogPluginManager: Mounting plugin AndroidMoviePlayer
LogPluginManager: Mounting plugin AndroidPermission
LogPluginManager: Mounting plugin AppleImageUtils
LogPluginManager: Mounting plugin AppleMoviePlayer
LogPluginManager: Mounting plugin ArchVisCharacter
LogPluginManager: Mounting plugin AssetTags
LogPluginManager: Mounting plugin AudioCapture
LogPluginManager: Mounting plugin CableComponent
LogPluginManager: Mounting plugin CustomMeshComponent
LogPluginManager: Mounting plugin EditableMesh
LogPluginManager: Mounting plugin ExampleDeviceProfileSelector
LogPluginManager: Mounting plugin GoogleCloudMessaging
LogPluginManager: Mounting plugin IOSDeviceProfileSelector
LogPluginManager: Mounting plugin LinuxDeviceProfileSelector
LogPluginManager: Mounting plugin LocationServicesBPLibrary
LogPluginManager: Mounting plugin MobilePatchingUtils
LogPluginManager: Mounting plugin OculusVR
LogPluginManager: Mounting plugin PhysXVehicles
LogPluginManager: Mounting plugin PostSplashScreen
LogPluginManager: Mounting plugin ProceduralMeshComponent
LogPluginManager: Mounting plugin RuntimePhysXCooking
LogPluginManager: Mounting plugin SignificanceManager
LogPluginManager: Mounting plugin SteamVR
LogPluginManager: Mounting plugin WebMMoviePlayer
LogPluginManager: Mounting plugin WindowsMoviePlayer
LogPluginManager: Mounting plugin ScreenshotTools
LogInit: Using libcurl 7.55.1-DEV
LogInit:  - built for x86_64-pc-win32
LogInit:  - supports SSL with OpenSSL/1.1.1
LogInit:  - supports HTTP deflate (compression) using libz 1.2.8
LogInit:  - other features:
LogInit:      CURL_VERSION_SSL
LogInit:      CURL_VERSION_LIBZ
LogInit:      CURL_VERSION_IPV6
LogInit:      CURL_VERSION_ASYNCHDNS
LogInit:      CURL_VERSION_LARGEFILE
LogInit:      CURL_VERSION_IDN
LogInit:  CurlRequestOptions (configurable via config and command line):
LogInit:  - bVerifyPeer = true  - Libcurl will verify peer certificate
LogInit:  - bUseHttpProxy = false  - Libcurl will NOT use HTTP proxy
LogInit:  - bDontReuseConnections = false  - Libcurl will reuse connections
LogInit:  - MaxHostConnections = 16  - Libcurl will limit the number of connections to a host
LogInit:  - LocalHostAddr = Default
LogInit:  - BufferSize = 65536
LogOnline: OSS: Creating online subsystem instance for: NULL
LogInit: WinSock: version 1.1 (2.2), MaxSocks=32767, MaxUdp=65467
LogOnline: OSS: TryLoadSubsystemAndSetDefault: Loaded subsystem for module [NULL]
LogInit: Build: ++UE4+Release-4.24-CL-11100242
LogInit: Engine Version: 4.24.2-11100242+++UE4+Release-4.24
LogInit: Compatible Engine Version: 4.24.0-10570792+++UE4+Release-4.24
LogInit: Net CL: 10570792
LogInit: OS: Windows 10 (Release 1809) (), CPU: Intel(R) Core(TM) i7-4720HQ CPU @ 2.60GHz, GPU: Intel(R) HD Graphics 4600
LogInit: Compiled (64-bit): Jan 24 2020 02:05:53
LogInit: Compiled with Visual C++: 19.16.27032.01
LogInit: Build Configuration: Development
LogInit: Branch Name: ++UE4+Release-4.24
LogInit: Command Line: 
LogInit: Base Directory: D:/UE4/UE_4.24/Engine/Binaries/Win64/
LogInit: Installed Engine Build: 1
LogDevObjectVersion: Number of dev versions registered: 25
LogDevObjectVersion:   Dev-Blueprints (B0D832E4-1F89-4F0D-ACCF-7EB736FD4AA2): 10
LogDevObjectVersion:   Dev-Build (E1C64328-A22C-4D53-A36C-8E866417BD8C): 0
LogDevObjectVersion:   Dev-Core (375EC13C-06E4-48FB-B500-84F0262A717E): 3
LogDevObjectVersion:   Dev-Editor (E4B068ED-F494-42E9-A231-DA0B2E46BB41): 37
LogDevObjectVersion:   Dev-Framework (CFFC743F-43B0-4480-9391-14DF171D2073): 36
LogDevObjectVersion:   Dev-Mobile (B02B49B5-BB20-44E9-A304-32B752E40360): 2
LogDevObjectVersion:   Dev-Networking (A4E4105C-59A1-49B5-A7C5-40C4547EDFEE): 0
LogDevObjectVersion:   Dev-Online (39C831C9-5AE6-47DC-9A44-9C173E1C8E7C): 0
LogDevObjectVersion:   Dev-Physics (78F01B33-EBEA-4F98-B9B4-84EACCB95AA2): 2
LogDevObjectVersion:   Dev-Platform (6631380F-2D4D-43E0-8009-CF276956A95A): 0
LogDevObjectVersion:   Dev-Rendering (12F88B9F-8875-4AFC-A67C-D90C383ABD29): 36
LogDevObjectVersion:   Dev-Sequencer (7B5AE74C-D270-4C10-A958-57980B212A5A): 11
LogDevObjectVersion:   Dev-VR (D7296918-1DD6-4BDD-9DE2-64A83CC13884): 2
LogDevObjectVersion:   Dev-LoadTimes (C2A15278-BFE7-4AFE-6C17-90FF531DF755): 1
LogDevObjectVersion:   Private-Geometry (6EACA3D4-40EC-4CC1-B786-8BED09428FC5): 3
LogDevObjectVersion:   Dev-AnimPhys (29E575DD-E0A3-4627-9D10-D276232CDCEA): 17
LogDevObjectVersion:   Dev-Anim (AF43A65D-7FD3-4947-9873-3E8ED9C1BB05): 2
LogDevObjectVersion:   Dev-ReflectionCapture (6B266CEC-1EC7-4B8F-A30B-E4D90942FC07): 1
LogDevObjectVersion:   Dev-Automation (0DF73D61-A23F-47EA-B727-89E90C41499A): 1
LogDevObjectVersion:   FortniteMain (601D1886-AC64-4F84-AA16-D3DE0DEAC7D6): 31
LogDevObjectVersion:   Dev-Enterprise (9DFFBCD6-494F-0158-E221-12823C92A888): 8
LogDevObjectVersion:   Dev-Niagara (F2AED0AC-9AFE-416F-8664-AA7FFA26D6FC): 1
LogDevObjectVersion:   Dev-Destruction (174F1F0B-B4C6-45A5-B13F-2EE8D0FB917D): 9
LogDevObjectVersion:   Dev-Physics-Ext (35F94A83-E258-406C-A318-09F59610247C): 8
LogDevObjectVersion:   Dev-CineCamera (B2E18506-4273-CFC2-A54E-F4BB758BBA07): 1
LogInit: Presizing for max 25165824 objects, including 0 objects not considered by GC, pre-allocating 0 bytes for permanent pool.
LogInit: Object subsystem initialized
LogConfig: Setting CVar [[con.DebugEarlyDefault:1]]
LogConfig: Setting CVar [[r.setres:1280x720]]
[2020.02.25-21.51.11:387][  0]LogConfig: Setting CVar [[r.VSync:0]]
[2020.02.25-21.51.11:387][  0]LogConfig: Setting CVar [[r.RHICmdBypass:0]]
[2020.02.25-21.51.11:387][  0]LogConfig: Applying CVar settings from Section [/Script/Engine.RendererSettings] File [D:/UE4/TKGames_TestRepo/TKG_Training/Saved/Config/Windows/Engine.ini]
[2020.02.25-21.51.11:387][  0]LogConfig: Setting CVar [[r.GPUCrashDebugging:0]]
[2020.02.25-21.51.11:387][  0]LogConfig: Applying CVar settings from Section [/Script/Engine.RendererOverrideSettings] File [D:/UE4/TKGames_TestRepo/TKG_Training/Saved/Config/Windows/Engine.ini]
[2020.02.25-21.51.11:387][  0]LogConfig: Applying CVar settings from Section [/Script/Engine.StreamingSettings] File [D:/UE4/TKGames_TestRepo/TKG_Training/Saved/Config/Windows/Engine.ini]
[2020.02.25-21.51.11:387][  0]LogConfig: Setting CVar [[s.MinBulkDataSizeForAsyncLoading:131072]]
[2020.02.25-21.51.11:387][  0]LogConfig: Setting CVar [[s.AsyncLoadingThreadEnabled:0]]
[2020.02.25-21.51.11:387][  0]LogConfig: Setting CVar [[s.EventDrivenLoaderEnabled:1]]
[2020.02.25-21.51.11:387][  0]LogConfig: Setting CVar [[s.WarnIfTimeLimitExceeded:0]]
[2020.02.25-21.51.11:387][  0]LogConfig: Setting CVar [[s.TimeLimitExceededMultiplier:1.5]]
[2020.02.25-21.51.11:387][  0]LogConfig: Setting CVar [[s.TimeLimitExceededMinTime:0.005]]
[2020.02.25-21.51.11:387][  0]LogConfig: Setting CVar [[s.UseBackgroundLevelStreaming:1]]
[2020.02.25-21.51.11:387][  0]LogConfig: Setting CVar [[s.PriorityAsyncLoadingExtraTime:15.0]]
[2020.02.25-21.51.11:387][  0]LogConfig: Setting CVar [[s.LevelStreamingActorsUpdateTimeLimit:5.0]]
[2020.02.25-21.51.11:387][  0]LogConfig: Setting CVar [[s.PriorityLevelStreamingActorsUpdateExtraTime:5.0]]
[2020.02.25-21.51.11:387][  0]LogConfig: Setting CVar [[s.LevelStreamingComponentsRegistrationGranularity:10]]
[2020.02.25-21.51.11:387][  0]LogConfig: Setting CVar [[s.UnregisterComponentsTimeLimit:1.0]]
[2020.02.25-21.51.11:387][  0]LogConfig: Setting CVar [[s.LevelStreamingComponentsUnregistrationGranularity:5]]
[2020.02.25-21.51.11:387][  0]LogConfig: Setting CVar [[s.FlushStreamingOnExit:1]]
[2020.02.25-21.51.11:387][  0]LogConfig: Applying CVar settings from Section [/Script/Engine.GarbageCollectionSettings] File [D:/UE4/TKGames_TestRepo/TKG_Training/Saved/Config/Windows/Engine.ini]
[2020.02.25-21.51.11:387][  0]LogConfig: Setting CVar [[gc.MaxObjectsNotConsideredByGC:1]]
[2020.02.25-21.51.11:387][  0]LogConfig: Setting CVar [[gc.SizeOfPermanentObjectPool:0]]
[2020.02.25-21.51.11:387][  0]LogConfig: Setting CVar [[gc.FlushStreamingOnGC:0]]
[2020.02.25-21.51.11:387][  0]LogConfig: Setting CVar [[gc.NumRetriesBeforeForcingGC:10]]
[2020.02.25-21.51.11:387][  0]LogConfig: Setting CVar [[gc.AllowParallelGC:1]]
[2020.02.25-21.51.11:387][  0]LogConfig: Setting CVar [[gc.TimeBetweenPurgingPendingKillObjects:61.1]]
[2020.02.25-21.51.11:387][  0]LogConfig: Setting CVar [[gc.MaxObjectsInEditor:25165824]]
[2020.02.25-21.51.11:387][  0]LogConfig: Setting CVar [[gc.IncrementalBeginDestroyEnabled:1]]
[2020.02.25-21.51.11:387][  0]LogConfig: Setting CVar [[gc.CreateGCClusters:1]]
[2020.02.25-21.51.11:387][  0]LogConfig: Setting CVar [[gc.MinGCClusterSize:5]]
[2020.02.25-21.51.11:387][  0]LogConfig: Setting CVar [[gc.ActorClusteringEnabled:0]]
[2020.02.25-21.51.11:387][  0]LogConfig: Setting CVar [[gc.BlueprintClusteringEnabled:0]]
[2020.02.25-21.51.11:387][  0]LogConfig: Setting CVar [[gc.UseDisregardForGCOnDedicatedServers:0]]
[2020.02.25-21.51.11:387][  0]LogConfig: Applying CVar settings from Section [/Script/Engine.NetworkSettings] File [D:/UE4/TKGames_TestRepo/TKG_Training/Saved/Config/Windows/Engine.ini]
[2020.02.25-21.51.11:387][  0]LogConfig: Applying CVar settings from Section [/Script/UnrealEd.CookerSettings] File [D:/UE4/TKGames_TestRepo/TKG_Training/Saved/Config/Windows/Engine.ini]
[2020.02.25-21.51.11:400][  0]LogConfig: Applying CVar settings from Section [ViewDistanceQuality@3] File [D:/UE4/TKGames_TestRepo/TKG_Training/Saved/Config/Windows/Scalability.ini]
[2020.02.25-21.51.11:400][  0]LogConfig: Setting CVar [[r.SkeletalMeshLODBias:0]]
[2020.02.25-21.51.11:400][  0]LogConfig: Setting CVar [[r.ViewDistanceScale:1.0]]
[2020.02.25-21.51.11:400][  0]LogConfig: Applying CVar settings from Section [AntiAliasingQuality@3] File [D:/UE4/TKGames_TestRepo/TKG_Training/Saved/Config/Windows/Scalability.ini]
[2020.02.25-21.51.11:400][  0]LogConfig: Setting CVar [[r.PostProcessAAQuality:4]]
[2020.02.25-21.51.11:400][  0]LogConfig: Applying CVar settings from Section [ShadowQuality@3] File [D:/UE4/TKGames_TestRepo/TKG_Training/Saved/Config/Windows/Scalability.ini]
[2020.02.25-21.51.11:400][  0]LogConfig: Setting CVar [[r.LightFunctionQuality:1]]
[2020.02.25-21.51.11:400][  0]LogConfig: Setting CVar [[r.ShadowQuality:5]]
[2020.02.25-21.51.11:400][  0]LogConfig: Setting CVar [[r.Shadow.CSM.MaxCascades:10]]
[2020.02.25-21.51.11:400][  0]LogConfig: Setting CVar [[r.Shadow.MaxResolution:2048]]
[2020.02.25-21.51.11:400][  0]LogConfig: Setting CVar [[r.Shadow.MaxCSMResolution:2048]]
[2020.02.25-21.51.11:400][  0]LogConfig: Setting CVar [[r.Shadow.RadiusThreshold:0.01]]
[2020.02.25-21.51.11:400][  0]LogConfig: Setting CVar [[r.Shadow.DistanceScale:1.0]]
[2020.02.25-21.51.11:400][  0]LogConfig: Setting CVar [[r.Shadow.CSM.TransitionScale:1.0]]
[2020.02.25-21.51.11:400][  0]LogConfig: Setting CVar [[r.Shadow.PreShadowResolutionFactor:1.0]]
[2020.02.25-21.51.11:400][  0]LogConfig: Setting CVar [[r.DistanceFieldShadowing:1]]
[2020.02.25-21.51.11:400][  0]LogConfig: Setting CVar [[r.DistanceFieldAO:1]]
[2020.02.25-21.51.11:400][  0]LogConfig: Setting CVar [[r.AOQuality:2]]
[2020.02.25-21.51.11:400][  0]LogConfig: Setting CVar [[r.VolumetricFog:1]]
[2020.02.25-21.51.11:400][  0]LogConfig: Setting CVar [[r.VolumetricFog.GridPixelSize:8]]
[2020.02.25-21.51.11:400][  0]LogConfig: Setting CVar [[r.VolumetricFog.GridSizeZ:128]]
[2020.02.25-21.51.11:400][  0]LogConfig: Setting CVar [[r.VolumetricFog.HistoryMissSupersampleCount:4]]
[2020.02.25-21.51.11:400][  0]LogConfig: Setting CVar [[r.LightMaxDrawDistanceScale:1]]
[2020.02.25-21.51.11:400][  0]LogConfig: Setting CVar [[r.CapsuleShadows:1]]
[2020.02.25-21.51.11:400][  0]LogConfig: Applying CVar settings from Section [PostProcessQuality@3] File [D:/UE4/TKGames_TestRepo/TKG_Training/Saved/Config/Windows/Scalability.ini]
[2020.02.25-21.51.11:400][  0]LogConfig: Setting CVar [[r.MotionBlurQuality:4]]
[2020.02.25-21.51.11:400][  0]LogConfig: Setting CVar [[r.AmbientOcclusionMipLevelFactor:0.4]]
[2020.02.25-21.51.11:400][  0]LogConfig: Setting CVar [[r.AmbientOcclusionMaxQuality:100]]
[2020.02.25-21.51.11:400][  0]LogConfig: Setting CVar [[r.AmbientOcclusionLevels:-1]]
[2020.02.25-21.51.11:400][  0]LogConfig: Setting CVar [[r.AmbientOcclusionRadiusScale:1.0]]
[2020.02.25-21.51.11:400][  0]LogConfig: Setting CVar [[r.DepthOfFieldQuality:2]]
[2020.02.25-21.51.11:400][  0]LogConfig: Setting CVar [[r.RenderTargetPoolMin:400]]
[2020.02.25-21.51.11:400][  0]LogConfig: Setting CVar [[r.LensFlareQuality:2]]
[2020.02.25-21.51.11:400][  0]LogConfig: Setting CVar [[r.SceneColorFringeQuality:1]]
[2020.02.25-21.51.11:400][  0]LogConfig: Setting CVar [[r.EyeAdaptationQuality:2]]
[2020.02.25-21.51.11:400][  0]LogConfig: Setting CVar [[r.BloomQuality:5]]
[2020.02.25-21.51.11:400][  0]LogConfig: Setting CVar [[r.FastBlurThreshold:100]]
[2020.02.25-21.51.11:400][  0]LogConfig: Setting CVar [[r.Upscale.Quality:3]]
[2020.02.25-21.51.11:400][  0]LogConfig: Setting CVar [[r.Tonemapper.GrainQuantization:1]]
[2020.02.25-21.51.11:400][  0]LogConfig: Setting CVar [[r.LightShaftQuality:1]]
[2020.02.25-21.51.11:400][  0]LogConfig: Setting CVar [[r.Filter.SizeScale:1]]
[2020.02.25-21.51.11:400][  0]LogConfig: Setting CVar [[r.Tonemapper.Quality:5]]
[2020.02.25-21.51.11:400][  0]LogConfig: Setting CVar [[r.DOF.Gather.AccumulatorQuality:1        ; higher gathering accumulator quality]]
[2020.02.25-21.51.11:400][  0]LogConfig: Setting CVar [[r.DOF.Gather.PostfilterMethod:1          ; Median3x3 postfilering method]]
[2020.02.25-21.51.11:400][  0]LogConfig: Setting CVar [[r.DOF.Gather.EnableBokehSettings:0       ; no bokeh simulation when gathering]]
[2020.02.25-21.51.11:400][  0]LogConfig: Setting CVar [[r.DOF.Gather.RingCount:4                 ; medium number of samples when gathering]]
[2020.02.25-21.51.11:400][  0]LogConfig: Setting CVar [[r.DOF.Scatter.ForegroundCompositing:1    ; additive foreground scattering]]
[2020.02.25-21.51.11:400][  0]LogConfig: Setting CVar [[r.DOF.Scatter.BackgroundCompositing:2    ; additive background scattering]]
[2020.02.25-21.51.11:400][  0]LogConfig: Setting CVar [[r.DOF.Scatter.EnableBokehSettings:1      ; bokeh simulation when scattering]]
[2020.02.25-21.51.11:400][  0]LogConfig: Setting CVar [[r.DOF.Scatter.MaxSpriteRatio:0.1         ; only a maximum of 10% of scattered bokeh]]
[2020.02.25-21.51.11:400][  0]LogConfig: Setting CVar [[r.DOF.Recombine.Quality:1                ; cheap slight out of focus]]
[2020.02.25-21.51.11:400][  0]LogConfig: Setting CVar [[r.DOF.Recombine.EnableBokehSettings:0    ; no bokeh simulation on slight out of focus]]
[2020.02.25-21.51.11:401][  0]LogConfig: Setting CVar [[r.DOF.TemporalAAQuality:1                ; more stable temporal accumulation]]
[2020.02.25-21.51.11:401][  0]LogConfig: Setting CVar [[r.DOF.Kernel.MaxForegroundRadius:0.025]]
[2020.02.25-21.51.11:401][  0]LogConfig: Setting CVar [[r.DOF.Kernel.MaxBackgroundRadius:0.025]]
[2020.02.25-21.51.11:401][  0]LogConfig: Applying CVar settings from Section [TextureQuality@3] File [D:/UE4/TKGames_TestRepo/TKG_Training/Saved/Config/Windows/Scalability.ini]
[2020.02.25-21.51.11:401][  0]LogConfig: Setting CVar [[r.Streaming.MipBias:0]]
[2020.02.25-21.51.11:401][  0]LogConfig: Setting CVar [[r.Streaming.AmortizeCPUToGPUCopy:0]]
[2020.02.25-21.51.11:401][  0]LogConfig: Setting CVar [[r.Streaming.MaxNumTexturesToStreamPerFrame:0]]
[2020.02.25-21.51.11:401][  0]LogConfig: Setting CVar [[r.Streaming.Boost:1]]
[2020.02.25-21.51.11:401][  0]LogConfig: Setting CVar [[r.MaxAnisotropy:8]]
[2020.02.25-21.51.11:401][  0]LogConfig: Setting CVar [[r.VT.MaxAnisotropy:8]]
[2020.02.25-21.51.11:401][  0]LogConfig: Setting CVar [[r.Streaming.LimitPoolSizeToVRAM:0]]
[2020.02.25-21.51.11:401][  0]LogConfig: Setting CVar [[r.Streaming.PoolSize:1000]]
[2020.02.25-21.51.11:401][  0]LogConfig: Setting CVar [[r.Streaming.MaxEffectiveScreenSize:0]]
[2020.02.25-21.51.11:401][  0]LogConfig: Applying CVar settings from Section [EffectsQuality@3] File [D:/UE4/TKGames_TestRepo/TKG_Training/Saved/Config/Windows/Scalability.ini]
[2020.02.25-21.51.11:401][  0]LogConfig: Setting CVar [[r.TranslucencyLightingVolumeDim:64]]
[2020.02.25-21.51.11:401][  0]LogConfig: Setting CVar [[r.RefractionQuality:2]]
[2020.02.25-21.51.11:401][  0]LogConfig: Setting CVar [[r.SSR.Quality:3]]
[2020.02.25-21.51.11:401][  0]LogConfig: Setting CVar [[r.SSR.HalfResSceneColor:0]]
[2020.02.25-21.51.11:401][  0]LogConfig: Setting CVar [[r.SceneColorFormat:4]]
[2020.02.25-21.51.11:401][  0]LogConfig: Setting CVar [[r.DetailMode:2]]
[2020.02.25-21.51.11:401][  0]LogConfig: Setting CVar [[r.TranslucencyVolumeBlur:1]]
[2020.02.25-21.51.11:401][  0]LogConfig: Setting CVar [[r.MaterialQualityLevel:1 ; High quality]]
[2020.02.25-21.51.11:401][  0]LogConfig: Setting CVar [[r.SSS.Scale:1]]
[2020.02.25-21.51.11:401][  0]LogConfig: Setting CVar [[r.SSS.SampleSet:2]]
[2020.02.25-21.51.11:401][  0]LogConfig: Setting CVar [[r.SSS.Quality:1]]
[2020.02.25-21.51.11:401][  0]LogConfig: Setting CVar [[r.SSS.HalfRes:1]]
[2020.02.25-21.51.11:401][  0]LogConfig: Setting CVar [[r.SSGI.Quality:3]]
[2020.02.25-21.51.11:401][  0]LogConfig: Setting CVar [[r.EmitterSpawnRateScale:1.0]]
[2020.02.25-21.51.11:401][  0]LogConfig: Setting CVar [[r.ParticleLightQuality:2]]
[2020.02.25-21.51.11:401][  0]LogConfig: Setting CVar [[r.SkyAtmosphere.AerialPerspectiveLUT.FastApplyOnOpaque:1 ; Always have FastSkyLUT 1 in this case to avoid wrong sky]]
[2020.02.25-21.51.11:401][  0]LogConfig: Setting CVar [[r.SkyAtmosphere.AerialPerspectiveLUT.SampleCountPerSlice:1]]
[2020.02.25-21.51.11:401][  0]LogConfig: Setting CVar [[r.SkyAtmosphere.AerialPerspectiveLUT.DepthResolution:16.0]]
[2020.02.25-21.51.11:401][  0]LogConfig: Setting CVar [[r.SkyAtmosphere.FastSkyLUT:1]]
[2020.02.25-21.51.11:401][  0]LogConfig: Setting CVar [[r.SkyAtmosphere.FastSkyLUT.SampleCountMin:4.0]]
[2020.02.25-21.51.11:401][  0]LogConfig: Setting CVar [[r.SkyAtmosphere.FastSkyLUT.SampleCountMax:32.0]]
[2020.02.25-21.51.11:401][  0]LogConfig: Setting CVar [[r.SkyAtmosphere.SampleCountMin:4.0]]
[2020.02.25-21.51.11:401][  0]LogConfig: Setting CVar [[r.SkyAtmosphere.SampleCountMax:32.0]]
[2020.02.25-21.51.11:401][  0]LogConfig: Setting CVar [[r.SkyAtmosphere.TransmittanceLUT.UseSmallFormat:0]]
[2020.02.25-21.51.11:401][  0]LogConfig: Setting CVar [[r.SkyAtmosphere.TransmittanceLUT.SampleCount:10.0]]
[2020.02.25-21.51.11:401][  0]LogConfig: Setting CVar [[r.SkyAtmosphere.MultiScatteringLUT.SampleCount:15.0]]
[2020.02.25-21.51.11:401][  0]LogConfig: Applying CVar settings from Section [FoliageQuality@3] File [D:/UE4/TKGames_TestRepo/TKG_Training/Saved/Config/Windows/Scalability.ini]
[2020.02.25-21.51.11:401][  0]LogConfig: Setting CVar [[foliage.DensityScale:1.0]]
[2020.02.25-21.51.11:401][  0]LogConfig: Setting CVar [[grass.DensityScale:1.0]]
[2020.02.25-21.51.11:401][  0]LogConfig: Applying CVar settings from Section [ShadingQuality@3] File [D:/UE4/TKGames_TestRepo/TKG_Training/Saved/Config/Windows/Scalability.ini]
[2020.02.25-21.51.11:401][  0]LogConfig: Setting CVar [[r.HairStrands.SkyLighting.SampleCount:16]]
[2020.02.25-21.51.11:401][  0]LogConfig: Setting CVar [[r.HairStrands.SkyLighting.JitterIntegration:0]]
[2020.02.25-21.51.11:401][  0]LogConfig: Setting CVar [[r.HairStrands.SkyAO.SampleCount:16]]
[2020.02.25-21.51.11:401][  0]LogInit: Selected Device Profile: [Windows]
[2020.02.25-21.51.11:401][  0]LogInit: Applying CVar settings loaded from the selected device profile: [Windows]
[2020.02.25-21.51.11:404][  0]LogHAL: Display: Platform has ~ 8 GB [8497946624 / 8589934592 / 8], which maps to Default [LargestMinGB=32, LargerMinGB=12, DefaultMinGB=8, SmallerMinGB=6, SmallestMinGB=0)
[2020.02.25-21.51.11:405][  0]LogInit: Going up to parent DeviceProfile []
[2020.02.25-21.51.11:405][  0]LogConfig: Applying CVar settings from Section [ViewDistanceQuality@2] File [D:/UE4/TKGames_TestRepo/TKG_Training/Saved/Config/Windows/Scalability.ini]
[2020.02.25-21.51.11:405][  0]LogConfig: Setting CVar [[r.SkeletalMeshLODBias:0]]
[2020.02.25-21.51.11:405][  0]LogConfig: Setting CVar [[r.ViewDistanceScale:0.8]]
[2020.02.25-21.51.11:405][  0]LogConfig: Applying CVar settings from Section [AntiAliasingQuality@2] File [D:/UE4/TKGames_TestRepo/TKG_Training/Saved/Config/Windows/Scalability.ini]
[2020.02.25-21.51.11:405][  0]LogConfig: Setting CVar [[r.PostProcessAAQuality:3]]
[2020.02.25-21.51.11:405][  0]LogConfig: Applying CVar settings from Section [ShadowQuality@2] File [D:/UE4/TKGames_TestRepo/TKG_Training/Saved/Config/Windows/Scalability.ini]
[2020.02.25-21.51.11:405][  0]LogConfig: Setting CVar [[r.LightFunctionQuality:1]]
[2020.02.25-21.51.11:405][  0]LogConfig: Setting CVar [[r.ShadowQuality:5]]
[2020.02.25-21.51.11:405][  0]LogConfig: Setting CVar [[r.Shadow.CSM.MaxCascades:4]]
[2020.02.25-21.51.11:405][  0]LogConfig: Setting CVar [[r.Shadow.MaxResolution:1024]]
[2020.02.25-21.51.11:405][  0]LogConfig: Setting CVar [[r.Shadow.MaxCSMResolution:2048]]
[2020.02.25-21.51.11:405][  0]LogConfig: Setting CVar [[r.Shadow.RadiusThreshold:0.04]]
[2020.02.25-21.51.11:405][  0]LogConfig: Setting CVar [[r.Shadow.DistanceScale:0.85]]
[2020.02.25-21.51.11:405][  0]LogConfig: Setting CVar [[r.Shadow.CSM.TransitionScale:0.8]]
[2020.02.25-21.51.11:405][  0]LogConfig: Setting CVar [[r.Shadow.PreShadowResolutionFactor:0.5]]
[2020.02.25-21.51.11:405][  0]LogConfig: Setting CVar [[r.DistanceFieldShadowing:1]]
[2020.02.25-21.51.11:405][  0]LogConfig: Setting CVar [[r.DistanceFieldAO:1]]
[2020.02.25-21.51.11:405][  0]LogConfig: Setting CVar [[r.AOQuality:1]]
[2020.02.25-21.51.11:405][  0]LogConfig: Setting CVar [[r.VolumetricFog:1]]
[2020.02.25-21.51.11:405][  0]LogConfig: Setting CVar [[r.VolumetricFog.GridPixelSize:16]]
[2020.02.25-21.51.11:405][  0]LogConfig: Setting CVar [[r.VolumetricFog.GridSizeZ:64]]
[2020.02.25-21.51.11:405][  0]LogConfig: Setting CVar [[r.VolumetricFog.HistoryMissSupersampleCount:4]]
[2020.02.25-21.51.11:405][  0]LogConfig: Setting CVar [[r.LightMaxDrawDistanceScale:1]]
[2020.02.25-21.51.11:405][  0]LogConfig: Setting CVar [[r.CapsuleShadows:1]]
[2020.02.25-21.51.11:405][  0]LogConfig: Applying CVar settings from Section [PostProcessQuality@2] File [D:/UE4/TKGames_TestRepo/TKG_Training/Saved/Config/Windows/Scalability.ini]
[2020.02.25-21.51.11:405][  0]LogConfig: Setting CVar [[r.MotionBlurQuality:3]]
[2020.02.25-21.51.11:405][  0]LogConfig: Setting CVar [[r.AmbientOcclusionMipLevelFactor:0.6]]
[2020.02.25-21.51.11:405][  0]LogConfig: Setting CVar [[r.AmbientOcclusionMaxQuality:100]]
[2020.02.25-21.51.11:405][  0]LogConfig: Setting CVar [[r.AmbientOcclusionLevels:-1]]
[2020.02.25-21.51.11:405][  0]LogConfig: Setting CVar [[r.AmbientOcclusionRadiusScale:1.5]]
[2020.02.25-21.51.11:405][  0]LogConfig: Setting CVar [[r.DepthOfFieldQuality:2]]
[2020.02.25-21.51.11:405][  0]LogConfig: Setting CVar [[r.RenderTargetPoolMin:400]]
[2020.02.25-21.51.11:405][  0]LogConfig: Setting CVar [[r.LensFlareQuality:2]]
[2020.02.25-21.51.11:405][  0]LogConfig: Setting CVar [[r.SceneColorFringeQuality:1]]
[2020.02.25-21.51.11:405][  0]LogConfig: Setting CVar [[r.EyeAdaptationQuality:2]]
[2020.02.25-21.51.11:405][  0]LogConfig: Setting CVar [[r.BloomQuality:5]]
[2020.02.25-21.51.11:405][  0]LogConfig: Setting CVar [[r.FastBlurThreshold:3]]
[2020.02.25-21.51.11:405][  0]LogConfig: Setting CVar [[r.Upscale.Quality:2]]
[2020.02.25-21.51.11:405][  0]LogConfig: Setting CVar [[r.Tonemapper.GrainQuantization:1]]
[2020.02.25-21.51.11:405][  0]LogConfig: Setting CVar [[r.LightShaftQuality:1]]
[2020.02.25-21.51.11:405][  0]LogConfig: Setting CVar [[r.Filter.SizeScale:0.8]]
[2020.02.25-21.51.11:405][  0]LogConfig: Setting CVar [[r.Tonemapper.Quality:5]]
[2020.02.25-21.51.11:405][  0]LogConfig: Setting CVar [[r.DOF.Gather.AccumulatorQuality:0        ; lower gathering accumulator quality]]
[2020.02.25-21.51.11:405][  0]LogConfig: Setting CVar [[r.DOF.Gather.PostfilterMethod:2          ; Max3x3 postfilering method]]
[2020.02.25-21.51.11:405][  0]LogConfig: Setting CVar [[r.DOF.Gather.EnableBokehSettings:0       ; no bokeh simulation when gathering]]
[2020.02.25-21.51.11:405][  0]LogConfig: Setting CVar [[r.DOF.Gather.RingCount:4                 ; medium number of samples when gathering]]
[2020.02.25-21.51.11:405][  0]LogConfig: Setting CVar [[r.DOF.Scatter.ForegroundCompositing:1    ; additive foreground scattering]]
[2020.02.25-21.51.11:405][  0]LogConfig: Setting CVar [[r.DOF.Scatter.BackgroundCompositing:1    ; no background occlusion]]
[2020.02.25-21.51.11:405][  0]LogConfig: Setting CVar [[r.DOF.Scatter.EnableBokehSettings:0      ; no bokeh simulation when scattering]]
[2020.02.25-21.51.11:405][  0]LogConfig: Setting CVar [[r.DOF.Scatter.MaxSpriteRatio:0.04        ; only a maximum of 4% of scattered bokeh]]
[2020.02.25-21.51.11:405][  0]LogConfig: Setting CVar [[r.DOF.Recombine.Quality:0                ; no slight out of focus]]
[2020.02.25-21.51.11:405][  0]LogConfig: Setting CVar [[r.DOF.TemporalAAQuality:0                ; faster temporal accumulation]]
[2020.02.25-21.51.11:405][  0]LogConfig: Setting CVar [[r.DOF.Kernel.MaxForegroundRadius:0.012   ; required because of AccumulatorQuality=0]]
[2020.02.25-21.51.11:405][  0]LogConfig: Setting CVar [[r.DOF.Kernel.MaxBackgroundRadius:0.012   ; required because of AccumulatorQuality=0]]
[2020.02.25-21.51.11:405][  0]LogConfig: Applying CVar settings from Section [TextureQuality@2] File [D:/UE4/TKGames_TestRepo/TKG_Training/Saved/Config/Windows/Scalability.ini]
[2020.02.25-21.51.11:405][  0]LogConfig: Setting CVar [[r.Streaming.MipBias:0]]
[2020.02.25-21.51.11:405][  0]LogConfig: Setting CVar [[r.Streaming.AmortizeCPUToGPUCopy:0]]
[2020.02.25-21.51.11:405][  0]LogConfig: Setting CVar [[r.Streaming.MaxNumTexturesToStreamPerFrame:0]]
[2020.02.25-21.51.11:405][  0]LogConfig: Setting CVar [[r.Streaming.Boost:1]]
[2020.02.25-21.51.11:406][  0]LogConfig: Setting CVar [[r.MaxAnisotropy:4]]
[2020.02.25-21.51.11:406][  0]LogConfig: Setting CVar [[r.VT.MaxAnisotropy:8]]
[2020.02.25-21.51.11:406][  0]LogConfig: Setting CVar [[r.Streaming.LimitPoolSizeToVRAM:1]]
[2020.02.25-21.51.11:406][  0]LogConfig: Setting CVar [[r.Streaming.PoolSize:800]]
[2020.02.25-21.51.11:406][  0]LogConfig: Setting CVar [[r.Streaming.MaxEffectiveScreenSize:0]]
[2020.02.25-21.51.11:406][  0]LogConfig: Applying CVar settings from Section [EffectsQuality@2] File [D:/UE4/TKGames_TestRepo/TKG_Training/Saved/Config/Windows/Scalability.ini]
[2020.02.25-21.51.11:406][  0]LogConfig: Setting CVar [[r.TranslucencyLightingVolumeDim:48]]
[2020.02.25-21.51.11:406][  0]LogConfig: Setting CVar [[r.RefractionQuality:2]]
[2020.02.25-21.51.11:406][  0]LogConfig: Setting CVar [[r.SSR.Quality:2]]
[2020.02.25-21.51.11:406][  0]LogConfig: Setting CVar [[r.SSR.HalfResSceneColor:1]]
[2020.02.25-21.51.11:406][  0]LogConfig: Setting CVar [[r.SceneColorFormat:3]]
[2020.02.25-21.51.11:406][  0]LogConfig: Setting CVar [[r.DetailMode:1]]
[2020.02.25-21.51.11:406][  0]LogConfig: Setting CVar [[r.TranslucencyVolumeBlur:1]]
[2020.02.25-21.51.11:406][  0]LogConfig: Setting CVar [[r.MaterialQualityLevel:1 ; High quality]]
[2020.02.25-21.51.11:406][  0]LogConfig: Setting CVar [[r.SSS.Scale:1]]
[2020.02.25-21.51.11:406][  0]LogConfig: Setting CVar [[r.SSS.SampleSet:1]]
[2020.02.25-21.51.11:406][  0]LogConfig: Setting CVar [[r.SSS.Quality:-1]]
[2020.02.25-21.51.11:406][  0]LogConfig: Setting CVar [[r.SSS.HalfRes:1]]
[2020.02.25-21.51.11:406][  0]LogConfig: Setting CVar [[r.SSGI.Quality:2]]
[2020.02.25-21.51.11:406][  0]LogConfig: Setting CVar [[r.EmitterSpawnRateScale:0.5]]
[2020.02.25-21.51.11:406][  0]LogConfig: Setting CVar [[r.ParticleLightQuality:1]]
[2020.02.25-21.51.11:406][  0]LogConfig: Setting CVar [[r.SkyAtmosphere.AerialPerspectiveLUT.FastApplyOnOpaque:1 ; Always have FastSkyLUT 1 in this case to avoid wrong sky]]
[2020.02.25-21.51.11:406][  0]LogConfig: Setting CVar [[r.SkyAtmosphere.AerialPerspectiveLUT.SampleCountPerSlice:1]]
[2020.02.25-21.51.11:406][  0]LogConfig: Setting CVar [[r.SkyAtmosphere.AerialPerspectiveLUT.DepthResolution:16.0]]
[2020.02.25-21.51.11:406][  0]LogConfig: Setting CVar [[r.SkyAtmosphere.FastSkyLUT:1]]
[2020.02.25-21.51.11:406][  0]LogConfig: Setting CVar [[r.SkyAtmosphere.FastSkyLUT.SampleCountMin:4.0]]
[2020.02.25-21.51.11:406][  0]LogConfig: Setting CVar [[r.SkyAtmosphere.FastSkyLUT.SampleCountMax:32.0]]
[2020.02.25-21.51.11:406][  0]LogConfig: Setting CVar [[r.SkyAtmosphere.SampleCountMin:4.0]]
[2020.02.25-21.51.11:406][  0]LogConfig: Setting CVar [[r.SkyAtmosphere.SampleCountMax:32.0]]
[2020.02.25-21.51.11:406][  0]LogConfig: Setting CVar [[r.SkyAtmosphere.TransmittanceLUT.UseSmallFormat:0]]
[2020.02.25-21.51.11:406][  0]LogConfig: Setting CVar [[r.SkyAtmosphere.TransmittanceLUT.SampleCount:10.0]]
[2020.02.25-21.51.11:406][  0]LogConfig: Setting CVar [[r.SkyAtmosphere.MultiScatteringLUT.SampleCount:15.0]]
[2020.02.25-21.51.11:406][  0]LogConfig: Applying CVar settings from Section [FoliageQuality@2] File [D:/UE4/TKGames_TestRepo/TKG_Training/Saved/Config/Windows/Scalability.ini]
[2020.02.25-21.51.11:406][  0]LogConfig: Setting CVar [[foliage.DensityScale:0.8]]
[2020.02.25-21.51.11:406][  0]LogConfig: Setting CVar [[grass.DensityScale:0.8]]
[2020.02.25-21.51.11:406][  0]LogConfig: Applying CVar settings from Section [ShadingQuality@3] File [D:/UE4/TKGames_TestRepo/TKG_Training/Saved/Config/Windows/Scalability.ini]
[2020.02.25-21.51.11:406][  0]LogConfig: Setting CVar [[r.HairStrands.SkyLighting.SampleCount:16]]
[2020.02.25-21.51.11:406][  0]LogConfig: Setting CVar [[r.HairStrands.SkyLighting.JitterIntegration:0]]
[2020.02.25-21.51.11:406][  0]LogConfig: Setting CVar [[r.HairStrands.SkyAO.SampleCount:16]]
[2020.02.25-21.51.11:406][  0]LogConfig: Applying CVar settings from Section [Startup] File [../../../Engine/Config/ConsoleVariables.ini]
[2020.02.25-21.51.11:406][  0]LogConfig: Setting CVar [[net.UseAdaptiveNetUpdateFrequency:0]]
[2020.02.25-21.51.11:406][  0]LogConfig: Setting CVar [[p.chaos.AllowCreatePhysxBodies:1]]
[2020.02.25-21.51.11:406][  0]LogConfig: Applying CVar settings from Section [ConsoleVariables] File [D:/UE4/TKGames_TestRepo/TKG_Training/Saved/Config/Windows/Engine.ini]
[2020.02.25-21.51.11:407][  0]LogInit: Computer: DESKTOP-D3182AT
[2020.02.25-21.51.11:407][  0]LogInit: User: Klaudia
[2020.02.25-21.51.11:407][  0]LogInit: CPU Page size=4096, Cores=4
[2020.02.25-21.51.11:407][  0]LogInit: High frequency timer resolution =10.000000 MHz
[2020.02.25-21.51.11:407][  0]LogMemory: Memory total: Physical=7.9GB (8GB approx)
[2020.02.25-21.51.11:407][  0]LogMemory: Platform Memory Stats for Windows
[2020.02.25-21.51.11:407][  0]LogMemory: Process Physical Memory: 104.78 MB used, 104.78 MB peak
[2020.02.25-21.51.11:407][  0]LogMemory: Process Virtual Memory: 100.59 MB used, 100.59 MB peak
[2020.02.25-21.51.11:407][  0]LogMemory: Physical Memory: 3691.88 MB used,  4412.39 MB free, 8104.27 MB total
[2020.02.25-21.51.11:407][  0]LogMemory: Virtual Memory: 5152.04 MB used,  134212576.00 MB free, 134217728.00 MB total
[2020.02.25-21.51.11:411][  0]LogWindows: WindowsPlatformFeatures enabled
[2020.02.25-21.51.11:433][  0]LogInit: Using OS detected language (pl-PL).
[2020.02.25-21.51.11:433][  0]LogInit: Using OS detected locale (pl-PL).
[2020.02.25-21.51.11:434][  0]LogTextLocalizationManager: No specific localization for 'pl-PL' exists, so the 'pl' localization will be used.
[2020.02.25-21.51.11:435][  0]LogTextLocalizationResource: LocRes '../../../Engine/Content/Localization/Editor/pl/Editor.locres' could not be opened for reading!
[2020.02.25-21.51.11:435][  0]LogTextLocalizationResource: LocRes '../../../Engine/Content/Localization/EditorTutorials/pl/EditorTutorials.locres' could not be opened for reading!
[2020.02.25-21.51.11:435][  0]LogTextLocalizationResource: LocRes '../../../Engine/Content/Localization/Keywords/pl/Keywords.locres' could not be opened for reading!
[2020.02.25-21.51.11:435][  0]LogTextLocalizationResource: LocRes '../../../Engine/Content/Localization/Category/pl/Category.locres' could not be opened for reading!
[2020.02.25-21.51.11:435][  0]LogTextLocalizationResource: LocRes '../../../Engine/Content/Localization/ToolTips/pl/ToolTips.locres' could not be opened for reading!
[2020.02.25-21.51.11:435][  0]LogTextLocalizationResource: LocRes '../../../Engine/Content/Localization/PropertyNames/pl/PropertyNames.locres' could not be opened for reading!
[2020.02.25-21.51.11:435][  0]LogTextLocalizationResource: LocRes '../../../Engine/Content/Localization/Engine/pl/Engine.locres' could not be opened for reading!
[2020.02.25-21.51.11:436][  0]LogInit: Setting process to per monitor DPI aware
[2020.02.25-21.51.11:491][  0]LogSlate: New Slate User Created.  User Index 0, Is Virtual User: 0
[2020.02.25-21.51.11:491][  0]LogSlate: Slate User Registered.  User Index 0, Is Virtual User: 0
[2020.02.25-21.51.11:706][  0]LogHMD: Failed to initialize OpenVR with code 110
[2020.02.25-21.51.11:706][  0]LogD3D11RHI: D3D11 min allowed feature level: 11_0
[2020.02.25-21.51.11:706][  0]LogD3D11RHI: D3D11 max allowed feature level: 11_0
[2020.02.25-21.51.11:706][  0]LogD3D11RHI: D3D11 adapters:
[2020.02.25-21.51.11:743][  0]LogD3D11RHI:    0. 'NVIDIA GeForce GTX 960M' (Feature Level 11_0)
[2020.02.25-21.51.11:743][  0]LogD3D11RHI:       4064/0/4052 MB DedicatedVideo/DedicatedSystem/SharedSystem, Outputs:2, VendorId:0x10de
[2020.02.25-21.51.11:751][  0]LogD3D11RHI:    1. 'Intel(R) HD Graphics 4600' (Feature Level 11_0)
[2020.02.25-21.51.11:751][  0]LogD3D11RHI:       112/0/2048 MB DedicatedVideo/DedicatedSystem/SharedSystem, Outputs:0, VendorId:0x8086
[2020.02.25-21.51.11:754][  0]LogD3D11RHI:    2. 'Microsoft Basic Render Driver' (Feature Level 11_0)
[2020.02.25-21.51.11:754][  0]LogD3D11RHI:       0/0/4052 MB DedicatedVideo/DedicatedSystem/SharedSystem, Outputs:0, VendorId:0x1414
[2020.02.25-21.51.11:754][  0]LogD3D11RHI: Chosen D3D11 Adapter: 0
[2020.02.25-21.51.11:780][  0]LogD3D11RHI: Creating new Direct3DDevice
[2020.02.25-21.51.11:780][  0]LogD3D11RHI:     GPU DeviceId: 0x139b (for the marketing name, search the web for "GPU Device Id")
[2020.02.25-21.51.11:780][  0]LogWindows: EnumDisplayDevices:
[2020.02.25-21.51.11:781][  0]LogWindows:    0. 'Intel(R) HD Graphics 4600' (P:1 D:1)
[2020.02.25-21.51.11:781][  0]LogWindows:    1. 'Intel(R) HD Graphics 4600' (P:0 D:1)
[2020.02.25-21.51.11:782][  0]LogWindows:    2. 'Intel(R) HD Graphics 4600' (P:0 D:0)
[2020.02.25-21.51.11:783][  0]LogWindows: DebugString: PrimaryIsNotTheChoosenAdapter PrimaryIsNotTheChoosenAdapter PrimaryIsNotTheChoosenAdapter FoundDriverCount:0 
[2020.02.25-21.51.11:783][  0]LogD3D11RHI:     Adapter Name: NVIDIA GeForce GTX 960M
[2020.02.25-21.51.11:783][  0]LogD3D11RHI:   Driver Version: Unknown (internal:Unknown, unified:Unknown)
[2020.02.25-21.51.11:783][  0]LogD3D11RHI:      Driver Date: Unknown
[2020.02.25-21.51.11:783][  0]LogRHI: Texture pool is 2845 MB (70% of 4064 MB)
[2020.02.25-21.51.11:807][  0]LogD3D11RHI: RHI does not have support for 64 bit atomics
[2020.02.25-21.51.11:808][  0]LogD3D11RHI: Async texture creation enabled
[2020.02.25-21.51.11:822][  0]LogD3D11RHI: GPU Timing Frequency: 1000.000000 (Debug: 2 1)
[2020.02.25-21.51.12:283][  0]LogTargetPlatformManager: Display: Loaded TargetPlatform 'AllDesktop'
[2020.02.25-21.51.12:324][  0]LogTargetPlatformManager: Display: Loaded TargetPlatform 'Android'
[2020.02.25-21.51.12:325][  0]LogTargetPlatformManager: Display: Loaded TargetPlatform 'Android_ASTC'
[2020.02.25-21.51.12:325][  0]LogTargetPlatformManager: Display: Loaded TargetPlatform 'Android_ATC'
[2020.02.25-21.51.12:325][  0]LogTargetPlatformManager: Display: Loaded TargetPlatform 'Android_DXT'
[2020.02.25-21.51.12:325][  0]LogTargetPlatformManager: Display: Loaded TargetPlatform 'Android_ETC1'
[2020.02.25-21.51.12:325][  0]LogTargetPlatformManager: Display: Loaded TargetPlatform 'Android_ETC1a'
[2020.02.25-21.51.12:325][  0]LogTargetPlatformManager: Display: Loaded TargetPlatform 'Android_ETC2'
[2020.02.25-21.51.12:325][  0]LogTargetPlatformManager: Display: Loaded TargetPlatform 'Android_PVRTC'
[2020.02.25-21.51.12:325][  0]LogTargetPlatformManager: Display: Loaded TargetPlatform 'AndroidClient'
[2020.02.25-21.51.12:325][  0]LogTargetPlatformManager: Display: Loaded TargetPlatform 'Android_ASTCClient'
[2020.02.25-21.51.12:325][  0]LogTargetPlatformManager: Display: Loaded TargetPlatform 'Android_ATCClient'
[2020.02.25-21.51.12:325][  0]LogTargetPlatformManager: Display: Loaded TargetPlatform 'Android_DXTClient'
[2020.02.25-21.51.12:325][  0]LogTargetPlatformManager: Display: Loaded TargetPlatform 'Android_ETC1Client'
[2020.02.25-21.51.12:325][  0]LogTargetPlatformManager: Display: Loaded TargetPlatform 'Android_ETC1aClient'
[2020.02.25-21.51.12:325][  0]LogTargetPlatformManager: Display: Loaded TargetPlatform 'Android_ETC2Client'
[2020.02.25-21.51.12:325][  0]LogTargetPlatformManager: Display: Loaded TargetPlatform 'Android_PVRTCClient'
[2020.02.25-21.51.12:325][  0]LogTargetPlatformManager: Display: Loaded TargetPlatform 'Android_Multi'
[2020.02.25-21.51.12:325][  0]LogTargetPlatformManager: Display: Loaded TargetPlatform 'Android_MultiClient'
[2020.02.25-21.51.12:348][  0]LogTargetPlatformManager: Display: Loaded TargetPlatform 'IOSClient'
[2020.02.25-21.51.12:348][  0]LogTargetPlatformManager: Display: Loaded TargetPlatform 'IOS'
[2020.02.25-21.51.12:360][  0]LogTargetPlatformManager: Display: Loaded TargetPlatform 'LinuxNoEditor'
[2020.02.25-21.51.12:369][  0]LogTargetPlatformManager: Display: Loaded TargetPlatform 'LinuxClient'
[2020.02.25-21.51.12:378][  0]LogTargetPlatformManager: Display: Loaded TargetPlatform 'LinuxServer'
[2020.02.25-21.51.12:387][  0]LogTargetPlatformManager: Display: Loaded TargetPlatform 'LinuxAArch64NoEditor'
[2020.02.25-21.51.12:396][  0]LogTargetPlatformManager: Display: Loaded TargetPlatform 'LinuxAArch64Client'
[2020.02.25-21.51.12:405][  0]LogTargetPlatformManager: Display: Loaded TargetPlatform 'LinuxAArch64Server'
[2020.02.25-21.51.12:436][  0]LogTargetPlatformManager: Display: Loaded TargetPlatform 'Lumin'
[2020.02.25-21.51.12:436][  0]LogTargetPlatformManager: Display: Loaded TargetPlatform 'LuminClient'
[2020.02.25-21.51.12:452][  0]LogTargetPlatformManager: Display: Loaded TargetPlatform 'TVOSClient'
[2020.02.25-21.51.12:452][  0]LogTargetPlatformManager: Display: Loaded TargetPlatform 'TVOS'
[2020.02.25-21.51.12:462][  0]LogTargetPlatformManager: Display: Loaded TargetPlatform 'WindowsNoEditor'
[2020.02.25-21.51.12:471][  0]LogTargetPlatformManager: Display: Loaded TargetPlatform 'Windows'
[2020.02.25-21.51.12:480][  0]LogTargetPlatformManager: Display: Loaded TargetPlatform 'WindowsClient'
[2020.02.25-21.51.12:489][  0]LogTargetPlatformManager: Display: Loaded TargetPlatform 'WindowsServer'
[2020.02.25-21.51.12:489][  0]LogTargetPlatformManager: Display: Building Assets For Windows
[2020.02.25-21.51.12:493][  0]LogAudioDebug: Display: Lib vorbis DLL was dynamically loaded.
[2020.02.25-21.51.12:517][  0]LogShaderCompilers: Guid format shader working directory is 23 characters bigger than the processId version (../../../../TKGames_TestRepo/TKG_Training/Intermediate/Shaders/WorkingDirectory/4764/).
[2020.02.25-21.51.12:517][  0]LogShaderCompilers: Cleaned the shader compiler working directory 'C:/Users/Klaudia.DESKTOP-D3182AT/AppData/Local/Temp/UnrealShaderWorkingDir/F8A58BB14BE743752D05F6B50668CC5C/'.
[2020.02.25-21.51.12:518][  0]LogXGEController: Cleaning working directory: C:/Users/Klaudia.DESKTOP-D3182AT/AppData/Local/Temp/UnrealXGEWorkingDir/
[2020.02.25-21.51.12:518][  0]LogXGEController: Cannot use XGE Controller as Incredibuild is not installed on this machine.
[2020.02.25-21.51.12:518][  0]LogShaderCompilers: Cannot use XGE Shader Compiler as Incredibuild is not installed on this machine.
[2020.02.25-21.51.12:518][  0]LogShaderCompilers: Display: Using Local Shader Compiler.
[2020.02.25-21.51.13:515][  0]LogDerivedDataCache: Display: Max Cache Size: 512 MB
[2020.02.25-21.51.13:584][  0]LogDerivedDataCache: Loaded boot cache 0.07s 78MB C:/Users/Klaudia.DESKTOP-D3182AT/AppData/Local/UnrealEngine/4.24/DerivedDataCache/Boot.ddc.
[2020.02.25-21.51.13:584][  0]LogDerivedDataCache: Display: Loaded Boot cache: C:/Users/Klaudia.DESKTOP-D3182AT/AppData/Local/UnrealEngine/4.24/DerivedDataCache/Boot.ddc
[2020.02.25-21.51.13:584][  0]LogDerivedDataCache: FDerivedDataBackendGraph:  Pak pak cache file ../../../../TKGames_TestRepo/TKG_Training/DerivedDataCache/DDC.ddp not found, will not use a pak cache.
[2020.02.25-21.51.13:584][  0]LogDerivedDataCache: Unable to find inner node Pak for hierarchical cache Hierarchy.
[2020.02.25-21.51.13:584][  0]LogDerivedDataCache: FDerivedDataBackendGraph:  CompressedPak pak cache file ../../../../TKGames_TestRepo/TKG_Training/DerivedDataCache/Compressed.ddp not found, will not use a pak cache.
[2020.02.25-21.51.13:584][  0]LogDerivedDataCache: Unable to find inner node CompressedPak for hierarchical cache Hierarchy.
[2020.02.25-21.51.13:598][  0]LogDerivedDataCache: Display: Pak cache opened for reading ../../../Engine/DerivedDataCache/Compressed.ddp.
[2020.02.25-21.51.13:598][  0]LogDerivedDataCache: FDerivedDataBackendGraph:  EnterprisePak pak cache file ../../../Enterprise/DerivedDataCache/Compressed.ddp not found, will not use a pak cache.
[2020.02.25-21.51.13:598][  0]LogDerivedDataCache: Unable to find inner node EnterprisePak for hierarchical cache Hierarchy.
[2020.02.25-21.51.13:600][  0]LogDerivedDataCache: Using Local data cache path C:/Users/Klaudia.DESKTOP-D3182AT/AppData/Local/UnrealEngine/Common/DerivedDataCache: Writable
[2020.02.25-21.51.13:600][  0]LogDerivedDataCache: Shared data cache path not found in *engine.ini, will not use an Shared cache.
[2020.02.25-21.51.13:600][  0]LogDerivedDataCache: Unable to find inner node Shared for hierarchical cache Hierarchy.
[2020.02.25-21.51.13:634][  0]LogMaterial: Verifying Global Shaders for PCD3D_SM5
[2020.02.25-21.51.13:637][  0]LogSlate: Using FreeType 2.10.0
[2020.02.25-21.51.13:638][  0]LogSlate: SlateFontServices - WITH_FREETYPE: 1, WITH_HARFBUZZ: 1
[2020.02.25-21.51.13:706][  0]LogAssetRegistry: FAssetRegistry took 0.0030 seconds to start up
[2020.02.25-21.51.14:080][  0]LogInit: Selected Device Profile: [Windows]
[2020.02.25-21.51.14:286][  0]LogMeshReduction: Using QuadricMeshReduction for automatic static mesh reduction
[2020.02.25-21.51.14:286][  0]LogMeshReduction: Using SimplygonMeshReduction for automatic skeletal mesh reduction
[2020.02.25-21.51.14:286][  0]LogMeshReduction: Using ProxyLODMeshReduction for automatic mesh merging
[2020.02.25-21.51.14:286][  0]LogMeshReduction: No distributed automatic mesh merging module available
[2020.02.25-21.51.14:286][  0]LogMeshMerging: No distributed automatic mesh merging module available
[2020.02.25-21.51.14:311][  0]LogNetVersion: TKG_Training 1.0.0, NetCL: 10570792, EngineNetVer: 13, GameNetVer: 0 (Checksum: 2082798636)
[2020.02.25-21.51.15:668][  0]LogPackageLocalizationCache: Processed 10 localized package path(s) for 1 prioritized culture(s) in 0.059045 seconds
[2020.02.25-21.51.15:677][  0]LogUObjectArray: 46750 objects as part of root set at end of initial load.
[2020.02.25-21.51.15:677][  0]LogUObjectAllocator: 8137160 out of 0 bytes used by permanent object pool.
[2020.02.25-21.51.15:677][  0]LogUObjectArray: CloseDisregardForGC: 0/0 objects in disregard for GC pool
[2020.02.25-21.51.16:186][  0]LogSubstanceCoreModule: Substance [CPU] Engine Loaded, Max Texture Size = 2048
[2020.02.25-21.51.16:191][  0]LogTcpMessaging: Initializing TcpMessaging bridge
[2020.02.25-21.51.16:194][  0]LogUdpMessaging: Initializing bridge on interface 0.0.0.0:0 to multicast group 230.0.0.1:6666.
[2020.02.25-21.51.16:252][  0]SourceControl: Source control is disabled
[2020.02.25-21.51.16:252][  0]SourceControl: Source control is disabled
[2020.02.25-21.51.16:254][  0]SourceControl: Source control is disabled
[2020.02.25-21.51.16:255][  0]SourceControl: Source control is disabled
[2020.02.25-21.51.16:256][  0]SourceControl: Source control is disabled
[2020.02.25-21.51.16:348][  0]LogAndroidPermission: UAndroidPermissionCallbackProxy::GetInstance
[2020.02.25-21.51.16:361][  0]LogAudioCaptureCore: Display: No Audio Capture implementations found. Audio input will be silent.
[2020.02.25-21.51.16:361][  0]LogAudioCaptureCore: Display: No Audio Capture implementations found. Audio input will be silent.
[2020.02.25-21.51.16:469][  0]LogOcInput: OculusInput pre-init called
[2020.02.25-21.51.16:476][  0]LogWindows: Failed to load 'OVRPlugin.dll' (GetLastError=126)
[2020.02.25-21.51.16:476][  0]LogWindows: File 'OVRPlugin.dll' does not exist
[2020.02.25-21.51.16:653][  0]LogEngine: Initializing Engine...
[2020.02.25-21.51.16:655][  0]LogHMD: Failed to initialize OpenVR with code 110
[2020.02.25-21.51.16:656][  0]LogStats: UGameplayTagsManager::InitializeManager -  0.000 s
[2020.02.25-21.51.17:110][  0]LogInit: Initializing FReadOnlyCVARCache
[2020.02.25-21.51.17:118][  0]LogAIModule: Creating AISystem for world Untitled
[2020.02.25-21.51.17:142][  0]LogAudioMixer: Display: Audio Mixer Platform Settings:
[2020.02.25-21.51.17:142][  0]LogAudioMixer: Display: 	Sample Rate:						  48000
[2020.02.25-21.51.17:142][  0]LogAudioMixer: Display: 	Callback Buffer Frame Size Requested: 1024
[2020.02.25-21.51.17:142][  0]LogAudioMixer: Display: 	Callback Buffer Frame Size To Use:	  1024
[2020.02.25-21.51.17:142][  0]LogAudioMixer: Display: 	Number of buffers to queue:			  2
[2020.02.25-21.51.17:142][  0]LogAudioMixer: Display: 	Max Channels (voices):				  32
[2020.02.25-21.51.17:142][  0]LogAudioMixer: Display: 	Number of Async Source Workers:		  0
[2020.02.25-21.51.17:142][  0]LogAudio: Display: AudioDevice MaxSources: 32
[2020.02.25-21.51.17:143][  0]LogAudio: Display: Using built-in audio occlusion.
[2020.02.25-21.51.17:143][  0]LogAudioMixer: Display: Initializing audio mixer.
[2020.02.25-21.51.17:210][  0]LogAudioMixer: Display: Audio Device Output Speaker Info:
[2020.02.25-21.51.17:210][  0]LogAudioMixer: Display: Name: Głośniki (Realtek High Definition Audio)
[2020.02.25-21.51.17:210][  0]LogAudioMixer: Display: Is Default: Yes
[2020.02.25-21.51.17:210][  0]LogAudioMixer: Display: Sample Rate: 48000
[2020.02.25-21.51.17:210][  0]LogAudioMixer: Display: Channel Count Used: 2
[2020.02.25-21.51.17:210][  0]LogAudioMixer: Display: Device Channel Count: 2
[2020.02.25-21.51.17:210][  0]LogAudioMixer: Display: Channel Order:
[2020.02.25-21.51.17:210][  0]LogAudioMixer: Display: 0: FrontLeft
[2020.02.25-21.51.17:210][  0]LogAudioMixer: Display: 1: FrontRight
[2020.02.25-21.51.17:315][  0]LogAudioMixer: Display: Using Audio Device Głośniki (Realtek High Definition Audio)
[2020.02.25-21.51.17:323][  0]LogInit: FAudioDevice initialized.
[2020.02.25-21.51.17:323][  0]LogNetVersion: Set ProjectVersion to 1.0.0.0. Version Checksum will be recalculated on next use.
[2020.02.25-21.51.17:420][  0]LogDerivedDataCache: Saved boot cache 0.10s 78MB C:/Users/Klaudia.DESKTOP-D3182AT/AppData/Local/UnrealEngine/4.24/DerivedDataCache/Boot.ddc.
[2020.02.25-21.51.17:427][  0]LogInit: Texture streaming: Enabled
[2020.02.25-21.51.17:446][  0]LogEngineSessionManager: EngineSessionManager initialized
[2020.02.25-21.51.17:446][  0]LogEngineSessionManager: EngineSessionManager sent abnormal shutdown report. Type=Crashed, SessionId={3BBEA95A-47FA-F884-3564-5A9D22C4DA1A}
[2020.02.25-21.51.17:446][  0]LogEditorSessionSummary: Verbose: Initializing EditorSessionSummaryWriter for editor session tracking
[2020.02.25-21.51.17:459][  0]LogEditorSessionSummary: EditorSessionSummaryWriter initialized
[2020.02.25-21.51.17:549][  0]LogInit: Transaction tracking system initialized
[2020.02.25-21.51.17:562][  0]BlueprintLog: New page: Editor Load
[2020.02.25-21.51.17:594][  0]LocalizationService: Localization service is disabled
[2020.02.25-21.51.17:956][  0]LogCook: Display: Max memory allowance for cook 16384mb min free memory 0mb
[2020.02.25-21.51.17:956][  0]LogCook: Display: Mobile HDR setting 1
[2020.02.25-21.51.18:057][  0]LogFileCache: Scanning file cache for directory 'D:/UE4/TKGames_TestRepo/TKG_Training/Content/' took 0.01s
[2020.02.25-21.51.18:940][  0]SourceControl: Source control is disabled
[2020.02.25-21.51.18:940][  0]Cmd: MAP LOAD FILE="../../../../TKGames_TestRepo/TKG_Training/Content/ThirdPersonBP/Maps/ThirdPersonExampleMap.umap" TEMPLATE=0 SHOWPROGRESS=1 FEATURELEVEL=3
[2020.02.25-21.51.18:941][  0]LightingResults: New page: Lighting Build
[2020.02.25-21.51.18:942][  0]LogWorld: UWorld::CleanupWorld for Untitled, bSessionEnded=true, bCleanupResources=true
[2020.02.25-21.51.18:942][  0]LogSlate: InvalidateAllWidgets triggered.  All widgets were invalidated
[2020.02.25-21.51.18:942][  0]MapCheck: New page: Map Check
[2020.02.25-21.51.18:942][  0]LightingResults: New page: Lighting Build
[2020.02.25-21.51.18:978][  0]LogUObjectHash: Compacting FUObjectHashTables data took   2.85ms
[2020.02.25-21.51.19:127][  0]LogLinker: Warning: While loading '../../../../TKGames_TestRepo/TKG_Training/Content/ThirdPersonBP/Maps/ThirdPersonExampleMap.umap' failed to load '/Game/ThirdPersonBP/Maps/ThirdPersonExampleMap_BuiltData': Can't find file.
[2020.02.25-21.51.19:128][  0]LogLinker: Warning: While loading '../../../../TKGames_TestRepo/TKG_Training/Content/ThirdPersonBP/Maps/ThirdPersonExampleMap.umap' failed to load '/Game/ThirdPersonBP/Maps/ThirdPersonExampleMap_BuiltData': Can't find file.
[2020.02.25-21.51.19:136][  0]LogLinker: Warning: While loading '../../../../TKGames_TestRepo/TKG_Training/Content/ThirdPersonBP/Maps/ThirdPersonExampleMap.umap' failed to load '/Game/ThirdPersonBP/Maps/ThirdPersonExampleMap_BuiltData': Can't find file.
[2020.02.25-21.51.19:136][  0]LogLinker: Warning: While loading '../../../../TKGames_TestRepo/TKG_Training/Content/ThirdPersonBP/Maps/ThirdPersonExampleMap.umap' failed to load '/Game/ThirdPersonBP/Maps/ThirdPersonExampleMap_BuiltData': Can't find file.
[2020.02.25-21.51.19:138][  0]LogLinker: Warning: Failed to load '/Game/ThirdPersonBP/Maps/ThirdPersonExampleMap_BuiltData': Can't find file.
[2020.02.25-21.51.19:138][  0]LogLinker: Warning: Failed to load '/Game/ThirdPersonBP/Maps/ThirdPersonExampleMap_BuiltData': Can't find file.
[2020.02.25-21.51.19:138][  0]LogLinker: Warning: Failed to load '/Game/ThirdPersonBP/Maps/ThirdPersonExampleMap_BuiltData': Can't find file.
[2020.02.25-21.51.19:138][  0]LogLinker: Warning: Failed to load '/Game/ThirdPersonBP/Maps/ThirdPersonExampleMap_BuiltData': Can't find file.
[2020.02.25-21.51.19:202][  0]LogLinker: Warning: While loading '../../../../TKGames_TestRepo/TKG_Training/Content/ThirdPersonBP/Maps/ThirdPersonExampleMap.umap' failed to load '/Game/ThirdPersonBP/Maps/ThirdPersonExampleMap_BuiltData': Can't find file.
[2020.02.25-21.51.19:202][  0]LoadErrors: Failed to load /Game/ThirdPersonBP/Maps/ThirdPersonExampleMap_BuiltData.ThirdPersonExampleMap_BuiltData Referenced by PersistentLevel
[2020.02.25-21.51.19:203][  0]LogLinker: Warning: While loading '../../../../TKGames_TestRepo/TKG_Training/Content/ThirdPersonBP/Maps/ThirdPersonExampleMap.umap' failed to load '/Game/ThirdPersonBP/Maps/ThirdPersonExampleMap_BuiltData': Can't find file.
[2020.02.25-21.51.19:203][  0]LoadErrors: Failed to load /Game/ThirdPersonBP/Maps/ThirdPersonExampleMap_BuiltData.ThirdPersonExampleMap_BuiltData Referenced by PersistentLevel
[2020.02.25-21.51.19:326][  0]LogAIModule: Creating AISystem for world ThirdPersonExampleMap
[2020.02.25-21.51.19:348][  0]LogEditorServer: Finished looking for orphan Actors (0.000 secs)
[2020.02.25-21.51.19:385][  0]LogUObjectHash: Compacting FUObjectHashTables data took   3.34ms
[2020.02.25-21.51.19:385][  0]Cmd: MAP CHECKDEP NOCLEARLOG
[2020.02.25-21.51.19:385][  0]MapCheck: Map check complete: 0 Error(s), 0 Warning(s), took 0,11ms to complete.
[2020.02.25-21.51.19:385][  0]LogFileHelpers: Loading map 'ThirdPersonExampleMap' took 0.445
[2020.02.25-21.51.19:558][  0]LogSlate: Updating window title bar state: overlay mode, drag disabled, window buttons hidden, title bar hidden
[2020.02.25-21.51.19:569][  0]LogSlate: Updating window title bar state: overlay mode, drag disabled, window buttons hidden, title bar hidden
[2020.02.25-21.51.19:579][  0]LogSlate: Updating window title bar state: overlay mode, drag disabled, window buttons hidden, title bar hidden
[2020.02.25-21.51.19:588][  0]LogSlate: Updating window title bar state: overlay mode, drag disabled, window buttons hidden, title bar hidden
[2020.02.25-21.51.19:599][  0]LogCollectionManager: Loaded 0 collections in 0.001814 seconds
[2020.02.25-21.51.19:618][  0]LogFileCache: Scanning file cache for directory 'D:/UE4/TKGames_TestRepo/TKG_Training/Saved/Collections/' took 0.00s
[2020.02.25-21.51.19:618][  0]LogFileCache: Scanning file cache for directory 'D:/UE4/TKGames_TestRepo/TKG_Training/Content/Developers/Klaudia/Collections/' took 0.00s
[2020.02.25-21.51.19:618][  0]LogFileCache: Scanning file cache for directory 'D:/UE4/TKGames_TestRepo/TKG_Training/Content/Collections/' took 0.00s
[2020.02.25-21.51.19:618][  0]LogContentBrowser: Native class hierarchy populated in 0.0142 seconds. Added 3029 classes and 723 folders.
[2020.02.25-21.51.19:622][  0]LogContentBrowser: Native class hierarchy updated for 'WidgetCarousel' in 0.0003 seconds. Added 0 classes and 0 folders.
[2020.02.25-21.51.19:703][  0]LogContentBrowser: Native class hierarchy updated for 'AddContentDialog' in 0.0004 seconds. Added 0 classes and 0 folders.
[2020.02.25-21.51.19:709][  0]LogContentBrowser: Native class hierarchy updated for 'SceneOutliner' in 0.0004 seconds. Added 2 classes and 3 folders.
[2020.02.25-21.51.19:726][  0]LogContentBrowser: Native class hierarchy updated for 'WorldBrowser' in 0.0003 seconds. Added 2 classes and 3 folders.
[2020.02.25-21.51.19:905][  0]LogSlate: Took 0.000220 seconds to synchronously load lazily loaded font '../../../Engine/Content/Slate/Fonts/Roboto-Regular.ttf' (155K)
[2020.02.25-21.51.19:907][  0]LogSlate: Took 0.000186 seconds to synchronously load lazily loaded font '../../../Engine/Content/Slate/Fonts/Roboto-Bold.ttf' (160K)
[2020.02.25-21.51.19:914][  0]LogSlate: Took 0.000238 seconds to synchronously load lazily loaded font '../../../Engine/Content/Editor/Slate/Fonts/FontAwesome.ttf' (139K)
[2020.02.25-21.51.20:031][  0]LogRenderer: Reallocating scene render targets to support 1152x652 Format 9 NumSamples 1 (Frame:1).
[2020.02.25-21.51.20:213][  0]LogContentBrowser: Native class hierarchy updated for 'HierarchicalLODOutliner' in 0.0004 seconds. Added 0 classes and 0 folders.
[2020.02.25-21.51.20:213][  0]LogLoad: (Engine Initialization) Total time: 10.97 seconds
[2020.02.25-21.51.20:213][  0]LogLoad: (Engine Initialization) Total Blueprint compile time: 0.00 seconds
[2020.02.25-21.51.20:282][  0]LogContentStreaming: Texture pool size now 800 MB
[2020.02.25-21.51.20:381][  0]LogSlate: Took 0.000158 seconds to synchronously load lazily loaded font '../../../Engine/Content/Slate/Fonts/Roboto-Light.ttf' (167K)
[2020.02.25-21.51.20:392][  1]LogSubstanceLiveLink: Warning: Unable to send data along socket, closing connection
[2020.02.25-21.51.20:422][  1]LogAssetRegistry: Asset discovery search completed in 6.7172 seconds
[2020.02.25-21.51.20:428][  1]LogCollectionManager: Fixed up redirectors for 0 collections in 0.000010 seconds (updated 0 objects)
[2020.02.25-21.51.27:544][421]LogSlate: Window 'Message Log' being destroyed
[2020.02.25-21.51.27:549][421]LogSlate: Window 'Message Log' being destroyed
[2020.02.25-21.51.28:683][486]LogSlate: Took 0.000176 seconds to synchronously load lazily loaded font '../../../Engine/Content/Slate/Fonts/Roboto-Light.ttf' (167K)
[2020.02.25-21.51.28:733][486]LogLinker: Warning: While loading '../../../../TKGames_TestRepo/TKG_Training/Content/Maps/LVL_One/LVL_One_Persistent.umap' failed to load '/Game/Maps/LVL_One/LVL_One_Persistent_BuiltData': Can't find file.
[2020.02.25-21.51.28:734][486]LogLinker: Warning: While loading '../../../../TKGames_TestRepo/TKG_Training/Content/Maps/LVL_One/LVL_One_Persistent.umap' failed to load '/Game/Maps/LVL_One/LVL_One_Persistent_BuiltData': Can't find file.
[2020.02.25-21.51.28:734][486]LogLinker: Warning: While loading '../../../../TKGames_TestRepo/TKG_Training/Content/Maps/LVL_One/LVL_One_Persistent.umap' failed to load '/Game/Maps/LVL_One/LVL_One_Persistent_BuiltData': Can't find file.
[2020.02.25-21.51.28:734][486]LogLinker: Warning: While loading '../../../../TKGames_TestRepo/TKG_Training/Content/Maps/LVL_One/LVL_One_Persistent.umap' failed to load '/Game/Maps/LVL_One/LVL_One_Persistent_BuiltData': Can't find file.
[2020.02.25-21.51.28:735][486]LogLinker: Warning: While loading '../../../../TKGames_TestRepo/TKG_Training/Content/Maps/LVL_One/LVL_One_Persistent.umap' failed to load '/Game/Maps/LVL_One/LVL_One_Persistent_BuiltData': Can't find file.
[2020.02.25-21.51.28:735][486]LoadErrors: Failed to load /Game/Maps/LVL_One/LVL_One_Persistent_BuiltData.LVL_One_Persistent_BuiltData Referenced by PersistentLevel
[2020.02.25-21.51.28:735][486]LogLinker: Warning: While loading '../../../../TKGames_TestRepo/TKG_Training/Content/Maps/LVL_One/LVL_One_Persistent.umap' failed to load '/Game/Maps/LVL_One/LVL_One_Persistent_BuiltData': Can't find file.
[2020.02.25-21.51.28:738][486]LogAIModule: Creating AISystem for world LVL_One_Persistent
[2020.02.25-21.51.28:738][486]LogAssetEditorSubsystem: Opening Asset editor for World /Game/Maps/LVL_One/LVL_One_Persistent.LVL_One_Persistent
[2020.02.25-21.51.28:771][486]LogUObjectHash: Compacting FUObjectHashTables data took   2.12ms
[2020.02.25-21.51.28:773][486]Cmd: MAP LOAD FILE="../../../../TKGames_TestRepo/TKG_Training/Content/Maps/LVL_One/LVL_One_Persistent.umap" TEMPLATE=0 SHOWPROGRESS=1 FEATURELEVEL=3
[2020.02.25-21.51.28:773][486]LightingResults: New page: Lighting Build
[2020.02.25-21.51.28:774][486]LoadErrors: New page: Loading map: LVL_One_Persistent.umap
[2020.02.25-21.51.28:775][486]LogWorld: UWorld::CleanupWorld for ThirdPersonExampleMap, bSessionEnded=true, bCleanupResources=true
[2020.02.25-21.51.28:775][486]LogSlate: InvalidateAllWidgets triggered.  All widgets were invalidated
[2020.02.25-21.51.28:776][486]MapCheck: New page: Map Check
[2020.02.25-21.51.28:776][486]LightingResults: New page: Lighting Build
[2020.02.25-21.51.28:809][486]LogUObjectHash: Compacting FUObjectHashTables data took   2.82ms
[2020.02.25-21.51.28:810][486]LogStreaming: Display: ULevelStreaming::RequestLevel(/Game/Maps/LVL_One/LVL_One_Graphic) is flushing async loading
[2020.02.25-21.51.28:810][486]LogStreaming: Display: Flushing async loaders.
[2020.02.25-21.51.28:848][486]LogLinker: Warning: Failed to load '/Game/plane_X': Can't find file.
[2020.02.25-21.51.28:848][486]LogLinker: Warning: Failed to load '/Game/plane_X': Can't find file.
[2020.02.25-21.51.28:849][486]LogLinker: Warning: Failed to load '/Game/plane_X': Can't find file.
[2020.02.25-21.51.28:849][486]LogLinker: Warning: Failed to load '/Game/plane_X': Can't find file.
[2020.02.25-21.51.28:849][486]LogLinker: Warning: Failed to load '/Game/plane_X': Can't find file.
[2020.02.25-21.51.28:849][486]LogLinker: Warning: Failed to load '/Game/plane_X': Can't find file.
[2020.02.25-21.51.28:849][486]LogLinker: Warning: Failed to load '/Game/plane_X': Can't find file.
[2020.02.25-21.51.28:849][486]LogLinker: Warning: Failed to load '/Game/plane_X': Can't find file.
[2020.02.25-21.51.28:869][486]LogLinker: Warning: While loading '../../../../TKGames_TestRepo/TKG_Training/Content/Maps/LVL_One/LVL_One_Graphic.umap' failed to load '/Game/plane_X': Can't find file.
[2020.02.25-21.51.28:869][486]LoadErrors: Failed to load /Game/plane_X.plane_X Referenced by plane_X_2
[2020.02.25-21.51.28:869][486]LogLinker: Warning: While loading '../../../../TKGames_TestRepo/TKG_Training/Content/Maps/LVL_One/LVL_One_Graphic.umap' failed to load '/Game/plane_X': Can't find file.
[2020.02.25-21.51.29:022][486]LogStreaming: Display: ULevelStreaming::RequestLevel(/Game/Maps/LVL_One/LVL_One_Audio) is flushing async loading
[2020.02.25-21.51.29:023][486]LogLinker: Warning: Failed to load '/Game/Maps/LVL_One/LVL_One_Audio_BuiltData': Can't find file.
[2020.02.25-21.51.29:023][486]LogLinker: Warning: Failed to load '/Game/Maps/LVL_One/LVL_One_Audio_BuiltData': Can't find file.
[2020.02.25-21.51.29:024][486]LogLinker: Warning: Failed to load '/Game/Maps/LVL_One/LVL_One_Audio_BuiltData': Can't find file.
[2020.02.25-21.51.29:024][486]LogLinker: Warning: Failed to load '/Game/Maps/LVL_One/LVL_One_Audio_BuiltData': Can't find file.
[2020.02.25-21.51.29:024][486]LogLinker: Warning: Failed to load '/Game/Maps/LVL_One/LVL_One_Audio_BuiltData': Can't find file.
[2020.02.25-21.51.29:024][486]LogLinker: Warning: Failed to load '/Game/Maps/LVL_One/LVL_One_Audio_BuiltData': Can't find file.
[2020.02.25-21.51.29:024][486]LogLinker: Warning: Failed to load '/Game/Maps/LVL_One/LVL_One_Audio_BuiltData': Can't find file.
[2020.02.25-21.51.29:024][486]LogLinker: Warning: Failed to load '/Game/Maps/LVL_One/LVL_One_Audio_BuiltData': Can't find file.
[2020.02.25-21.51.29:025][486]LogLinker: Warning: While loading '../../../../TKGames_TestRepo/TKG_Training/Content/Maps/LVL_One/LVL_One_Audio.umap' failed to load '/Game/Maps/LVL_One/LVL_One_Audio_BuiltData': Can't find file.
[2020.02.25-21.51.29:025][486]LoadErrors: Failed to load /Game/Maps/LVL_One/LVL_One_Audio_BuiltData.LVL_One_Audio_BuiltData Referenced by PersistentLevel
[2020.02.25-21.51.29:025][486]LogLinker: Warning: While loading '../../../../TKGames_TestRepo/TKG_Training/Content/Maps/LVL_One/LVL_One_Audio.umap' failed to load '/Game/Maps/LVL_One/LVL_One_Audio_BuiltData': Can't find file.
[2020.02.25-21.51.29:034][486]LogStreaming: Display: ULevelStreaming::RequestLevel(/Game/Maps/LVL_One/LVL_One_BP) is flushing async loading
[2020.02.25-21.51.29:036][486]LogLinker: Warning: Failed to load '/Game/Maps/LVL_One/LVL_One_BP_BuiltData': Can't find file.
[2020.02.25-21.51.29:036][486]LogLinker: Warning: Failed to load '/Game/Maps/LVL_One/LVL_One_BP_BuiltData': Can't find file.
[2020.02.25-21.51.29:036][486]LogLinker: Warning: Failed to load '/Game/Maps/LVL_One/LVL_One_BP_BuiltData': Can't find file.
[2020.02.25-21.51.29:037][486]LogLinker: Warning: Failed to load '/Game/Maps/LVL_One/LVL_One_BP_BuiltData': Can't find file.
[2020.02.25-21.51.29:037][486]LogLinker: Warning: Failed to load '/Game/Maps/LVL_One/LVL_One_BP_BuiltData': Can't find file.
[2020.02.25-21.51.29:037][486]LogLinker: Warning: Failed to load '/Game/Maps/LVL_One/LVL_One_BP_BuiltData': Can't find file.
[2020.02.25-21.51.29:037][486]LogLinker: Warning: Failed to load '/Game/Maps/LVL_One/LVL_One_BP_BuiltData': Can't find file.
[2020.02.25-21.51.29:037][486]LogLinker: Warning: Failed to load '/Game/Maps/LVL_One/LVL_One_BP_BuiltData': Can't find file.
[2020.02.25-21.51.29:038][486]LogLinker: Warning: While loading '../../../../TKGames_TestRepo/TKG_Training/Content/Maps/LVL_One/LVL_One_BP.umap' failed to load '/Game/Maps/LVL_One/LVL_One_BP_BuiltData': Can't find file.
[2020.02.25-21.51.29:038][486]LoadErrors: Failed to load /Game/Maps/LVL_One/LVL_One_BP_BuiltData.LVL_One_BP_BuiltData Referenced by PersistentLevel
[2020.02.25-21.51.29:038][486]LogLinker: Warning: While loading '../../../../TKGames_TestRepo/TKG_Training/Content/Maps/LVL_One/LVL_One_BP.umap' failed to load '/Game/Maps/LVL_One/LVL_One_BP_BuiltData': Can't find file.
[2020.02.25-21.51.29:123][486]LogEditorServer: Finished looking for orphan Actors (0.000 secs)
[2020.02.25-21.51.29:233][486]LogUObjectHash: Compacting FUObjectHashTables data took   2.30ms
[2020.02.25-21.51.29:276][486]Cmd: MAP CHECKDEP NOCLEARLOG
[2020.02.25-21.51.29:276][486]MapCheck: Map check complete: 0 Error(s), 0 Warning(s), took 0,172ms to complete.
[2020.02.25-21.51.29:276][486]LogFileHelpers: Loading map 'LVL_One_Persistent' took 0.504
[2020.02.25-21.51.30:851][574]LogSlate: Window 'Message Log' being destroyed
[2020.02.25-21.51.30:856][574]LogSlate: Window 'Message Log' being destroyed
[2020.02.25-21.51.37:178][949]LogEditorViewport: Clicking on Actor (LMB): Landscape (Landscape)
[2020.02.25-21.51.50:927][729]LogFactory: FactoryCreateFile: StaticMesh with FbxFactory (0 0 D:\Obrazy\plane_X.obj)
[2020.02.25-21.51.50:941][729]LogFbx: Loading FBX Scene from D:\Obrazy\plane_X.obj
[2020.02.25-21.51.50:943][729]LogFbx: FBX Scene Loaded Succesfully
[2020.02.25-21.51.52:698][729]LogSlate: Window 'FBX Import Options' being destroyed
[2020.02.25-21.51.52:958][729]LogMaterial: Display: Missing cached shader map for material wire_143225087, compiling. 
[2020.02.25-21.51.53:013][729]LogFbx: Display: Triangulating static mesh Plane001
[2020.02.25-21.51.53:022][729]LogShaderCompilers: Display: Worker (1/5): shaders left to compile 15
[2020.02.25-21.51.53:022][729]LogShaderCompilers: Display: Worker (2/5): shaders left to compile 11
[2020.02.25-21.51.53:022][729]LogShaderCompilers: Display: Worker (3/5): shaders left to compile 7
[2020.02.25-21.51.53:022][729]LogShaderCompilers: Display: Worker (4/5): shaders left to compile 3
[2020.02.25-21.51.53:025][729]LogStaticMesh: Building static mesh plane_X...
[2020.02.25-21.51.53:026][729]LogStaticMesh: Built static mesh [0.00s] /Game/plane_X.plane_X
[2020.02.25-21.51.54:756][794]LogActorFactory: Actor Factory created plane_X
[2020.02.25-21.51.55:237][815]LogActorFactory: Actor Factory created plane_X
[2020.02.25-21.52.04:904][322]LogEditorViewport: Clicking on Actor (LMB): Landscape (Landscape)
[2020.02.25-21.52.07:819][467]LogTexture: Display: Building textures: Texture2D_2 (G8, 128X128)
[2020.02.25-21.52.27:810][544]LogWindows: Error: === Critical error: ===
[2020.02.25-21.52.27:810][544]LogWindows: Error: 
[2020.02.25-21.52.27:810][544]LogWindows: Error: Fatal error!
[2020.02.25-21.52.27:810][544]LogWindows: Error: 
[2020.02.25-21.52.27:810][544]LogWindows: Error: Unhandled Exception: EXCEPTION_ACCESS_VIOLATION reading address 0x1a979810
[2020.02.25-21.52.27:810][544]LogWindows: Error: 
[2020.02.25-21.52.27:810][544]LogWindows: Error: [Callstack] 0x00007ffc4eef884e PhysX3CookingPROFILE_x64.dll!UnknownFunction []
[2020.02.25-21.52.27:810][544]LogWindows: Error: [Callstack] 0x00007ffc4eef9460 PhysX3CookingPROFILE_x64.dll!UnknownFunction []
[2020.02.25-21.52.27:810][544]LogWindows: Error: [Callstack] 0x00007ffc4eef9d76 PhysX3CookingPROFILE_x64.dll!UnknownFunction []
[2020.02.25-21.52.27:810][544]LogWindows: Error: [Callstack] 0x00007ffc4eef8594 PhysX3CookingPROFILE_x64.dll!UnknownFunction []
[2020.02.25-21.52.27:810][544]LogWindows: Error: [Callstack] 0x00007ffc4eefe5bc PhysX3CookingPROFILE_x64.dll!UnknownFunction []
[2020.02.25-21.52.27:810][544]LogWindows: Error: [Callstack] 0x00007ffc4eefd8ef PhysX3CookingPROFILE_x64.dll!UnknownFunction []
[2020.02.25-21.52.27:810][544]LogWindows: Error: [Callstack] 0x00007ffc4eef2a80 PhysX3CookingPROFILE_x64.dll!UnknownFunction []
[2020.02.25-21.52.27:810][544]LogWindows: Error: [Callstack] 0x00007ffc759e245e UE4Editor-PhysXCooking.dll!UnknownFunction []
[2020.02.25-21.52.27:810][544]LogWindows: Error: [Callstack] 0x00007ffc759e2f81 UE4Editor-PhysXCooking.dll!UnknownFunction []
[2020.02.25-21.52.27:810][544]LogWindows: Error: [Callstack] 0x00007ffc69461287 UE4Editor-Engine.dll!UnknownFunction []
[2020.02.25-21.52.27:810][544]LogWindows: Error: [Callstack] 0x00007ffc69460821 UE4Editor-Engine.dll!UnknownFunction []
[2020.02.25-21.52.27:810][544]LogWindows: Error: [Callstack] 0x00007ffc80ee1125 UE4Editor-DerivedDataCache.dll!UnknownFunction []
[2020.02.25-21.52.27:810][544]LogWindows: Error: [Callstack] 0x00007ffc80ee03b7 UE4Editor-DerivedDataCache.dll!UnknownFunction []
[2020.02.25-21.52.27:810][544]LogWindows: Error: [Callstack] 0x00007ffc80ef9c4f UE4Editor-DerivedDataCache.dll!UnknownFunction []
[2020.02.25-21.52.27:810][544]LogWindows: Error: [Callstack] 0x00007ffc80ee95c5 UE4Editor-DerivedDataCache.dll!UnknownFunction []
[2020.02.25-21.52.27:811][544]LogWindows: Error: [Callstack] 0x00007ffc6941785f UE4Editor-Engine.dll!UnknownFunction []
[2020.02.25-21.52.27:811][544]LogWindows: Error: [Callstack] 0x00007ffc69432313 UE4Editor-Engine.dll!UnknownFunction []
[2020.02.25-21.52.27:811][544]LogWindows: Error: [Callstack] 0x00007ffc694281a9 UE4Editor-Engine.dll!UnknownFunction []
[2020.02.25-21.52.27:811][544]LogWindows: Error: [Callstack] 0x00007ffc574e88c9 UE4Editor-Landscape.dll!UnknownFunction []
[2020.02.25-21.52.27:811][544]LogWindows: Error: [Callstack] 0x00007ffc574d8a7f UE4Editor-Landscape.dll!UnknownFunction []
[2020.02.25-21.52.27:811][544]LogWindows: Error: [Callstack] 0x00007ffc76c5b3fc UE4Editor-CoreUObject.dll!UnknownFunction []
[2020.02.25-21.52.27:811][544]LogWindows: Error: [Callstack] 0x00007ffc5861a923 UE4Editor-PropertyEditor.dll!UnknownFunction []
[2020.02.25-21.52.27:811][544]LogWindows: Error: [Callstack] 0x00007ffc58606985 UE4Editor-PropertyEditor.dll!UnknownFunction []
[2020.02.25-21.52.27:811][544]LogWindows: Error: [Callstack] 0x00007ffc58606e0f UE4Editor-PropertyEditor.dll!UnknownFunction []
[2020.02.25-21.52.27:811][544]LogWindows: Error: [Callstack] 0x00007ffc586576f9 UE4Editor-PropertyEditor.dll!UnknownFunction []
[2020.02.25-21.52.27:811][544]LogWindows: Error: [Callstack] 0x00007ffc58657e9a UE4Editor-PropertyEditor.dll!UnknownFunction []
[2020.02.25-21.52.27:811][544]LogWindows: Error: [Callstack] 0x00007ffc58656a64 UE4Editor-PropertyEditor.dll!UnknownFunction []
[2020.02.25-21.52.27:811][544]LogWindows: Error: [Callstack] 0x00007ffc58764eb2 UE4Editor-PropertyEditor.dll!UnknownFunction []
[2020.02.25-21.52.27:811][544]LogWindows: Error: [Callstack] 0x00007ffc58700b99 UE4Editor-PropertyEditor.dll!UnknownFunction []
[2020.02.25-21.52.27:811][544]LogWindows: Error: [Callstack] 0x00007ffc5872e075 UE4Editor-PropertyEditor.dll!UnknownFunction []
[2020.02.25-21.52.27:811][544]LogWindows: Error: [Callstack] 0x00007ffc58701d39 UE4Editor-PropertyEditor.dll!UnknownFunction []
[2020.02.25-21.52.27:811][544]LogWindows: Error: [Callstack] 0x00007ffc52e7ec89 UE4Editor-ContentBrowser.dll!UnknownFunction []
[2020.02.25-21.52.27:811][544]LogWindows: Error: [Callstack] 0x00007ffc52e34d06 UE4Editor-ContentBrowser.dll!UnknownFunction []
[2020.02.25-21.52.27:811][544]LogWindows: Error: [Callstack] 0x00007ffc52e810b4 UE4Editor-ContentBrowser.dll!UnknownFunction []
[2020.02.25-21.52.27:811][544]LogWindows: Error: [Callstack] 0x00007ffc52eda0ed UE4Editor-ContentBrowser.dll!UnknownFunction []
[2020.02.25-21.52.27:811][544]LogWindows: Error: [Callstack] 0x00007ffc52ed0a96 UE4Editor-ContentBrowser.dll!UnknownFunction []
[2020.02.25-21.52.27:811][544]LogWindows: Error: [Callstack] 0x00007ffc6e8a323f UE4Editor-Slate.dll!UnknownFunction []
[2020.02.25-21.52.27:811][544]LogWindows: Error: [Callstack] 0x00007ffc6e929175 UE4Editor-Slate.dll!UnknownFunction []
[2020.02.25-21.52.27:811][544]LogWindows: Error: [Callstack] 0x00007ffc6e91413e UE4Editor-Slate.dll!UnknownFunction []
[2020.02.25-21.52.27:811][544]LogWindows: Error: [Callstack] 0x00007ffc6e908f67 UE4Editor-Slate.dll!UnknownFunction []
[2020.02.25-21.52.27:811][544]LogWindows: Error: [Callstack] 0x00007ffc9e9e4ca1 UE4Editor-ApplicationCore.dll!UnknownFunction []
[2020.02.25-21.52.27:811][544]LogWindows: Error: [Callstack] 0x00007ffc9e9d242f UE4Editor-ApplicationCore.dll!UnknownFunction []
[2020.02.25-21.52.27:811][544]LogWindows: Error: [Callstack] 0x00007ffc9e9e7195 UE4Editor-ApplicationCore.dll!UnknownFunction []
[2020.02.25-21.52.27:811][544]LogWindows: Error: [Callstack] 0x00007ffc9e9cec40 UE4Editor-ApplicationCore.dll!UnknownFunction []
[2020.02.25-21.52.27:811][544]LogWindows: Error: [Callstack] 0x00007ffcb6b07446 USER32.dll!UnknownFunction []
[2020.02.25-21.52.27:811][544]LogWindows: Error: [Callstack] 0x00007ffcb6b06f62 USER32.dll!UnknownFunction []
[2020.02.25-21.52.27:811][544]LogWindows: Error: [Callstack] 0x00007ffc9e9e8699 UE4Editor-ApplicationCore.dll!UnknownFunction []
[2020.02.25-21.52.27:811][544]LogWindows: Error: [Callstack] 0x00007ff779686db0 UE4Editor.exe!UnknownFunction []
[2020.02.25-21.52.27:811][544]LogWindows: Error: [Callstack] 0x00007ff77969c3ec UE4Editor.exe!UnknownFunction []
[2020.02.25-21.52.27:811][544]LogWindows: Error: [Callstack] 0x00007ff77969c4ca UE4Editor.exe!UnknownFunction []
[2020.02.25-21.52.27:811][544]LogWindows: Error: [Callstack] 0x00007ff7796aceae UE4Editor.exe!UnknownFunction []
[2020.02.25-21.52.27:811][544]LogWindows: Error: [Callstack] 0x00007ff7796afcbe UE4Editor.exe!UnknownFunction []
[2020.02.25-21.52.27:811][544]LogWindows: Error: [Callstack] 0x00007ffcb68f7974 KERNEL32.DLL!UnknownFunction []
[2020.02.25-21.52.27:811][544]LogWindows: Error: [Callstack] 0x00007ffcb701a261 ntdll.dll!UnknownFunction []
[2020.02.25-21.52.27:811][544]LogWindows: Error: 
[2020.02.25-21.52.27:828][544]LogExit: Executing StaticShutdownAfterError
[2020.02.25-21.52.27:831][544]LogWindows: FPlatformMisc::RequestExit(1)
[2020.02.25-21.52.27:831][544]LogCore: Engine exit requested (reason: Win RequestExit)
[2020.02.25-21.52.27:839][544]Log file closed, 02/25/20 22:52:27
