Log file open, 02/24/20 17:00:50
LogWindows: Failed to load 'aqProf.dll' (GetLastError=126)
LogWindows: File 'aqProf.dll' does not exist
LogWindows: Failed to load 'VtuneApi.dll' (GetLastError=126)
LogWindows: File 'VtuneApi.dll' does not exist
LogWindows: Failed to load 'VtuneApi32e.dll' (GetLastError=126)
LogWindows: File 'VtuneApi32e.dll' does not exist
LogConsoleResponse: Display: Failed to find resolution value strings in scalability ini. Falling back to default.
LogInit: Display: Running engine for game: TKG_Training
LogPlatformFile: Not using cached read wrapper
LogTaskGraph: Started task graph with 5 named threads and 23 total threads with 3 sets of task threads.
LogStats: Stats thread started at 0.669539
LogD3D11RHI: Loaded GFSDK_Aftermath_Lib.x64.dll
LogICUInternationalization: ICU TimeZone Detection - Raw Offset: +1:00, Platform Override: ''
LogPluginManager: Mounting plugin Paper2D
LogPluginManager: Mounting plugin AISupport
LogPluginManager: Mounting plugin LightPropagationVolume
LogPluginManager: Mounting plugin ActorLayerUtilities
LogPluginManager: Mounting plugin AnimationSharing
LogPluginManager: Mounting plugin CLionSourceCodeAccess
LogPluginManager: Mounting plugin CodeLiteSourceCodeAccess
LogPluginManager: Mounting plugin GitSourceControl
LogPluginManager: Mounting plugin KDevelopSourceCodeAccess
LogPluginManager: Mounting plugin NullSourceCodeAccess
LogPluginManager: Mounting plugin PerforceSourceControl
LogPluginManager: Mounting plugin PlasticSourceControl
LogPluginManager: Mounting plugin SubversionSourceControl
LogPluginManager: Mounting plugin UObjectPlugin
LogPluginManager: Mounting plugin VisualStudioCodeSourceCodeAccess
LogPluginManager: Mounting plugin VisualStudioSourceCodeAccess
LogPluginManager: Mounting plugin XCodeSourceCodeAccess
LogPluginManager: Mounting plugin AssetManagerEditor
LogPluginManager: Mounting plugin CryptoKeys
LogPluginManager: Mounting plugin CurveEditorTools
LogPluginManager: Mounting plugin DataValidation
LogPluginManager: Mounting plugin FacialAnimation
LogPluginManager: Mounting plugin GameplayTagsEditor
LogPluginManager: Mounting plugin MacGraphicsSwitching
LogPluginManager: Mounting plugin MaterialAnalyzer
LogPluginManager: Mounting plugin MobileLauncherProfileWizard
LogPluginManager: Mounting plugin PluginBrowser
LogPluginManager: Mounting plugin SpeedTreeImporter
LogPluginManager: Mounting plugin DatasmithContent
LogPluginManager: Mounting plugin VariantManagerContent
LogPluginManager: Mounting plugin AlembicImporter
LogPluginManager: Mounting plugin AutomationUtils
LogPluginManager: Mounting plugin BackChannel
LogPluginManager: Mounting plugin CharacterAI
LogPluginManager: Mounting plugin GeometryCache
LogPluginManager: Mounting plugin PlatformCrypto
LogPluginManager: Mounting plugin ProxyLODPlugin
LogPluginManager: Mounting plugin SkeletalReduction
LogPluginManager: Mounting plugin MagicLeap
LogPluginManager: Mounting plugin MagicLeapMedia
LogPluginManager: Mounting plugin MLSDK
LogPluginManager: Mounting plugin Substance
LogPluginManager: Mounting plugin AndroidMedia
LogPluginManager: Mounting plugin AvfMedia
LogPluginManager: Mounting plugin ImgMedia
LogPluginManager: Mounting plugin MediaCompositing
LogPluginManager: Mounting plugin MediaPlayerEditor
LogPluginManager: Mounting plugin WebMMedia
LogPluginManager: Mounting plugin WmfMedia
LogPluginManager: Mounting plugin TcpMessaging
LogPluginManager: Mounting plugin UdpMessaging
LogPluginManager: Mounting plugin ActorSequence
LogPluginManager: Mounting plugin LevelSequenceEditor
LogPluginManager: Mounting plugin MatineeToLevelSequence
LogPluginManager: Mounting plugin NetcodeUnitTest
LogPluginManager: Mounting plugin NUTUnrealEngine4
LogPluginManager: Mounting plugin OnlineSubsystemGooglePlay
LogPluginManager: Mounting plugin OnlineSubsystemIOS
LogPluginManager: Mounting plugin OnlineSubsystem
LogPluginManager: Mounting plugin OnlineSubsystemNull
LogPluginManager: Mounting plugin OnlineSubsystemUtils
LogPluginManager: Mounting plugin LauncherChunkInstaller
LogPluginManager: Mounting plugin AndroidDeviceProfileSelector
LogPluginManager: Mounting plugin AndroidMoviePlayer
LogPluginManager: Mounting plugin AndroidPermission
LogPluginManager: Mounting plugin AppleImageUtils
LogPluginManager: Mounting plugin AppleMoviePlayer
LogPluginManager: Mounting plugin ArchVisCharacter
LogPluginManager: Mounting plugin AssetTags
LogPluginManager: Mounting plugin AudioCapture
LogPluginManager: Mounting plugin CableComponent
LogPluginManager: Mounting plugin CustomMeshComponent
LogPluginManager: Mounting plugin EditableMesh
LogPluginManager: Mounting plugin ExampleDeviceProfileSelector
LogPluginManager: Mounting plugin GoogleCloudMessaging
LogPluginManager: Mounting plugin IOSDeviceProfileSelector
LogPluginManager: Mounting plugin LinuxDeviceProfileSelector
LogPluginManager: Mounting plugin LocationServicesBPLibrary
LogPluginManager: Mounting plugin MobilePatchingUtils
LogPluginManager: Mounting plugin OculusVR
LogPluginManager: Mounting plugin PhysXVehicles
LogPluginManager: Mounting plugin PostSplashScreen
LogPluginManager: Mounting plugin ProceduralMeshComponent
LogPluginManager: Mounting plugin RuntimePhysXCooking
LogPluginManager: Mounting plugin SignificanceManager
LogPluginManager: Mounting plugin SteamVR
LogPluginManager: Mounting plugin WebMMoviePlayer
LogPluginManager: Mounting plugin WindowsMoviePlayer
LogPluginManager: Mounting plugin ScreenshotTools
LogInit: Using libcurl 7.55.1-DEV
LogInit:  - built for x86_64-pc-win32
LogInit:  - supports SSL with OpenSSL/1.1.1
LogInit:  - supports HTTP deflate (compression) using libz 1.2.8
LogInit:  - other features:
LogInit:      CURL_VERSION_SSL
LogInit:      CURL_VERSION_LIBZ
LogInit:      CURL_VERSION_IPV6
LogInit:      CURL_VERSION_ASYNCHDNS
LogInit:      CURL_VERSION_LARGEFILE
LogInit:      CURL_VERSION_IDN
LogInit:  CurlRequestOptions (configurable via config and command line):
LogInit:  - bVerifyPeer = true  - Libcurl will verify peer certificate
LogInit:  - bUseHttpProxy = false  - Libcurl will NOT use HTTP proxy
LogInit:  - bDontReuseConnections = false  - Libcurl will reuse connections
LogInit:  - MaxHostConnections = 16  - Libcurl will limit the number of connections to a host
LogInit:  - LocalHostAddr = Default
LogInit:  - BufferSize = 65536
LogOnline: OSS: Creating online subsystem instance for: NULL
LogInit: WinSock: version 1.1 (2.2), MaxSocks=32767, MaxUdp=65467
LogOnline: OSS: TryLoadSubsystemAndSetDefault: Loaded subsystem for module [NULL]
LogInit: Build: ++UE4+Release-4.24-CL-11100242
LogInit: Engine Version: 4.24.2-11100242+++UE4+Release-4.24
LogInit: Compatible Engine Version: 4.24.0-10570792+++UE4+Release-4.24
LogInit: Net CL: 10570792
LogInit: OS: Windows 10 (Release 1809) (), CPU: Intel(R) Core(TM) i7-4720HQ CPU @ 2.60GHz, GPU: Intel(R) HD Graphics 4600
LogInit: Compiled (64-bit): Jan 24 2020 02:05:53
LogInit: Compiled with Visual C++: 19.16.27032.01
LogInit: Build Configuration: Development
LogInit: Branch Name: ++UE4+Release-4.24
LogInit: Command Line: 
LogInit: Base Directory: D:/UE4/UE_4.24/Engine/Binaries/Win64/
LogInit: Installed Engine Build: 1
LogDevObjectVersion: Number of dev versions registered: 25
LogDevObjectVersion:   Dev-Blueprints (B0D832E4-1F89-4F0D-ACCF-7EB736FD4AA2): 10
LogDevObjectVersion:   Dev-Build (E1C64328-A22C-4D53-A36C-8E866417BD8C): 0
LogDevObjectVersion:   Dev-Core (375EC13C-06E4-48FB-B500-84F0262A717E): 3
LogDevObjectVersion:   Dev-Editor (E4B068ED-F494-42E9-A231-DA0B2E46BB41): 37
LogDevObjectVersion:   Dev-Framework (CFFC743F-43B0-4480-9391-14DF171D2073): 36
LogDevObjectVersion:   Dev-Mobile (B02B49B5-BB20-44E9-A304-32B752E40360): 2
LogDevObjectVersion:   Dev-Networking (A4E4105C-59A1-49B5-A7C5-40C4547EDFEE): 0
LogDevObjectVersion:   Dev-Online (39C831C9-5AE6-47DC-9A44-9C173E1C8E7C): 0
LogDevObjectVersion:   Dev-Physics (78F01B33-EBEA-4F98-B9B4-84EACCB95AA2): 2
LogDevObjectVersion:   Dev-Platform (6631380F-2D4D-43E0-8009-CF276956A95A): 0
LogDevObjectVersion:   Dev-Rendering (12F88B9F-8875-4AFC-A67C-D90C383ABD29): 36
LogDevObjectVersion:   Dev-Sequencer (7B5AE74C-D270-4C10-A958-57980B212A5A): 11
LogDevObjectVersion:   Dev-VR (D7296918-1DD6-4BDD-9DE2-64A83CC13884): 2
LogDevObjectVersion:   Dev-LoadTimes (C2A15278-BFE7-4AFE-6C17-90FF531DF755): 1
LogDevObjectVersion:   Private-Geometry (6EACA3D4-40EC-4CC1-B786-8BED09428FC5): 3
LogDevObjectVersion:   Dev-AnimPhys (29E575DD-E0A3-4627-9D10-D276232CDCEA): 17
LogDevObjectVersion:   Dev-Anim (AF43A65D-7FD3-4947-9873-3E8ED9C1BB05): 2
LogDevObjectVersion:   Dev-ReflectionCapture (6B266CEC-1EC7-4B8F-A30B-E4D90942FC07): 1
LogDevObjectVersion:   Dev-Automation (0DF73D61-A23F-47EA-B727-89E90C41499A): 1
LogDevObjectVersion:   FortniteMain (601D1886-AC64-4F84-AA16-D3DE0DEAC7D6): 31
LogDevObjectVersion:   Dev-Enterprise (9DFFBCD6-494F-0158-E221-12823C92A888): 8
LogDevObjectVersion:   Dev-Niagara (F2AED0AC-9AFE-416F-8664-AA7FFA26D6FC): 1
LogDevObjectVersion:   Dev-Destruction (174F1F0B-B4C6-45A5-B13F-2EE8D0FB917D): 9
LogDevObjectVersion:   Dev-Physics-Ext (35F94A83-E258-406C-A318-09F59610247C): 8
LogDevObjectVersion:   Dev-CineCamera (B2E18506-4273-CFC2-A54E-F4BB758BBA07): 1
LogInit: Presizing for max 25165824 objects, including 0 objects not considered by GC, pre-allocating 0 bytes for permanent pool.
LogInit: Object subsystem initialized
LogConfig: Setting CVar [[con.DebugEarlyDefault:1]]
LogConfig: Setting CVar [[r.setres:1280x720]]
[2020.02.24-16.00.51:495][  0]LogConfig: Setting CVar [[r.VSync:0]]
[2020.02.24-16.00.51:495][  0]LogConfig: Setting CVar [[r.RHICmdBypass:0]]
[2020.02.24-16.00.51:496][  0]LogConfig: Applying CVar settings from Section [/Script/Engine.RendererSettings] File [D:/UE4/TKGames_TestRepo/TKG_Training/Saved/Config/Windows/Engine.ini]
[2020.02.24-16.00.51:496][  0]LogConfig: Setting CVar [[r.GPUCrashDebugging:0]]
[2020.02.24-16.00.51:496][  0]LogConfig: Applying CVar settings from Section [/Script/Engine.RendererOverrideSettings] File [D:/UE4/TKGames_TestRepo/TKG_Training/Saved/Config/Windows/Engine.ini]
[2020.02.24-16.00.51:496][  0]LogConfig: Applying CVar settings from Section [/Script/Engine.StreamingSettings] File [D:/UE4/TKGames_TestRepo/TKG_Training/Saved/Config/Windows/Engine.ini]
[2020.02.24-16.00.51:496][  0]LogConfig: Setting CVar [[s.MinBulkDataSizeForAsyncLoading:131072]]
[2020.02.24-16.00.51:496][  0]LogConfig: Setting CVar [[s.AsyncLoadingThreadEnabled:0]]
[2020.02.24-16.00.51:496][  0]LogConfig: Setting CVar [[s.EventDrivenLoaderEnabled:1]]
[2020.02.24-16.00.51:496][  0]LogConfig: Setting CVar [[s.WarnIfTimeLimitExceeded:0]]
[2020.02.24-16.00.51:496][  0]LogConfig: Setting CVar [[s.TimeLimitExceededMultiplier:1.5]]
[2020.02.24-16.00.51:496][  0]LogConfig: Setting CVar [[s.TimeLimitExceededMinTime:0.005]]
[2020.02.24-16.00.51:496][  0]LogConfig: Setting CVar [[s.UseBackgroundLevelStreaming:1]]
[2020.02.24-16.00.51:496][  0]LogConfig: Setting CVar [[s.PriorityAsyncLoadingExtraTime:15.0]]
[2020.02.24-16.00.51:496][  0]LogConfig: Setting CVar [[s.LevelStreamingActorsUpdateTimeLimit:5.0]]
[2020.02.24-16.00.51:496][  0]LogConfig: Setting CVar [[s.PriorityLevelStreamingActorsUpdateExtraTime:5.0]]
[2020.02.24-16.00.51:496][  0]LogConfig: Setting CVar [[s.LevelStreamingComponentsRegistrationGranularity:10]]
[2020.02.24-16.00.51:496][  0]LogConfig: Setting CVar [[s.UnregisterComponentsTimeLimit:1.0]]
[2020.02.24-16.00.51:496][  0]LogConfig: Setting CVar [[s.LevelStreamingComponentsUnregistrationGranularity:5]]
[2020.02.24-16.00.51:496][  0]LogConfig: Setting CVar [[s.FlushStreamingOnExit:1]]
[2020.02.24-16.00.51:496][  0]LogConfig: Applying CVar settings from Section [/Script/Engine.GarbageCollectionSettings] File [D:/UE4/TKGames_TestRepo/TKG_Training/Saved/Config/Windows/Engine.ini]
[2020.02.24-16.00.51:496][  0]LogConfig: Setting CVar [[gc.MaxObjectsNotConsideredByGC:1]]
[2020.02.24-16.00.51:496][  0]LogConfig: Setting CVar [[gc.SizeOfPermanentObjectPool:0]]
[2020.02.24-16.00.51:496][  0]LogConfig: Setting CVar [[gc.FlushStreamingOnGC:0]]
[2020.02.24-16.00.51:496][  0]LogConfig: Setting CVar [[gc.NumRetriesBeforeForcingGC:10]]
[2020.02.24-16.00.51:496][  0]LogConfig: Setting CVar [[gc.AllowParallelGC:1]]
[2020.02.24-16.00.51:496][  0]LogConfig: Setting CVar [[gc.TimeBetweenPurgingPendingKillObjects:61.1]]
[2020.02.24-16.00.51:496][  0]LogConfig: Setting CVar [[gc.MaxObjectsInEditor:25165824]]
[2020.02.24-16.00.51:496][  0]LogConfig: Setting CVar [[gc.IncrementalBeginDestroyEnabled:1]]
[2020.02.24-16.00.51:496][  0]LogConfig: Setting CVar [[gc.CreateGCClusters:1]]
[2020.02.24-16.00.51:496][  0]LogConfig: Setting CVar [[gc.MinGCClusterSize:5]]
[2020.02.24-16.00.51:496][  0]LogConfig: Setting CVar [[gc.ActorClusteringEnabled:0]]
[2020.02.24-16.00.51:496][  0]LogConfig: Setting CVar [[gc.BlueprintClusteringEnabled:0]]
[2020.02.24-16.00.51:496][  0]LogConfig: Setting CVar [[gc.UseDisregardForGCOnDedicatedServers:0]]
[2020.02.24-16.00.51:496][  0]LogConfig: Applying CVar settings from Section [/Script/Engine.NetworkSettings] File [D:/UE4/TKGames_TestRepo/TKG_Training/Saved/Config/Windows/Engine.ini]
[2020.02.24-16.00.51:496][  0]LogConfig: Applying CVar settings from Section [/Script/UnrealEd.CookerSettings] File [D:/UE4/TKGames_TestRepo/TKG_Training/Saved/Config/Windows/Engine.ini]
[2020.02.24-16.00.51:510][  0]LogConfig: Applying CVar settings from Section [ViewDistanceQuality@3] File [D:/UE4/TKGames_TestRepo/TKG_Training/Saved/Config/Windows/Scalability.ini]
[2020.02.24-16.00.51:510][  0]LogConfig: Setting CVar [[r.SkeletalMeshLODBias:0]]
[2020.02.24-16.00.51:510][  0]LogConfig: Setting CVar [[r.ViewDistanceScale:1.0]]
[2020.02.24-16.00.51:510][  0]LogConfig: Applying CVar settings from Section [AntiAliasingQuality@3] File [D:/UE4/TKGames_TestRepo/TKG_Training/Saved/Config/Windows/Scalability.ini]
[2020.02.24-16.00.51:510][  0]LogConfig: Setting CVar [[r.PostProcessAAQuality:4]]
[2020.02.24-16.00.51:510][  0]LogConfig: Applying CVar settings from Section [ShadowQuality@3] File [D:/UE4/TKGames_TestRepo/TKG_Training/Saved/Config/Windows/Scalability.ini]
[2020.02.24-16.00.51:510][  0]LogConfig: Setting CVar [[r.LightFunctionQuality:1]]
[2020.02.24-16.00.51:510][  0]LogConfig: Setting CVar [[r.ShadowQuality:5]]
[2020.02.24-16.00.51:510][  0]LogConfig: Setting CVar [[r.Shadow.CSM.MaxCascades:10]]
[2020.02.24-16.00.51:510][  0]LogConfig: Setting CVar [[r.Shadow.MaxResolution:2048]]
[2020.02.24-16.00.51:510][  0]LogConfig: Setting CVar [[r.Shadow.MaxCSMResolution:2048]]
[2020.02.24-16.00.51:510][  0]LogConfig: Setting CVar [[r.Shadow.RadiusThreshold:0.01]]
[2020.02.24-16.00.51:510][  0]LogConfig: Setting CVar [[r.Shadow.DistanceScale:1.0]]
[2020.02.24-16.00.51:510][  0]LogConfig: Setting CVar [[r.Shadow.CSM.TransitionScale:1.0]]
[2020.02.24-16.00.51:510][  0]LogConfig: Setting CVar [[r.Shadow.PreShadowResolutionFactor:1.0]]
[2020.02.24-16.00.51:510][  0]LogConfig: Setting CVar [[r.DistanceFieldShadowing:1]]
[2020.02.24-16.00.51:510][  0]LogConfig: Setting CVar [[r.DistanceFieldAO:1]]
[2020.02.24-16.00.51:510][  0]LogConfig: Setting CVar [[r.AOQuality:2]]
[2020.02.24-16.00.51:510][  0]LogConfig: Setting CVar [[r.VolumetricFog:1]]
[2020.02.24-16.00.51:510][  0]LogConfig: Setting CVar [[r.VolumetricFog.GridPixelSize:8]]
[2020.02.24-16.00.51:510][  0]LogConfig: Setting CVar [[r.VolumetricFog.GridSizeZ:128]]
[2020.02.24-16.00.51:510][  0]LogConfig: Setting CVar [[r.VolumetricFog.HistoryMissSupersampleCount:4]]
[2020.02.24-16.00.51:511][  0]LogConfig: Setting CVar [[r.LightMaxDrawDistanceScale:1]]
[2020.02.24-16.00.51:511][  0]LogConfig: Setting CVar [[r.CapsuleShadows:1]]
[2020.02.24-16.00.51:511][  0]LogConfig: Applying CVar settings from Section [PostProcessQuality@3] File [D:/UE4/TKGames_TestRepo/TKG_Training/Saved/Config/Windows/Scalability.ini]
[2020.02.24-16.00.51:511][  0]LogConfig: Setting CVar [[r.MotionBlurQuality:4]]
[2020.02.24-16.00.51:511][  0]LogConfig: Setting CVar [[r.AmbientOcclusionMipLevelFactor:0.4]]
[2020.02.24-16.00.51:511][  0]LogConfig: Setting CVar [[r.AmbientOcclusionMaxQuality:100]]
[2020.02.24-16.00.51:511][  0]LogConfig: Setting CVar [[r.AmbientOcclusionLevels:-1]]
[2020.02.24-16.00.51:511][  0]LogConfig: Setting CVar [[r.AmbientOcclusionRadiusScale:1.0]]
[2020.02.24-16.00.51:511][  0]LogConfig: Setting CVar [[r.DepthOfFieldQuality:2]]
[2020.02.24-16.00.51:511][  0]LogConfig: Setting CVar [[r.RenderTargetPoolMin:400]]
[2020.02.24-16.00.51:511][  0]LogConfig: Setting CVar [[r.LensFlareQuality:2]]
[2020.02.24-16.00.51:511][  0]LogConfig: Setting CVar [[r.SceneColorFringeQuality:1]]
[2020.02.24-16.00.51:511][  0]LogConfig: Setting CVar [[r.EyeAdaptationQuality:2]]
[2020.02.24-16.00.51:511][  0]LogConfig: Setting CVar [[r.BloomQuality:5]]
[2020.02.24-16.00.51:511][  0]LogConfig: Setting CVar [[r.FastBlurThreshold:100]]
[2020.02.24-16.00.51:511][  0]LogConfig: Setting CVar [[r.Upscale.Quality:3]]
[2020.02.24-16.00.51:511][  0]LogConfig: Setting CVar [[r.Tonemapper.GrainQuantization:1]]
[2020.02.24-16.00.51:511][  0]LogConfig: Setting CVar [[r.LightShaftQuality:1]]
[2020.02.24-16.00.51:511][  0]LogConfig: Setting CVar [[r.Filter.SizeScale:1]]
[2020.02.24-16.00.51:511][  0]LogConfig: Setting CVar [[r.Tonemapper.Quality:5]]
[2020.02.24-16.00.51:511][  0]LogConfig: Setting CVar [[r.DOF.Gather.AccumulatorQuality:1        ; higher gathering accumulator quality]]
[2020.02.24-16.00.51:511][  0]LogConfig: Setting CVar [[r.DOF.Gather.PostfilterMethod:1          ; Median3x3 postfilering method]]
[2020.02.24-16.00.51:511][  0]LogConfig: Setting CVar [[r.DOF.Gather.EnableBokehSettings:0       ; no bokeh simulation when gathering]]
[2020.02.24-16.00.51:511][  0]LogConfig: Setting CVar [[r.DOF.Gather.RingCount:4                 ; medium number of samples when gathering]]
[2020.02.24-16.00.51:511][  0]LogConfig: Setting CVar [[r.DOF.Scatter.ForegroundCompositing:1    ; additive foreground scattering]]
[2020.02.24-16.00.51:511][  0]LogConfig: Setting CVar [[r.DOF.Scatter.BackgroundCompositing:2    ; additive background scattering]]
[2020.02.24-16.00.51:511][  0]LogConfig: Setting CVar [[r.DOF.Scatter.EnableBokehSettings:1      ; bokeh simulation when scattering]]
[2020.02.24-16.00.51:511][  0]LogConfig: Setting CVar [[r.DOF.Scatter.MaxSpriteRatio:0.1         ; only a maximum of 10% of scattered bokeh]]
[2020.02.24-16.00.51:511][  0]LogConfig: Setting CVar [[r.DOF.Recombine.Quality:1                ; cheap slight out of focus]]
[2020.02.24-16.00.51:511][  0]LogConfig: Setting CVar [[r.DOF.Recombine.EnableBokehSettings:0    ; no bokeh simulation on slight out of focus]]
[2020.02.24-16.00.51:511][  0]LogConfig: Setting CVar [[r.DOF.TemporalAAQuality:1                ; more stable temporal accumulation]]
[2020.02.24-16.00.51:511][  0]LogConfig: Setting CVar [[r.DOF.Kernel.MaxForegroundRadius:0.025]]
[2020.02.24-16.00.51:511][  0]LogConfig: Setting CVar [[r.DOF.Kernel.MaxBackgroundRadius:0.025]]
[2020.02.24-16.00.51:511][  0]LogConfig: Applying CVar settings from Section [TextureQuality@3] File [D:/UE4/TKGames_TestRepo/TKG_Training/Saved/Config/Windows/Scalability.ini]
[2020.02.24-16.00.51:511][  0]LogConfig: Setting CVar [[r.Streaming.MipBias:0]]
[2020.02.24-16.00.51:511][  0]LogConfig: Setting CVar [[r.Streaming.AmortizeCPUToGPUCopy:0]]
[2020.02.24-16.00.51:511][  0]LogConfig: Setting CVar [[r.Streaming.MaxNumTexturesToStreamPerFrame:0]]
[2020.02.24-16.00.51:511][  0]LogConfig: Setting CVar [[r.Streaming.Boost:1]]
[2020.02.24-16.00.51:511][  0]LogConfig: Setting CVar [[r.MaxAnisotropy:8]]
[2020.02.24-16.00.51:511][  0]LogConfig: Setting CVar [[r.VT.MaxAnisotropy:8]]
[2020.02.24-16.00.51:511][  0]LogConfig: Setting CVar [[r.Streaming.LimitPoolSizeToVRAM:0]]
[2020.02.24-16.00.51:511][  0]LogConfig: Setting CVar [[r.Streaming.PoolSize:1000]]
[2020.02.24-16.00.51:511][  0]LogConfig: Setting CVar [[r.Streaming.MaxEffectiveScreenSize:0]]
[2020.02.24-16.00.51:511][  0]LogConfig: Applying CVar settings from Section [EffectsQuality@3] File [D:/UE4/TKGames_TestRepo/TKG_Training/Saved/Config/Windows/Scalability.ini]
[2020.02.24-16.00.51:511][  0]LogConfig: Setting CVar [[r.TranslucencyLightingVolumeDim:64]]
[2020.02.24-16.00.51:511][  0]LogConfig: Setting CVar [[r.RefractionQuality:2]]
[2020.02.24-16.00.51:511][  0]LogConfig: Setting CVar [[r.SSR.Quality:3]]
[2020.02.24-16.00.51:511][  0]LogConfig: Setting CVar [[r.SSR.HalfResSceneColor:0]]
[2020.02.24-16.00.51:511][  0]LogConfig: Setting CVar [[r.SceneColorFormat:4]]
[2020.02.24-16.00.51:511][  0]LogConfig: Setting CVar [[r.DetailMode:2]]
[2020.02.24-16.00.51:511][  0]LogConfig: Setting CVar [[r.TranslucencyVolumeBlur:1]]
[2020.02.24-16.00.51:511][  0]LogConfig: Setting CVar [[r.MaterialQualityLevel:1 ; High quality]]
[2020.02.24-16.00.51:511][  0]LogConfig: Setting CVar [[r.SSS.Scale:1]]
[2020.02.24-16.00.51:511][  0]LogConfig: Setting CVar [[r.SSS.SampleSet:2]]
[2020.02.24-16.00.51:511][  0]LogConfig: Setting CVar [[r.SSS.Quality:1]]
[2020.02.24-16.00.51:511][  0]LogConfig: Setting CVar [[r.SSS.HalfRes:1]]
[2020.02.24-16.00.51:511][  0]LogConfig: Setting CVar [[r.SSGI.Quality:3]]
[2020.02.24-16.00.51:511][  0]LogConfig: Setting CVar [[r.EmitterSpawnRateScale:1.0]]
[2020.02.24-16.00.51:511][  0]LogConfig: Setting CVar [[r.ParticleLightQuality:2]]
[2020.02.24-16.00.51:511][  0]LogConfig: Setting CVar [[r.SkyAtmosphere.AerialPerspectiveLUT.FastApplyOnOpaque:1 ; Always have FastSkyLUT 1 in this case to avoid wrong sky]]
[2020.02.24-16.00.51:511][  0]LogConfig: Setting CVar [[r.SkyAtmosphere.AerialPerspectiveLUT.SampleCountPerSlice:1]]
[2020.02.24-16.00.51:511][  0]LogConfig: Setting CVar [[r.SkyAtmosphere.AerialPerspectiveLUT.DepthResolution:16.0]]
[2020.02.24-16.00.51:511][  0]LogConfig: Setting CVar [[r.SkyAtmosphere.FastSkyLUT:1]]
[2020.02.24-16.00.51:512][  0]LogConfig: Setting CVar [[r.SkyAtmosphere.FastSkyLUT.SampleCountMin:4.0]]
[2020.02.24-16.00.51:512][  0]LogConfig: Setting CVar [[r.SkyAtmosphere.FastSkyLUT.SampleCountMax:32.0]]
[2020.02.24-16.00.51:512][  0]LogConfig: Setting CVar [[r.SkyAtmosphere.SampleCountMin:4.0]]
[2020.02.24-16.00.51:512][  0]LogConfig: Setting CVar [[r.SkyAtmosphere.SampleCountMax:32.0]]
[2020.02.24-16.00.51:512][  0]LogConfig: Setting CVar [[r.SkyAtmosphere.TransmittanceLUT.UseSmallFormat:0]]
[2020.02.24-16.00.51:512][  0]LogConfig: Setting CVar [[r.SkyAtmosphere.TransmittanceLUT.SampleCount:10.0]]
[2020.02.24-16.00.51:512][  0]LogConfig: Setting CVar [[r.SkyAtmosphere.MultiScatteringLUT.SampleCount:15.0]]
[2020.02.24-16.00.51:512][  0]LogConfig: Applying CVar settings from Section [FoliageQuality@3] File [D:/UE4/TKGames_TestRepo/TKG_Training/Saved/Config/Windows/Scalability.ini]
[2020.02.24-16.00.51:512][  0]LogConfig: Setting CVar [[foliage.DensityScale:1.0]]
[2020.02.24-16.00.51:512][  0]LogConfig: Setting CVar [[grass.DensityScale:1.0]]
[2020.02.24-16.00.51:512][  0]LogConfig: Applying CVar settings from Section [ShadingQuality@3] File [D:/UE4/TKGames_TestRepo/TKG_Training/Saved/Config/Windows/Scalability.ini]
[2020.02.24-16.00.51:512][  0]LogConfig: Setting CVar [[r.HairStrands.SkyLighting.SampleCount:16]]
[2020.02.24-16.00.51:512][  0]LogConfig: Setting CVar [[r.HairStrands.SkyLighting.JitterIntegration:0]]
[2020.02.24-16.00.51:512][  0]LogConfig: Setting CVar [[r.HairStrands.SkyAO.SampleCount:16]]
[2020.02.24-16.00.51:512][  0]LogInit: Selected Device Profile: [Windows]
[2020.02.24-16.00.51:512][  0]LogInit: Applying CVar settings loaded from the selected device profile: [Windows]
[2020.02.24-16.00.51:524][  0]LogHAL: Display: Platform has ~ 8 GB [8497946624 / 8589934592 / 8], which maps to Default [LargestMinGB=32, LargerMinGB=12, DefaultMinGB=8, SmallerMinGB=6, SmallestMinGB=0)
[2020.02.24-16.00.51:524][  0]LogInit: Going up to parent DeviceProfile []
[2020.02.24-16.00.51:524][  0]LogConfig: Applying CVar settings from Section [ViewDistanceQuality@2] File [D:/UE4/TKGames_TestRepo/TKG_Training/Saved/Config/Windows/Scalability.ini]
[2020.02.24-16.00.51:524][  0]LogConfig: Setting CVar [[r.SkeletalMeshLODBias:0]]
[2020.02.24-16.00.51:524][  0]LogConfig: Setting CVar [[r.ViewDistanceScale:0.8]]
[2020.02.24-16.00.51:524][  0]LogConfig: Applying CVar settings from Section [AntiAliasingQuality@2] File [D:/UE4/TKGames_TestRepo/TKG_Training/Saved/Config/Windows/Scalability.ini]
[2020.02.24-16.00.51:524][  0]LogConfig: Setting CVar [[r.PostProcessAAQuality:3]]
[2020.02.24-16.00.51:524][  0]LogConfig: Applying CVar settings from Section [ShadowQuality@2] File [D:/UE4/TKGames_TestRepo/TKG_Training/Saved/Config/Windows/Scalability.ini]
[2020.02.24-16.00.51:524][  0]LogConfig: Setting CVar [[r.LightFunctionQuality:1]]
[2020.02.24-16.00.51:524][  0]LogConfig: Setting CVar [[r.ShadowQuality:5]]
[2020.02.24-16.00.51:524][  0]LogConfig: Setting CVar [[r.Shadow.CSM.MaxCascades:4]]
[2020.02.24-16.00.51:524][  0]LogConfig: Setting CVar [[r.Shadow.MaxResolution:1024]]
[2020.02.24-16.00.51:524][  0]LogConfig: Setting CVar [[r.Shadow.MaxCSMResolution:2048]]
[2020.02.24-16.00.51:524][  0]LogConfig: Setting CVar [[r.Shadow.RadiusThreshold:0.04]]
[2020.02.24-16.00.51:524][  0]LogConfig: Setting CVar [[r.Shadow.DistanceScale:0.85]]
[2020.02.24-16.00.51:525][  0]LogConfig: Setting CVar [[r.Shadow.CSM.TransitionScale:0.8]]
[2020.02.24-16.00.51:525][  0]LogConfig: Setting CVar [[r.Shadow.PreShadowResolutionFactor:0.5]]
[2020.02.24-16.00.51:525][  0]LogConfig: Setting CVar [[r.DistanceFieldShadowing:1]]
[2020.02.24-16.00.51:525][  0]LogConfig: Setting CVar [[r.DistanceFieldAO:1]]
[2020.02.24-16.00.51:525][  0]LogConfig: Setting CVar [[r.AOQuality:1]]
[2020.02.24-16.00.51:525][  0]LogConfig: Setting CVar [[r.VolumetricFog:1]]
[2020.02.24-16.00.51:525][  0]LogConfig: Setting CVar [[r.VolumetricFog.GridPixelSize:16]]
[2020.02.24-16.00.51:525][  0]LogConfig: Setting CVar [[r.VolumetricFog.GridSizeZ:64]]
[2020.02.24-16.00.51:525][  0]LogConfig: Setting CVar [[r.VolumetricFog.HistoryMissSupersampleCount:4]]
[2020.02.24-16.00.51:525][  0]LogConfig: Setting CVar [[r.LightMaxDrawDistanceScale:1]]
[2020.02.24-16.00.51:525][  0]LogConfig: Setting CVar [[r.CapsuleShadows:1]]
[2020.02.24-16.00.51:525][  0]LogConfig: Applying CVar settings from Section [PostProcessQuality@2] File [D:/UE4/TKGames_TestRepo/TKG_Training/Saved/Config/Windows/Scalability.ini]
[2020.02.24-16.00.51:525][  0]LogConfig: Setting CVar [[r.MotionBlurQuality:3]]
[2020.02.24-16.00.51:525][  0]LogConfig: Setting CVar [[r.AmbientOcclusionMipLevelFactor:0.6]]
[2020.02.24-16.00.51:525][  0]LogConfig: Setting CVar [[r.AmbientOcclusionMaxQuality:100]]
[2020.02.24-16.00.51:525][  0]LogConfig: Setting CVar [[r.AmbientOcclusionLevels:-1]]
[2020.02.24-16.00.51:525][  0]LogConfig: Setting CVar [[r.AmbientOcclusionRadiusScale:1.5]]
[2020.02.24-16.00.51:525][  0]LogConfig: Setting CVar [[r.DepthOfFieldQuality:2]]
[2020.02.24-16.00.51:525][  0]LogConfig: Setting CVar [[r.RenderTargetPoolMin:400]]
[2020.02.24-16.00.51:525][  0]LogConfig: Setting CVar [[r.LensFlareQuality:2]]
[2020.02.24-16.00.51:525][  0]LogConfig: Setting CVar [[r.SceneColorFringeQuality:1]]
[2020.02.24-16.00.51:525][  0]LogConfig: Setting CVar [[r.EyeAdaptationQuality:2]]
[2020.02.24-16.00.51:525][  0]LogConfig: Setting CVar [[r.BloomQuality:5]]
[2020.02.24-16.00.51:525][  0]LogConfig: Setting CVar [[r.FastBlurThreshold:3]]
[2020.02.24-16.00.51:525][  0]LogConfig: Setting CVar [[r.Upscale.Quality:2]]
[2020.02.24-16.00.51:525][  0]LogConfig: Setting CVar [[r.Tonemapper.GrainQuantization:1]]
[2020.02.24-16.00.51:525][  0]LogConfig: Setting CVar [[r.LightShaftQuality:1]]
[2020.02.24-16.00.51:525][  0]LogConfig: Setting CVar [[r.Filter.SizeScale:0.8]]
[2020.02.24-16.00.51:525][  0]LogConfig: Setting CVar [[r.Tonemapper.Quality:5]]
[2020.02.24-16.00.51:525][  0]LogConfig: Setting CVar [[r.DOF.Gather.AccumulatorQuality:0        ; lower gathering accumulator quality]]
[2020.02.24-16.00.51:525][  0]LogConfig: Setting CVar [[r.DOF.Gather.PostfilterMethod:2          ; Max3x3 postfilering method]]
[2020.02.24-16.00.51:525][  0]LogConfig: Setting CVar [[r.DOF.Gather.EnableBokehSettings:0       ; no bokeh simulation when gathering]]
[2020.02.24-16.00.51:525][  0]LogConfig: Setting CVar [[r.DOF.Gather.RingCount:4                 ; medium number of samples when gathering]]
[2020.02.24-16.00.51:525][  0]LogConfig: Setting CVar [[r.DOF.Scatter.ForegroundCompositing:1    ; additive foreground scattering]]
[2020.02.24-16.00.51:525][  0]LogConfig: Setting CVar [[r.DOF.Scatter.BackgroundCompositing:1    ; no background occlusion]]
[2020.02.24-16.00.51:525][  0]LogConfig: Setting CVar [[r.DOF.Scatter.EnableBokehSettings:0      ; no bokeh simulation when scattering]]
[2020.02.24-16.00.51:525][  0]LogConfig: Setting CVar [[r.DOF.Scatter.MaxSpriteRatio:0.04        ; only a maximum of 4% of scattered bokeh]]
[2020.02.24-16.00.51:525][  0]LogConfig: Setting CVar [[r.DOF.Recombine.Quality:0                ; no slight out of focus]]
[2020.02.24-16.00.51:525][  0]LogConfig: Setting CVar [[r.DOF.TemporalAAQuality:0                ; faster temporal accumulation]]
[2020.02.24-16.00.51:525][  0]LogConfig: Setting CVar [[r.DOF.Kernel.MaxForegroundRadius:0.012   ; required because of AccumulatorQuality=0]]
[2020.02.24-16.00.51:525][  0]LogConfig: Setting CVar [[r.DOF.Kernel.MaxBackgroundRadius:0.012   ; required because of AccumulatorQuality=0]]
[2020.02.24-16.00.51:525][  0]LogConfig: Applying CVar settings from Section [TextureQuality@2] File [D:/UE4/TKGames_TestRepo/TKG_Training/Saved/Config/Windows/Scalability.ini]
[2020.02.24-16.00.51:525][  0]LogConfig: Setting CVar [[r.Streaming.MipBias:0]]
[2020.02.24-16.00.51:525][  0]LogConfig: Setting CVar [[r.Streaming.AmortizeCPUToGPUCopy:0]]
[2020.02.24-16.00.51:525][  0]LogConfig: Setting CVar [[r.Streaming.MaxNumTexturesToStreamPerFrame:0]]
[2020.02.24-16.00.51:525][  0]LogConfig: Setting CVar [[r.Streaming.Boost:1]]
[2020.02.24-16.00.51:525][  0]LogConfig: Setting CVar [[r.MaxAnisotropy:4]]
[2020.02.24-16.00.51:525][  0]LogConfig: Setting CVar [[r.VT.MaxAnisotropy:8]]
[2020.02.24-16.00.51:525][  0]LogConfig: Setting CVar [[r.Streaming.LimitPoolSizeToVRAM:1]]
[2020.02.24-16.00.51:525][  0]LogConfig: Setting CVar [[r.Streaming.PoolSize:800]]
[2020.02.24-16.00.51:525][  0]LogConfig: Setting CVar [[r.Streaming.MaxEffectiveScreenSize:0]]
[2020.02.24-16.00.51:525][  0]LogConfig: Applying CVar settings from Section [EffectsQuality@2] File [D:/UE4/TKGames_TestRepo/TKG_Training/Saved/Config/Windows/Scalability.ini]
[2020.02.24-16.00.51:525][  0]LogConfig: Setting CVar [[r.TranslucencyLightingVolumeDim:48]]
[2020.02.24-16.00.51:525][  0]LogConfig: Setting CVar [[r.RefractionQuality:2]]
[2020.02.24-16.00.51:525][  0]LogConfig: Setting CVar [[r.SSR.Quality:2]]
[2020.02.24-16.00.51:525][  0]LogConfig: Setting CVar [[r.SSR.HalfResSceneColor:1]]
[2020.02.24-16.00.51:525][  0]LogConfig: Setting CVar [[r.SceneColorFormat:3]]
[2020.02.24-16.00.51:525][  0]LogConfig: Setting CVar [[r.DetailMode:1]]
[2020.02.24-16.00.51:525][  0]LogConfig: Setting CVar [[r.TranslucencyVolumeBlur:1]]
[2020.02.24-16.00.51:525][  0]LogConfig: Setting CVar [[r.MaterialQualityLevel:1 ; High quality]]
[2020.02.24-16.00.51:525][  0]LogConfig: Setting CVar [[r.SSS.Scale:1]]
[2020.02.24-16.00.51:525][  0]LogConfig: Setting CVar [[r.SSS.SampleSet:1]]
[2020.02.24-16.00.51:525][  0]LogConfig: Setting CVar [[r.SSS.Quality:-1]]
[2020.02.24-16.00.51:525][  0]LogConfig: Setting CVar [[r.SSS.HalfRes:1]]
[2020.02.24-16.00.51:526][  0]LogConfig: Setting CVar [[r.SSGI.Quality:2]]
[2020.02.24-16.00.51:526][  0]LogConfig: Setting CVar [[r.EmitterSpawnRateScale:0.5]]
[2020.02.24-16.00.51:526][  0]LogConfig: Setting CVar [[r.ParticleLightQuality:1]]
[2020.02.24-16.00.51:526][  0]LogConfig: Setting CVar [[r.SkyAtmosphere.AerialPerspectiveLUT.FastApplyOnOpaque:1 ; Always have FastSkyLUT 1 in this case to avoid wrong sky]]
[2020.02.24-16.00.51:526][  0]LogConfig: Setting CVar [[r.SkyAtmosphere.AerialPerspectiveLUT.SampleCountPerSlice:1]]
[2020.02.24-16.00.51:526][  0]LogConfig: Setting CVar [[r.SkyAtmosphere.AerialPerspectiveLUT.DepthResolution:16.0]]
[2020.02.24-16.00.51:526][  0]LogConfig: Setting CVar [[r.SkyAtmosphere.FastSkyLUT:1]]
[2020.02.24-16.00.51:526][  0]LogConfig: Setting CVar [[r.SkyAtmosphere.FastSkyLUT.SampleCountMin:4.0]]
[2020.02.24-16.00.51:526][  0]LogConfig: Setting CVar [[r.SkyAtmosphere.FastSkyLUT.SampleCountMax:32.0]]
[2020.02.24-16.00.51:526][  0]LogConfig: Setting CVar [[r.SkyAtmosphere.SampleCountMin:4.0]]
[2020.02.24-16.00.51:526][  0]LogConfig: Setting CVar [[r.SkyAtmosphere.SampleCountMax:32.0]]
[2020.02.24-16.00.51:526][  0]LogConfig: Setting CVar [[r.SkyAtmosphere.TransmittanceLUT.UseSmallFormat:0]]
[2020.02.24-16.00.51:526][  0]LogConfig: Setting CVar [[r.SkyAtmosphere.TransmittanceLUT.SampleCount:10.0]]
[2020.02.24-16.00.51:526][  0]LogConfig: Setting CVar [[r.SkyAtmosphere.MultiScatteringLUT.SampleCount:15.0]]
[2020.02.24-16.00.51:526][  0]LogConfig: Applying CVar settings from Section [FoliageQuality@2] File [D:/UE4/TKGames_TestRepo/TKG_Training/Saved/Config/Windows/Scalability.ini]
[2020.02.24-16.00.51:526][  0]LogConfig: Setting CVar [[foliage.DensityScale:0.8]]
[2020.02.24-16.00.51:526][  0]LogConfig: Setting CVar [[grass.DensityScale:0.8]]
[2020.02.24-16.00.51:526][  0]LogConfig: Applying CVar settings from Section [ShadingQuality@3] File [D:/UE4/TKGames_TestRepo/TKG_Training/Saved/Config/Windows/Scalability.ini]
[2020.02.24-16.00.51:526][  0]LogConfig: Setting CVar [[r.HairStrands.SkyLighting.SampleCount:16]]
[2020.02.24-16.00.51:526][  0]LogConfig: Setting CVar [[r.HairStrands.SkyLighting.JitterIntegration:0]]
[2020.02.24-16.00.51:526][  0]LogConfig: Setting CVar [[r.HairStrands.SkyAO.SampleCount:16]]
[2020.02.24-16.00.51:526][  0]LogConfig: Applying CVar settings from Section [Startup] File [../../../Engine/Config/ConsoleVariables.ini]
[2020.02.24-16.00.51:533][  0]LogConfig: Setting CVar [[net.UseAdaptiveNetUpdateFrequency:0]]
[2020.02.24-16.00.51:533][  0]LogConfig: Setting CVar [[p.chaos.AllowCreatePhysxBodies:1]]
[2020.02.24-16.00.51:533][  0]LogConfig: Applying CVar settings from Section [ConsoleVariables] File [D:/UE4/TKGames_TestRepo/TKG_Training/Saved/Config/Windows/Engine.ini]
[2020.02.24-16.00.51:535][  0]LogInit: Computer: DESKTOP-D3182AT
[2020.02.24-16.00.51:535][  0]LogInit: User: Klaudia
[2020.02.24-16.00.51:535][  0]LogInit: CPU Page size=4096, Cores=4
[2020.02.24-16.00.51:535][  0]LogInit: High frequency timer resolution =10.000000 MHz
[2020.02.24-16.00.51:535][  0]LogMemory: Memory total: Physical=7.9GB (8GB approx)
[2020.02.24-16.00.51:535][  0]LogMemory: Platform Memory Stats for Windows
[2020.02.24-16.00.51:535][  0]LogMemory: Process Physical Memory: 104.58 MB used, 104.59 MB peak
[2020.02.24-16.00.51:535][  0]LogMemory: Process Virtual Memory: 100.39 MB used, 100.39 MB peak
[2020.02.24-16.00.51:535][  0]LogMemory: Physical Memory: 4027.71 MB used,  4076.57 MB free, 8104.27 MB total
[2020.02.24-16.00.51:535][  0]LogMemory: Virtual Memory: 5152.04 MB used,  134212576.00 MB free, 134217728.00 MB total
[2020.02.24-16.00.51:540][  0]LogWindows: WindowsPlatformFeatures enabled
[2020.02.24-16.00.51:896][  0]LogInit: Using OS detected language (pl-PL).
[2020.02.24-16.00.51:896][  0]LogInit: Using OS detected locale (pl-PL).
[2020.02.24-16.00.51:898][  0]LogTextLocalizationManager: No specific localization for 'pl-PL' exists, so the 'pl' localization will be used.
[2020.02.24-16.00.51:898][  0]LogTextLocalizationResource: LocRes '../../../Engine/Content/Localization/Editor/pl/Editor.locres' could not be opened for reading!
[2020.02.24-16.00.51:898][  0]LogTextLocalizationResource: LocRes '../../../Engine/Content/Localization/EditorTutorials/pl/EditorTutorials.locres' could not be opened for reading!
[2020.02.24-16.00.51:898][  0]LogTextLocalizationResource: LocRes '../../../Engine/Content/Localization/Keywords/pl/Keywords.locres' could not be opened for reading!
[2020.02.24-16.00.51:898][  0]LogTextLocalizationResource: LocRes '../../../Engine/Content/Localization/Category/pl/Category.locres' could not be opened for reading!
[2020.02.24-16.00.51:898][  0]LogTextLocalizationResource: LocRes '../../../Engine/Content/Localization/ToolTips/pl/ToolTips.locres' could not be opened for reading!
[2020.02.24-16.00.51:898][  0]LogTextLocalizationResource: LocRes '../../../Engine/Content/Localization/PropertyNames/pl/PropertyNames.locres' could not be opened for reading!
[2020.02.24-16.00.51:899][  0]LogTextLocalizationResource: LocRes '../../../Engine/Content/Localization/Engine/pl/Engine.locres' could not be opened for reading!
[2020.02.24-16.00.51:935][  0]LogInit: Setting process to per monitor DPI aware
[2020.02.24-16.00.52:076][  0]LogSlate: New Slate User Created.  User Index 0, Is Virtual User: 0
[2020.02.24-16.00.52:076][  0]LogSlate: Slate User Registered.  User Index 0, Is Virtual User: 0
[2020.02.24-16.00.55:587][  0]LogHMD: Failed to initialize OpenVR with code 110
[2020.02.24-16.00.55:587][  0]LogD3D11RHI: D3D11 min allowed feature level: 11_0
[2020.02.24-16.00.55:587][  0]LogD3D11RHI: D3D11 max allowed feature level: 11_0
[2020.02.24-16.00.55:587][  0]LogD3D11RHI: D3D11 adapters:
[2020.02.24-16.00.55:639][  0]LogD3D11RHI:    0. 'NVIDIA GeForce GTX 960M' (Feature Level 11_0)
[2020.02.24-16.00.55:639][  0]LogD3D11RHI:       4064/0/4052 MB DedicatedVideo/DedicatedSystem/SharedSystem, Outputs:2, VendorId:0x10de
[2020.02.24-16.00.55:651][  0]LogD3D11RHI:    1. 'Intel(R) HD Graphics 4600' (Feature Level 11_0)
[2020.02.24-16.00.55:651][  0]LogD3D11RHI:       112/0/2048 MB DedicatedVideo/DedicatedSystem/SharedSystem, Outputs:0, VendorId:0x8086
[2020.02.24-16.00.55:654][  0]LogD3D11RHI:    2. 'Microsoft Basic Render Driver' (Feature Level 11_0)
[2020.02.24-16.00.55:654][  0]LogD3D11RHI:       0/0/4052 MB DedicatedVideo/DedicatedSystem/SharedSystem, Outputs:0, VendorId:0x1414
[2020.02.24-16.00.55:654][  0]LogD3D11RHI: Chosen D3D11 Adapter: 0
[2020.02.24-16.00.55:681][  0]LogD3D11RHI: Creating new Direct3DDevice
[2020.02.24-16.00.55:682][  0]LogD3D11RHI:     GPU DeviceId: 0x139b (for the marketing name, search the web for "GPU Device Id")
[2020.02.24-16.00.55:682][  0]LogWindows: EnumDisplayDevices:
[2020.02.24-16.00.55:682][  0]LogWindows:    0. 'Intel(R) HD Graphics 4600' (P:1 D:1)
[2020.02.24-16.00.55:683][  0]LogWindows:    1. 'Intel(R) HD Graphics 4600' (P:0 D:1)
[2020.02.24-16.00.55:683][  0]LogWindows:    2. 'Intel(R) HD Graphics 4600' (P:0 D:0)
[2020.02.24-16.00.55:684][  0]LogWindows: DebugString: PrimaryIsNotTheChoosenAdapter PrimaryIsNotTheChoosenAdapter PrimaryIsNotTheChoosenAdapter FoundDriverCount:0 
[2020.02.24-16.00.55:684][  0]LogD3D11RHI:     Adapter Name: NVIDIA GeForce GTX 960M
[2020.02.24-16.00.55:684][  0]LogD3D11RHI:   Driver Version: Unknown (internal:Unknown, unified:Unknown)
[2020.02.24-16.00.55:684][  0]LogD3D11RHI:      Driver Date: Unknown
[2020.02.24-16.00.55:684][  0]LogRHI: Texture pool is 2845 MB (70% of 4064 MB)
[2020.02.24-16.00.55:718][  0]LogD3D11RHI: RHI does not have support for 64 bit atomics
[2020.02.24-16.00.55:720][  0]LogD3D11RHI: Async texture creation enabled
[2020.02.24-16.00.55:749][  0]LogD3D11RHI: GPU Timing Frequency: 1000.000000 (Debug: 2 1)
[2020.02.24-16.00.56:607][  0]LogTargetPlatformManager: Display: Loaded TargetPlatform 'AllDesktop'
[2020.02.24-16.00.56:683][  0]LogTargetPlatformManager: Display: Loaded TargetPlatform 'Android'
[2020.02.24-16.00.56:684][  0]LogTargetPlatformManager: Display: Loaded TargetPlatform 'Android_ASTC'
[2020.02.24-16.00.56:684][  0]LogTargetPlatformManager: Display: Loaded TargetPlatform 'Android_ATC'
[2020.02.24-16.00.56:684][  0]LogTargetPlatformManager: Display: Loaded TargetPlatform 'Android_DXT'
[2020.02.24-16.00.56:684][  0]LogTargetPlatformManager: Display: Loaded TargetPlatform 'Android_ETC1'
[2020.02.24-16.00.56:684][  0]LogTargetPlatformManager: Display: Loaded TargetPlatform 'Android_ETC1a'
[2020.02.24-16.00.56:684][  0]LogTargetPlatformManager: Display: Loaded TargetPlatform 'Android_ETC2'
[2020.02.24-16.00.56:684][  0]LogTargetPlatformManager: Display: Loaded TargetPlatform 'Android_PVRTC'
[2020.02.24-16.00.56:684][  0]LogTargetPlatformManager: Display: Loaded TargetPlatform 'AndroidClient'
[2020.02.24-16.00.56:684][  0]LogTargetPlatformManager: Display: Loaded TargetPlatform 'Android_ASTCClient'
[2020.02.24-16.00.56:684][  0]LogTargetPlatformManager: Display: Loaded TargetPlatform 'Android_ATCClient'
[2020.02.24-16.00.56:684][  0]LogTargetPlatformManager: Display: Loaded TargetPlatform 'Android_DXTClient'
[2020.02.24-16.00.56:684][  0]LogTargetPlatformManager: Display: Loaded TargetPlatform 'Android_ETC1Client'
[2020.02.24-16.00.56:684][  0]LogTargetPlatformManager: Display: Loaded TargetPlatform 'Android_ETC1aClient'
[2020.02.24-16.00.56:684][  0]LogTargetPlatformManager: Display: Loaded TargetPlatform 'Android_ETC2Client'
[2020.02.24-16.00.56:684][  0]LogTargetPlatformManager: Display: Loaded TargetPlatform 'Android_PVRTCClient'
[2020.02.24-16.00.56:684][  0]LogTargetPlatformManager: Display: Loaded TargetPlatform 'Android_Multi'
[2020.02.24-16.00.56:684][  0]LogTargetPlatformManager: Display: Loaded TargetPlatform 'Android_MultiClient'
[2020.02.24-16.00.56:779][  0]LogTargetPlatformManager: Display: Loaded TargetPlatform 'IOSClient'
[2020.02.24-16.00.56:779][  0]LogTargetPlatformManager: Display: Loaded TargetPlatform 'IOS'
[2020.02.24-16.00.56:808][  0]LogTargetPlatformManager: Display: Loaded TargetPlatform 'LinuxNoEditor'
[2020.02.24-16.00.56:837][  0]LogTargetPlatformManager: Display: Loaded TargetPlatform 'LinuxClient'
[2020.02.24-16.00.56:864][  0]LogTargetPlatformManager: Display: Loaded TargetPlatform 'LinuxServer'
[2020.02.24-16.00.56:894][  0]LogTargetPlatformManager: Display: Loaded TargetPlatform 'LinuxAArch64NoEditor'
[2020.02.24-16.00.56:923][  0]LogTargetPlatformManager: Display: Loaded TargetPlatform 'LinuxAArch64Client'
[2020.02.24-16.00.56:952][  0]LogTargetPlatformManager: Display: Loaded TargetPlatform 'LinuxAArch64Server'
[2020.02.24-16.00.57:009][  0]LogTargetPlatformManager: Display: Loaded TargetPlatform 'Lumin'
[2020.02.24-16.00.57:009][  0]LogTargetPlatformManager: Display: Loaded TargetPlatform 'LuminClient'
[2020.02.24-16.00.57:044][  0]LogTargetPlatformManager: Display: Loaded TargetPlatform 'TVOSClient'
[2020.02.24-16.00.57:044][  0]LogTargetPlatformManager: Display: Loaded TargetPlatform 'TVOS'
[2020.02.24-16.00.57:074][  0]LogTargetPlatformManager: Display: Loaded TargetPlatform 'WindowsNoEditor'
[2020.02.24-16.00.57:104][  0]LogTargetPlatformManager: Display: Loaded TargetPlatform 'Windows'
[2020.02.24-16.00.57:132][  0]LogTargetPlatformManager: Display: Loaded TargetPlatform 'WindowsClient'
[2020.02.24-16.00.57:160][  0]LogTargetPlatformManager: Display: Loaded TargetPlatform 'WindowsServer'
[2020.02.24-16.00.57:160][  0]LogTargetPlatformManager: Display: Building Assets For Windows
[2020.02.24-16.00.57:246][  0]LogAudioDebug: Display: Lib vorbis DLL was dynamically loaded.
[2020.02.24-16.00.57:678][  0]LogShaderCompilers: Guid format shader working directory is 22 characters bigger than the processId version (../../../../TKGames_TestRepo/TKG_Training/Intermediate/Shaders/WorkingDirectory/13876/).
[2020.02.24-16.00.57:679][  0]LogShaderCompilers: Cleaned the shader compiler working directory 'C:/Users/Klaudia.DESKTOP-D3182AT/AppData/Local/Temp/UnrealShaderWorkingDir/635495064E57E243E0A2C6B6429FA791/'.
[2020.02.24-16.00.57:680][  0]LogXGEController: Cleaning working directory: C:/Users/Klaudia.DESKTOP-D3182AT/AppData/Local/Temp/UnrealXGEWorkingDir/
[2020.02.24-16.00.57:680][  0]LogXGEController: Cannot use XGE Controller as Incredibuild is not installed on this machine.
[2020.02.24-16.00.57:681][  0]LogShaderCompilers: Cannot use XGE Shader Compiler as Incredibuild is not installed on this machine.
[2020.02.24-16.00.57:681][  0]LogShaderCompilers: Display: Using Local Shader Compiler.
[2020.02.24-16.01.01:539][  0]LogDerivedDataCache: Display: Max Cache Size: 512 MB
[2020.02.24-16.01.01:762][  0]LogDerivedDataCache: Loaded boot cache 0.22s 78MB C:/Users/Klaudia.DESKTOP-D3182AT/AppData/Local/UnrealEngine/4.24/DerivedDataCache/Boot.ddc.
[2020.02.24-16.01.01:763][  0]LogDerivedDataCache: Display: Loaded Boot cache: C:/Users/Klaudia.DESKTOP-D3182AT/AppData/Local/UnrealEngine/4.24/DerivedDataCache/Boot.ddc
[2020.02.24-16.01.01:763][  0]LogDerivedDataCache: FDerivedDataBackendGraph:  Pak pak cache file ../../../../TKGames_TestRepo/TKG_Training/DerivedDataCache/DDC.ddp not found, will not use a pak cache.
[2020.02.24-16.01.01:763][  0]LogDerivedDataCache: Unable to find inner node Pak for hierarchical cache Hierarchy.
[2020.02.24-16.01.01:763][  0]LogDerivedDataCache: FDerivedDataBackendGraph:  CompressedPak pak cache file ../../../../TKGames_TestRepo/TKG_Training/DerivedDataCache/Compressed.ddp not found, will not use a pak cache.
[2020.02.24-16.01.01:763][  0]LogDerivedDataCache: Unable to find inner node CompressedPak for hierarchical cache Hierarchy.
[2020.02.24-16.01.01:791][  0]LogDerivedDataCache: Display: Pak cache opened for reading ../../../Engine/DerivedDataCache/Compressed.ddp.
[2020.02.24-16.01.01:792][  0]LogDerivedDataCache: FDerivedDataBackendGraph:  EnterprisePak pak cache file ../../../Enterprise/DerivedDataCache/Compressed.ddp not found, will not use a pak cache.
[2020.02.24-16.01.01:792][  0]LogDerivedDataCache: Unable to find inner node EnterprisePak for hierarchical cache Hierarchy.
[2020.02.24-16.01.01:794][  0]LogDerivedDataCache: Using Local data cache path C:/Users/Klaudia.DESKTOP-D3182AT/AppData/Local/UnrealEngine/Common/DerivedDataCache: Writable
[2020.02.24-16.01.01:794][  0]LogDerivedDataCache: Shared data cache path not found in *engine.ini, will not use an Shared cache.
[2020.02.24-16.01.01:795][  0]LogDerivedDataCache: Unable to find inner node Shared for hierarchical cache Hierarchy.
[2020.02.24-16.01.01:834][  0]LogMaterial: Verifying Global Shaders for PCD3D_SM5
[2020.02.24-16.01.01:847][  0]LogSlate: Using FreeType 2.10.0
[2020.02.24-16.01.01:865][  0]LogSlate: SlateFontServices - WITH_FREETYPE: 1, WITH_HARFBUZZ: 1
[2020.02.24-16.01.02:202][  0]LogAssetRegistry: FAssetRegistry took 0.0074 seconds to start up
[2020.02.24-16.01.02:926][  0]LogInit: Selected Device Profile: [Windows]
[2020.02.24-16.01.03:624][  0]LogMeshReduction: Using QuadricMeshReduction for automatic static mesh reduction
[2020.02.24-16.01.03:624][  0]LogMeshReduction: Using SimplygonMeshReduction for automatic skeletal mesh reduction
[2020.02.24-16.01.03:624][  0]LogMeshReduction: Using ProxyLODMeshReduction for automatic mesh merging
[2020.02.24-16.01.03:624][  0]LogMeshReduction: No distributed automatic mesh merging module available
[2020.02.24-16.01.03:624][  0]LogMeshMerging: No distributed automatic mesh merging module available
[2020.02.24-16.01.03:711][  0]LogNetVersion: TKG_Training 1.0.0, NetCL: 10570792, EngineNetVer: 13, GameNetVer: 0 (Checksum: 2082798636)
[2020.02.24-16.01.08:955][  0]LogPackageLocalizationCache: Processed 10 localized package path(s) for 1 prioritized culture(s) in 0.081028 seconds
[2020.02.24-16.01.08:966][  0]LogUObjectArray: 46750 objects as part of root set at end of initial load.
[2020.02.24-16.01.08:967][  0]LogUObjectAllocator: 8137160 out of 0 bytes used by permanent object pool.
[2020.02.24-16.01.08:967][  0]LogUObjectArray: CloseDisregardForGC: 0/0 objects in disregard for GC pool
[2020.02.24-16.01.11:631][  0]LogSubstanceCoreModule: Substance [CPU] Engine Loaded, Max Texture Size = 2048
[2020.02.24-16.01.11:712][  0]LogTcpMessaging: Initializing TcpMessaging bridge
[2020.02.24-16.01.11:742][  0]LogUdpMessaging: Initializing bridge on interface 0.0.0.0:0 to multicast group 230.0.0.1:6666.
[2020.02.24-16.01.12:212][  0]SourceControl: Source control is disabled
[2020.02.24-16.01.12:214][  0]SourceControl: Source control is disabled
[2020.02.24-16.01.12:249][  0]SourceControl: Source control is disabled
[2020.02.24-16.01.12:278][  0]SourceControl: Source control is disabled
[2020.02.24-16.01.12:304][  0]SourceControl: Source control is disabled
[2020.02.24-16.01.13:269][  0]LogAndroidPermission: UAndroidPermissionCallbackProxy::GetInstance
[2020.02.24-16.01.13:404][  0]LogAudioCaptureCore: Display: No Audio Capture implementations found. Audio input will be silent.
[2020.02.24-16.01.13:404][  0]LogAudioCaptureCore: Display: No Audio Capture implementations found. Audio input will be silent.
[2020.02.24-16.01.13:797][  0]LogOcInput: OculusInput pre-init called
[2020.02.24-16.01.13:853][  0]LogWindows: Failed to load 'OVRPlugin.dll' (GetLastError=126)
[2020.02.24-16.01.13:854][  0]LogWindows: File 'OVRPlugin.dll' does not exist
[2020.02.24-16.01.14:403][  0]LogEngine: Initializing Engine...
[2020.02.24-16.01.14:408][  0]LogHMD: Failed to initialize OpenVR with code 110
[2020.02.24-16.01.14:416][  0]LogStats: UGameplayTagsManager::InitializeManager -  0.003 s
[2020.02.24-16.01.15:204][  0]LogInit: Initializing FReadOnlyCVARCache
[2020.02.24-16.01.15:304][  0]LogAIModule: Creating AISystem for world Untitled
[2020.02.24-16.01.15:353][  0]LogAudioMixer: Display: Audio Mixer Platform Settings:
[2020.02.24-16.01.15:354][  0]LogAudioMixer: Display: 	Sample Rate:						  48000
[2020.02.24-16.01.15:354][  0]LogAudioMixer: Display: 	Callback Buffer Frame Size Requested: 1024
[2020.02.24-16.01.15:354][  0]LogAudioMixer: Display: 	Callback Buffer Frame Size To Use:	  1024
[2020.02.24-16.01.15:354][  0]LogAudioMixer: Display: 	Number of buffers to queue:			  2
[2020.02.24-16.01.15:354][  0]LogAudioMixer: Display: 	Max Channels (voices):				  32
[2020.02.24-16.01.15:354][  0]LogAudioMixer: Display: 	Number of Async Source Workers:		  0
[2020.02.24-16.01.15:354][  0]LogAudio: Display: AudioDevice MaxSources: 32
[2020.02.24-16.01.15:358][  0]LogAudio: Display: Using built-in audio occlusion.
[2020.02.24-16.01.15:358][  0]LogAudioMixer: Display: Initializing audio mixer.
[2020.02.24-16.01.15:438][  0]LogAudioMixer: Display: Audio Device Output Speaker Info:
[2020.02.24-16.01.15:438][  0]LogAudioMixer: Display: Name: Głośniki (Realtek High Definition Audio)
[2020.02.24-16.01.15:438][  0]LogAudioMixer: Display: Is Default: Yes
[2020.02.24-16.01.15:438][  0]LogAudioMixer: Display: Sample Rate: 48000
[2020.02.24-16.01.15:438][  0]LogAudioMixer: Display: Channel Count Used: 2
[2020.02.24-16.01.15:438][  0]LogAudioMixer: Display: Device Channel Count: 2
[2020.02.24-16.01.15:438][  0]LogAudioMixer: Display: Channel Order:
[2020.02.24-16.01.15:438][  0]LogAudioMixer: Display: 0: FrontLeft
[2020.02.24-16.01.15:438][  0]LogAudioMixer: Display: 1: FrontRight
[2020.02.24-16.01.15:622][  0]LogAudioMixer: Display: Using Audio Device Głośniki (Realtek High Definition Audio)
[2020.02.24-16.01.15:629][  0]LogInit: FAudioDevice initialized.
[2020.02.24-16.01.15:630][  0]LogNetVersion: Set ProjectVersion to 1.0.0.0. Version Checksum will be recalculated on next use.
[2020.02.24-16.01.15:727][  0]LogDerivedDataCache: Saved boot cache 0.10s 78MB C:/Users/Klaudia.DESKTOP-D3182AT/AppData/Local/UnrealEngine/4.24/DerivedDataCache/Boot.ddc.
[2020.02.24-16.01.15:739][  0]LogInit: Texture streaming: Enabled
[2020.02.24-16.01.15:846][  0]LogEngineSessionManager: EngineSessionManager initialized
[2020.02.24-16.01.15:847][  0]LogEditorSessionSummary: Verbose: Initializing EditorSessionSummaryWriter for editor session tracking
[2020.02.24-16.01.15:863][  0]LogEditorSessionSummary: EditorSessionSummaryWriter initialized
[2020.02.24-16.01.16:039][  0]LogInit: Transaction tracking system initialized
[2020.02.24-16.01.16:206][  0]BlueprintLog: New page: Editor Load
[2020.02.24-16.01.16:667][  0]LocalizationService: Localization service is disabled
[2020.02.24-16.01.17:797][  0]LogFileCache: Scanning file cache for directory 'D:/UE4/TKGames_TestRepo/TKG_Training/Content/' took 0.01s
[2020.02.24-16.01.17:797][  0]LogCook: Display: Max memory allowance for cook 16384mb min free memory 0mb
[2020.02.24-16.01.17:797][  0]LogCook: Display: Mobile HDR setting 1
[2020.02.24-16.01.19:694][  0]SourceControl: Source control is disabled
[2020.02.24-16.01.19:698][  0]Cmd: MAP LOAD FILE="../../../../TKGames_TestRepo/TKG_Training/Content/ThirdPersonBP/Maps/ThirdPersonExampleMap.umap" TEMPLATE=0 SHOWPROGRESS=1 FEATURELEVEL=3
[2020.02.24-16.01.19:700][  0]LightingResults: New page: Lighting Build
[2020.02.24-16.01.19:709][  0]LogWorld: UWorld::CleanupWorld for Untitled, bSessionEnded=true, bCleanupResources=true
[2020.02.24-16.01.19:710][  0]LogSlate: InvalidateAllWidgets triggered.  All widgets were invalidated
[2020.02.24-16.01.19:712][  0]MapCheck: New page: Map Check
[2020.02.24-16.01.19:712][  0]LightingResults: New page: Lighting Build
[2020.02.24-16.01.19:767][  0]LogUObjectHash: Compacting FUObjectHashTables data took   2.46ms
[2020.02.24-16.01.20:118][  0]LogLinker: Warning: While loading '../../../../TKGames_TestRepo/TKG_Training/Content/ThirdPersonBP/Maps/ThirdPersonExampleMap.umap' failed to load '/Game/ThirdPersonBP/Maps/ThirdPersonExampleMap_BuiltData': Can't find file.
[2020.02.24-16.01.20:118][  0]LogLinker: Warning: While loading '../../../../TKGames_TestRepo/TKG_Training/Content/ThirdPersonBP/Maps/ThirdPersonExampleMap.umap' failed to load '/Game/ThirdPersonBP/Maps/ThirdPersonExampleMap_BuiltData': Can't find file.
[2020.02.24-16.01.20:126][  0]LogLinker: Warning: While loading '../../../../TKGames_TestRepo/TKG_Training/Content/ThirdPersonBP/Maps/ThirdPersonExampleMap.umap' failed to load '/Game/ThirdPersonBP/Maps/ThirdPersonExampleMap_BuiltData': Can't find file.
[2020.02.24-16.01.20:126][  0]LogLinker: Warning: While loading '../../../../TKGames_TestRepo/TKG_Training/Content/ThirdPersonBP/Maps/ThirdPersonExampleMap.umap' failed to load '/Game/ThirdPersonBP/Maps/ThirdPersonExampleMap_BuiltData': Can't find file.
[2020.02.24-16.01.20:128][  0]LogLinker: Warning: Failed to load '/Game/ThirdPersonBP/Maps/ThirdPersonExampleMap_BuiltData': Can't find file.
[2020.02.24-16.01.20:128][  0]LogLinker: Warning: Failed to load '/Game/ThirdPersonBP/Maps/ThirdPersonExampleMap_BuiltData': Can't find file.
[2020.02.24-16.01.20:128][  0]LogLinker: Warning: Failed to load '/Game/ThirdPersonBP/Maps/ThirdPersonExampleMap_BuiltData': Can't find file.
[2020.02.24-16.01.20:128][  0]LogLinker: Warning: Failed to load '/Game/ThirdPersonBP/Maps/ThirdPersonExampleMap_BuiltData': Can't find file.
[2020.02.24-16.01.20:136][  0]LogLinker: Warning: While loading '../../../../TKGames_TestRepo/TKG_Training/Content/ThirdPersonBP/Maps/ThirdPersonExampleMap.umap' failed to load '/Game/ThirdPersonBP/Maps/ThirdPersonExampleMap_BuiltData': Can't find file.
[2020.02.24-16.01.20:136][  0]LoadErrors: Failed to load /Game/ThirdPersonBP/Maps/ThirdPersonExampleMap_BuiltData.ThirdPersonExampleMap_BuiltData Referenced by PersistentLevel
[2020.02.24-16.01.20:136][  0]LogLinker: Warning: While loading '../../../../TKGames_TestRepo/TKG_Training/Content/ThirdPersonBP/Maps/ThirdPersonExampleMap.umap' failed to load '/Game/ThirdPersonBP/Maps/ThirdPersonExampleMap_BuiltData': Can't find file.
[2020.02.24-16.01.20:136][  0]LoadErrors: Failed to load /Game/ThirdPersonBP/Maps/ThirdPersonExampleMap_BuiltData.ThirdPersonExampleMap_BuiltData Referenced by PersistentLevel
[2020.02.24-16.01.20:360][  0]LogAIModule: Creating AISystem for world ThirdPersonExampleMap
[2020.02.24-16.01.20:414][  0]LogEditorServer: Finished looking for orphan Actors (0.000 secs)
[2020.02.24-16.01.20:457][  0]LogUObjectHash: Compacting FUObjectHashTables data took   3.20ms
[2020.02.24-16.01.20:458][  0]Cmd: MAP CHECKDEP NOCLEARLOG
[2020.02.24-16.01.20:459][  0]MapCheck: Map check complete: 0 Error(s), 0 Warning(s), took 0,57ms to complete.
[2020.02.24-16.01.20:459][  0]LogFileHelpers: Loading map 'ThirdPersonExampleMap' took 0.763
[2020.02.24-16.01.20:810][  0]LogSlate: Updating window title bar state: overlay mode, drag disabled, window buttons hidden, title bar hidden
[2020.02.24-16.01.20:823][  0]LogSlate: Updating window title bar state: overlay mode, drag disabled, window buttons hidden, title bar hidden
[2020.02.24-16.01.20:834][  0]LogSlate: Updating window title bar state: overlay mode, drag disabled, window buttons hidden, title bar hidden
[2020.02.24-16.01.20:844][  0]LogSlate: Updating window title bar state: overlay mode, drag disabled, window buttons hidden, title bar hidden
[2020.02.24-16.01.20:905][  0]LogCollectionManager: Loaded 0 collections in 0.002238 seconds
[2020.02.24-16.01.20:966][  0]LogFileCache: Scanning file cache for directory 'D:/UE4/TKGames_TestRepo/TKG_Training/Saved/Collections/' took 0.00s
[2020.02.24-16.01.20:966][  0]LogFileCache: Scanning file cache for directory 'D:/UE4/TKGames_TestRepo/TKG_Training/Content/Developers/Klaudia/Collections/' took 0.00s
[2020.02.24-16.01.20:966][  0]LogFileCache: Scanning file cache for directory 'D:/UE4/TKGames_TestRepo/TKG_Training/Content/Collections/' took 0.00s
[2020.02.24-16.01.20:966][  0]LogContentBrowser: Native class hierarchy populated in 0.0195 seconds. Added 3029 classes and 723 folders.
[2020.02.24-16.01.20:982][  0]LogContentBrowser: Native class hierarchy updated for 'WidgetCarousel' in 0.0006 seconds. Added 0 classes and 0 folders.
[2020.02.24-16.01.21:462][  0]LogContentBrowser: Native class hierarchy updated for 'AddContentDialog' in 0.0003 seconds. Added 0 classes and 0 folders.
[2020.02.24-16.01.21:491][  0]LogContentBrowser: Native class hierarchy updated for 'SceneOutliner' in 0.0004 seconds. Added 2 classes and 3 folders.
[2020.02.24-16.01.21:545][  0]LogContentBrowser: Native class hierarchy updated for 'WorldBrowser' in 0.0003 seconds. Added 2 classes and 3 folders.
[2020.02.24-16.01.21:876][  0]LogSlate: Took 0.008498 seconds to synchronously load lazily loaded font '../../../Engine/Content/Slate/Fonts/Roboto-Regular.ttf' (155K)
[2020.02.24-16.01.21:889][  0]LogSlate: Took 0.008028 seconds to synchronously load lazily loaded font '../../../Engine/Content/Slate/Fonts/Roboto-Bold.ttf' (160K)
[2020.02.24-16.01.21:908][  0]LogSlate: Took 0.009074 seconds to synchronously load lazily loaded font '../../../Engine/Content/Editor/Slate/Fonts/FontAwesome.ttf' (139K)
[2020.02.24-16.01.22:149][  0]LogRenderer: Reallocating scene render targets to support 1152x652 Format 9 NumSamples 1 (Frame:1).
[2020.02.24-16.01.22:397][  0]LogContentBrowser: Native class hierarchy updated for 'HierarchicalLODOutliner' in 0.0003 seconds. Added 0 classes and 0 folders.
[2020.02.24-16.01.22:397][  0]LogLoad: (Engine Initialization) Total time: 37.38 seconds
[2020.02.24-16.01.22:397][  0]LogLoad: (Engine Initialization) Total Blueprint compile time: 0.00 seconds
[2020.02.24-16.01.22:493][  0]LogContentStreaming: Texture pool size now 800 MB
[2020.02.24-16.01.22:677][  1]LogSubstanceLiveLink: Warning: Unable to send data along socket, closing connection
[2020.02.24-16.01.23:248][ 10]LogSlate: Took 0.007770 seconds to synchronously load lazily loaded font '../../../Engine/Content/Slate/Fonts/Roboto-Light.ttf' (167K)
[2020.02.24-16.01.23:476][ 14]LogAssetRegistry: Asset discovery search completed in 21.2775 seconds
[2020.02.24-16.01.23:483][ 14]LogCollectionManager: Fixed up redirectors for 0 collections in 0.000023 seconds (updated 0 objects)
[2020.02.24-16.01.27:294][240]LogSlate: Window 'Message Log' being destroyed
[2020.02.24-16.01.27:300][240]LogSlate: Window 'Message Log' being destroyed
[2020.02.24-16.01.35:796][722]LogSlate: Took 0.000257 seconds to synchronously load lazily loaded font '../../../Engine/Content/Slate/Fonts/Roboto-Light.ttf' (167K)
[2020.02.24-16.01.35:839][722]LogLinker: Warning: While loading '../../../../TKGames_TestRepo/TKG_Training/Content/Maps/LVL_One/LVL_One_Persistent.umap' failed to load '/Game/Maps/LVL_One/LVL_One_Persistent_BuiltData': Can't find file.
[2020.02.24-16.01.35:839][722]LogLinker: Warning: While loading '../../../../TKGames_TestRepo/TKG_Training/Content/Maps/LVL_One/LVL_One_Persistent.umap' failed to load '/Game/Maps/LVL_One/LVL_One_Persistent_BuiltData': Can't find file.
[2020.02.24-16.01.35:839][722]LogLinker: Warning: While loading '../../../../TKGames_TestRepo/TKG_Training/Content/Maps/LVL_One/LVL_One_Persistent.umap' failed to load '/Game/Maps/LVL_One/LVL_One_Persistent_BuiltData': Can't find file.
[2020.02.24-16.01.35:840][722]LogLinker: Warning: While loading '../../../../TKGames_TestRepo/TKG_Training/Content/Maps/LVL_One/LVL_One_Persistent.umap' failed to load '/Game/Maps/LVL_One/LVL_One_Persistent_BuiltData': Can't find file.
[2020.02.24-16.01.35:840][722]LogLinker: Warning: While loading '../../../../TKGames_TestRepo/TKG_Training/Content/Maps/LVL_One/LVL_One_Persistent.umap' failed to load '/Game/Maps/LVL_One/LVL_One_Persistent_BuiltData': Can't find file.
[2020.02.24-16.01.35:840][722]LoadErrors: Failed to load /Game/Maps/LVL_One/LVL_One_Persistent_BuiltData.LVL_One_Persistent_BuiltData Referenced by PersistentLevel
[2020.02.24-16.01.35:840][722]LogLinker: Warning: While loading '../../../../TKGames_TestRepo/TKG_Training/Content/Maps/LVL_One/LVL_One_Persistent.umap' failed to load '/Game/Maps/LVL_One/LVL_One_Persistent_BuiltData': Can't find file.
[2020.02.24-16.01.35:843][722]LogAIModule: Creating AISystem for world LVL_One_Persistent
[2020.02.24-16.01.35:843][722]LogAssetEditorSubsystem: Opening Asset editor for World /Game/Maps/LVL_One/LVL_One_Persistent.LVL_One_Persistent
[2020.02.24-16.01.35:877][722]LogUObjectHash: Compacting FUObjectHashTables data took   1.31ms
[2020.02.24-16.01.35:885][722]Cmd: MAP LOAD FILE="../../../../TKGames_TestRepo/TKG_Training/Content/Maps/LVL_One/LVL_One_Persistent.umap" TEMPLATE=0 SHOWPROGRESS=1 FEATURELEVEL=3
[2020.02.24-16.01.35:885][722]LightingResults: New page: Lighting Build
[2020.02.24-16.01.35:886][722]LoadErrors: New page: Loading map: LVL_One_Persistent.umap
[2020.02.24-16.01.35:889][722]LogWorld: UWorld::CleanupWorld for ThirdPersonExampleMap, bSessionEnded=true, bCleanupResources=true
[2020.02.24-16.01.35:890][722]LogSlate: InvalidateAllWidgets triggered.  All widgets were invalidated
[2020.02.24-16.01.35:895][722]MapCheck: New page: Map Check
[2020.02.24-16.01.35:895][722]LightingResults: New page: Lighting Build
[2020.02.24-16.01.35:932][722]LogUObjectHash: Compacting FUObjectHashTables data took   2.60ms
[2020.02.24-16.01.35:934][722]LogStreaming: Display: ULevelStreaming::RequestLevel(/Game/Maps/LVL_One/LVL_One_Audio) is flushing async loading
[2020.02.24-16.01.35:934][722]LogStreaming: Display: Flushing async loaders.
[2020.02.24-16.01.35:937][722]LogLinker: Warning: Failed to load '/Game/Maps/LVL_One/LVL_One_Audio_BuiltData': Can't find file.
[2020.02.24-16.01.35:937][722]LogLinker: Warning: Failed to load '/Game/Maps/LVL_One/LVL_One_Audio_BuiltData': Can't find file.
[2020.02.24-16.01.35:937][722]LogLinker: Warning: Failed to load '/Game/Maps/LVL_One/LVL_One_Audio_BuiltData': Can't find file.
[2020.02.24-16.01.35:937][722]LogLinker: Warning: Failed to load '/Game/Maps/LVL_One/LVL_One_Audio_BuiltData': Can't find file.
[2020.02.24-16.01.35:938][722]LogLinker: Warning: Failed to load '/Game/Maps/LVL_One/LVL_One_Audio_BuiltData': Can't find file.
[2020.02.24-16.01.35:938][722]LogLinker: Warning: Failed to load '/Game/Maps/LVL_One/LVL_One_Audio_BuiltData': Can't find file.
[2020.02.24-16.01.35:938][722]LogLinker: Warning: Failed to load '/Game/Maps/LVL_One/LVL_One_Audio_BuiltData': Can't find file.
[2020.02.24-16.01.35:938][722]LogLinker: Warning: Failed to load '/Game/Maps/LVL_One/LVL_One_Audio_BuiltData': Can't find file.
[2020.02.24-16.01.35:942][722]LogLinker: Warning: While loading '../../../../TKGames_TestRepo/TKG_Training/Content/Maps/LVL_One/LVL_One_Audio.umap' failed to load '/Game/Maps/LVL_One/LVL_One_Audio_BuiltData': Can't find file.
[2020.02.24-16.01.35:942][722]LoadErrors: Failed to load /Game/Maps/LVL_One/LVL_One_Audio_BuiltData.LVL_One_Audio_BuiltData Referenced by PersistentLevel
[2020.02.24-16.01.35:942][722]LogLinker: Warning: While loading '../../../../TKGames_TestRepo/TKG_Training/Content/Maps/LVL_One/LVL_One_Audio.umap' failed to load '/Game/Maps/LVL_One/LVL_One_Audio_BuiltData': Can't find file.
[2020.02.24-16.01.35:944][722]LogStreaming: Display: ULevelStreaming::RequestLevel(/Game/Maps/LVL_One/LVL_One_Graphic) is flushing async loading
[2020.02.24-16.01.35:946][722]LogLinker: Warning: Failed to load '/Game/Maps/LVL_One/LVL_One_Graphic_BuiltData': Can't find file.
[2020.02.24-16.01.35:946][722]LogLinker: Warning: Failed to load '/Game/Maps/LVL_One/LVL_One_Graphic_BuiltData': Can't find file.
[2020.02.24-16.01.35:956][722]LogLinker: Warning: Failed to load '/Game/Maps/LVL_One/LVL_One_Graphic_BuiltData': Can't find file.
[2020.02.24-16.01.35:956][722]LogLinker: Warning: Failed to load '/Game/Maps/LVL_One/LVL_One_Graphic_BuiltData': Can't find file.
[2020.02.24-16.01.35:957][722]LogLinker: Warning: Failed to load '/Game/Maps/LVL_One/LVL_One_Graphic_BuiltData': Can't find file.
[2020.02.24-16.01.35:957][722]LogLinker: Warning: Failed to load '/Game/Maps/LVL_One/LVL_One_Graphic_BuiltData': Can't find file.
[2020.02.24-16.01.35:957][722]LogLinker: Warning: Failed to load '/Game/Maps/LVL_One/LVL_One_Graphic_BuiltData': Can't find file.
[2020.02.24-16.01.35:957][722]LogLinker: Warning: Failed to load '/Game/Maps/LVL_One/LVL_One_Graphic_BuiltData': Can't find file.
[2020.02.24-16.01.35:975][722]LogLinker: Warning: While loading '../../../../TKGames_TestRepo/TKG_Training/Content/Maps/LVL_One/LVL_One_Graphic.umap' failed to load '/Game/Maps/LVL_One/LVL_One_Graphic_BuiltData': Can't find file.
[2020.02.24-16.01.35:975][722]LoadErrors: Failed to load /Game/Maps/LVL_One/LVL_One_Graphic_BuiltData.LVL_One_Graphic_BuiltData Referenced by PersistentLevel
[2020.02.24-16.01.35:975][722]LogLinker: Warning: While loading '../../../../TKGames_TestRepo/TKG_Training/Content/Maps/LVL_One/LVL_One_Graphic.umap' failed to load '/Game/Maps/LVL_One/LVL_One_Graphic_BuiltData': Can't find file.
[2020.02.24-16.01.36:582][722]LogStreaming: Display: ULevelStreaming::RequestLevel(/Game/Maps/LVL_One/LVL_One_BP) is flushing async loading
[2020.02.24-16.01.36:582][722]LogLinker: Warning: Failed to load '/Game/Maps/LVL_One/LVL_One_BP_BuiltData': Can't find file.
[2020.02.24-16.01.36:583][722]LogLinker: Warning: Failed to load '/Game/Maps/LVL_One/LVL_One_BP_BuiltData': Can't find file.
[2020.02.24-16.01.36:583][722]LogLinker: Warning: Failed to load '/Game/Maps/LVL_One/LVL_One_BP_BuiltData': Can't find file.
[2020.02.24-16.01.36:583][722]LogLinker: Warning: Failed to load '/Game/Maps/LVL_One/LVL_One_BP_BuiltData': Can't find file.
[2020.02.24-16.01.36:583][722]LogLinker: Warning: Failed to load '/Game/Maps/LVL_One/LVL_One_BP_BuiltData': Can't find file.
[2020.02.24-16.01.36:584][722]LogLinker: Warning: Failed to load '/Game/Maps/LVL_One/LVL_One_BP_BuiltData': Can't find file.
[2020.02.24-16.01.36:584][722]LogLinker: Warning: Failed to load '/Game/Maps/LVL_One/LVL_One_BP_BuiltData': Can't find file.
[2020.02.24-16.01.36:584][722]LogLinker: Warning: Failed to load '/Game/Maps/LVL_One/LVL_One_BP_BuiltData': Can't find file.
[2020.02.24-16.01.36:584][722]LogLinker: Warning: While loading '../../../../TKGames_TestRepo/TKG_Training/Content/Maps/LVL_One/LVL_One_BP.umap' failed to load '/Game/Maps/LVL_One/LVL_One_BP_BuiltData': Can't find file.
[2020.02.24-16.01.36:584][722]LoadErrors: Failed to load /Game/Maps/LVL_One/LVL_One_BP_BuiltData.LVL_One_BP_BuiltData Referenced by PersistentLevel
[2020.02.24-16.01.36:584][722]LogLinker: Warning: While loading '../../../../TKGames_TestRepo/TKG_Training/Content/Maps/LVL_One/LVL_One_BP.umap' failed to load '/Game/Maps/LVL_One/LVL_One_BP_BuiltData': Can't find file.
[2020.02.24-16.01.36:672][722]LogEditorServer: Finished looking for orphan Actors (0.000 secs)
[2020.02.24-16.01.36:776][722]LogUObjectHash: Compacting FUObjectHashTables data took   2.59ms
[2020.02.24-16.01.36:813][722]Cmd: MAP CHECKDEP NOCLEARLOG
[2020.02.24-16.01.36:832][722]MapCheck: Map check complete: 0 Error(s), 0 Warning(s), took 19,333ms to complete.
[2020.02.24-16.01.36:832][722]LogFileHelpers: Loading map 'LVL_One_Persistent' took 0.954
[2020.02.24-16.01.44:605][161]LogSlate: Window 'Message Log' being destroyed
[2020.02.24-16.01.44:610][161]LogSlate: Window 'Message Log' being destroyed
[2020.02.24-16.01.58:908][ 14]LogTemp: Repeating last play command: Selected Viewport
[2020.02.24-16.01.58:932][ 14]LogPlayLevel: PlayLevel: No blueprints needed recompiling
[2020.02.24-16.01.58:933][ 14]PIE: New page: PIE session: LVL_One_Persistent (24 lut 2020, 18:01:58)
[2020.02.24-16.01.58:939][ 14]LogOnline: OSS: Creating online subsystem instance for: NULL
[2020.02.24-16.01.58:940][ 14]LogOnline: OSS: TryLoadSubsystemAndSetDefault: Loaded subsystem for module [NULL]
[2020.02.24-16.01.58:941][ 14]LogPlayLevel: Creating play world package: /Game/Maps/LVL_One/UEDPIE_0_LVL_One_Persistent
[2020.02.24-16.01.58:943][ 14]LogPlayLevel: PIE: StaticDuplicateObject took: (0.001806s)
[2020.02.24-16.01.58:945][ 14]LogAIModule: Creating AISystem for world LVL_One_Persistent
[2020.02.24-16.01.58:946][ 14]LogPlayLevel: PIE: World Init took: (0.003013s)
[2020.02.24-16.01.58:947][ 14]LogPlayLevel: PIE: Created PIE world by copying editor world from /Game/Maps/LVL_One/LVL_One_Persistent.LVL_One_Persistent to /Game/Maps/LVL_One/UEDPIE_0_LVL_One_Persistent.LVL_One_Persistent (0.005884s)
[2020.02.24-16.01.58:982][ 14]LogUObjectHash: Compacting FUObjectHashTables data took   2.02ms
[2020.02.24-16.01.58:985][ 14]LogAudioMixer: Display: Audio Mixer Platform Settings:
[2020.02.24-16.01.58:985][ 14]LogAudioMixer: Display: 	Sample Rate:						  48000
[2020.02.24-16.01.58:985][ 14]LogAudioMixer: Display: 	Callback Buffer Frame Size Requested: 1024
[2020.02.24-16.01.58:985][ 14]LogAudioMixer: Display: 	Callback Buffer Frame Size To Use:	  1024
[2020.02.24-16.01.58:985][ 14]LogAudioMixer: Display: 	Number of buffers to queue:			  2
[2020.02.24-16.01.58:985][ 14]LogAudioMixer: Display: 	Max Channels (voices):				  32
[2020.02.24-16.01.58:985][ 14]LogAudioMixer: Display: 	Number of Async Source Workers:		  0
[2020.02.24-16.01.58:985][ 14]LogAudio: Display: AudioDevice MaxSources: 32
[2020.02.24-16.01.58:985][ 14]LogAudio: Display: Using built-in audio occlusion.
[2020.02.24-16.01.58:985][ 14]LogAudioMixer: Display: Initializing audio mixer.
[2020.02.24-16.01.59:025][ 14]LogAudioMixer: Display: Audio Device Output Speaker Info:
[2020.02.24-16.01.59:025][ 14]LogAudioMixer: Display: Name: Głośniki (Realtek High Definition Audio)
[2020.02.24-16.01.59:025][ 14]LogAudioMixer: Display: Is Default: Yes
[2020.02.24-16.01.59:025][ 14]LogAudioMixer: Display: Sample Rate: 48000
[2020.02.24-16.01.59:025][ 14]LogAudioMixer: Display: Channel Count Used: 2
[2020.02.24-16.01.59:025][ 14]LogAudioMixer: Display: Device Channel Count: 2
[2020.02.24-16.01.59:025][ 14]LogAudioMixer: Display: Channel Order:
[2020.02.24-16.01.59:025][ 14]LogAudioMixer: Display: 0: FrontLeft
[2020.02.24-16.01.59:025][ 14]LogAudioMixer: Display: 1: FrontRight
[2020.02.24-16.01.59:055][ 14]LogAudioMixer: Display: Using Audio Device Głośniki (Realtek High Definition Audio)
[2020.02.24-16.01.59:057][ 14]LogInit: FAudioDevice initialized.
[2020.02.24-16.01.59:073][ 14]LogLoad: Game class is 'ThirdPersonGameMode_C'
[2020.02.24-16.01.59:146][ 14]LogWorld: Bringing World /Game/Maps/LVL_One/UEDPIE_0_LVL_One_Persistent.LVL_One_Persistent up for play (max tick rate 60) at 2020.02.24-17.01.59
[2020.02.24-16.01.59:147][ 14]LogWorld: Bringing up level for play took: 0.000744
[2020.02.24-16.01.59:148][ 14]LogOnline: OSS: Creating online subsystem instance for: :Context_2
[2020.02.24-16.01.59:163][ 14]LogContentBrowser: Native class hierarchy updated for 'MovieSceneCapture' in 0.0004 seconds. Added 20 classes and 0 folders.
[2020.02.24-16.01.59:169][ 14]PIE: Play in editor start time for /Game/Maps/LVL_One/UEDPIE_0_LVL_One_Persistent 0,504
[2020.02.24-16.02.05:183][360]LogAudioMixer: Display: No commands were queued while flushing the source manager.
[2020.02.24-16.02.05:184][360]LogAudioMixer: Display: No commands were queued while flushing the source manager.
[2020.02.24-16.02.05:186][360]LogSlate: Updating window title bar state: overlay mode, drag disabled, window buttons hidden, title bar hidden
[2020.02.24-16.02.05:186][360]LogWorld: BeginTearingDown for /Game/Maps/LVL_One/UEDPIE_0_LVL_One_Persistent
[2020.02.24-16.02.05:186][360]LogAudioMixer: Display: No commands were queued while flushing the source manager.
[2020.02.24-16.02.05:187][360]LogWorld: UWorld::CleanupWorld for LVL_One_Persistent, bSessionEnded=true, bCleanupResources=true
[2020.02.24-16.02.05:187][360]LogSlate: InvalidateAllWidgets triggered.  All widgets were invalidated
[2020.02.24-16.02.05:200][360]LogPlayLevel: Display: Shutting down PIE online subsystems
[2020.02.24-16.02.05:204][360]LogSlate: InvalidateAllWidgets triggered.  All widgets were invalidated
[2020.02.24-16.02.05:233][360]LogAudioMixer: Display: No commands were queued while flushing the source manager.
[2020.02.24-16.02.05:244][360]LogSlate: Updating window title bar state: overlay mode, drag disabled, window buttons hidden, title bar hidden
[2020.02.24-16.02.05:253][360]LogUObjectHash: Compacting FUObjectHashTables data took   2.66ms
[2020.02.24-16.02.05:305][361]LogUObjectHash: Compacting FUObjectHashTables data took   0.85ms
[2020.02.24-16.02.05:338][362]LogPlayLevel: Display: Destroying online subsystem :Context_2
[2020.02.24-16.07.12:041][727]LogAudioMixer: Warning: Changing default audio render device to new device: {0.0.0.00000000}.{bd700128-533b-48e9-8853-da9ec0b4427b}.
[2020.02.24-16.07.12:041][727]LogTemp: Resetting audio stream to device id 
[2020.02.24-16.07.12:146][727]LogAudioMixer: Display: Audio Device Output Speaker Info:
[2020.02.24-16.07.12:146][727]LogAudioMixer: Display: Name: Głośniki (Realtek High Definition Audio)
[2020.02.24-16.07.12:146][727]LogAudioMixer: Display: Is Default: Yes
[2020.02.24-16.07.12:146][727]LogAudioMixer: Display: Sample Rate: 48000
[2020.02.24-16.07.12:146][727]LogAudioMixer: Display: Channel Count Used: 2
[2020.02.24-16.07.12:146][727]LogAudioMixer: Display: Device Channel Count: 2
[2020.02.24-16.07.12:146][727]LogAudioMixer: Display: Channel Order:
[2020.02.24-16.07.12:146][727]LogAudioMixer: Display: 0: FrontLeft
[2020.02.24-16.07.12:146][727]LogAudioMixer: Display: 1: FrontRight
[2020.02.24-16.29.50:611][169]LogAudioMixer: Warning: Changing default audio render device to new device: {0.0.0.00000000}.{f37d79e2-3675-45b3-ae27-78458d806a6b}.
[2020.02.24-16.29.50:611][169]LogTemp: Resetting audio stream to device id 
[2020.02.24-16.29.50:713][169]LogAudioMixer: Display: Audio Device Output Speaker Info:
[2020.02.24-16.29.50:713][169]LogAudioMixer: Display: Name: Głośniki (Realtek High Definition Audio)
[2020.02.24-16.29.50:713][169]LogAudioMixer: Display: Is Default: Yes
[2020.02.24-16.29.50:713][169]LogAudioMixer: Display: Sample Rate: 48000
[2020.02.24-16.29.50:713][169]LogAudioMixer: Display: Channel Count Used: 2
[2020.02.24-16.29.50:713][169]LogAudioMixer: Display: Device Channel Count: 2
[2020.02.24-16.29.50:713][169]LogAudioMixer: Display: Channel Order:
[2020.02.24-16.29.50:713][169]LogAudioMixer: Display: 0: FrontLeft
[2020.02.24-16.29.50:713][169]LogAudioMixer: Display: 1: FrontRight
[2020.02.24-16.34.52:047][197]LogAudioMixer: Warning: Changing default audio render device to new device: {0.0.0.00000000}.{bd700128-533b-48e9-8853-da9ec0b4427b}.
[2020.02.24-16.34.52:047][197]LogTemp: Resetting audio stream to device id 
[2020.02.24-16.34.52:126][197]LogAudioMixer: Display: Audio Device Output Speaker Info:
[2020.02.24-16.34.52:126][197]LogAudioMixer: Display: Name: Głośniki (Realtek High Definition Audio)
[2020.02.24-16.34.52:126][197]LogAudioMixer: Display: Is Default: Yes
[2020.02.24-16.34.52:126][197]LogAudioMixer: Display: Sample Rate: 48000
[2020.02.24-16.34.52:126][197]LogAudioMixer: Display: Channel Count Used: 2
[2020.02.24-16.34.52:126][197]LogAudioMixer: Display: Device Channel Count: 2
[2020.02.24-16.34.52:126][197]LogAudioMixer: Display: Channel Order:
[2020.02.24-16.34.52:126][197]LogAudioMixer: Display: 0: FrontLeft
[2020.02.24-16.34.52:126][197]LogAudioMixer: Display: 1: FrontRight
[2020.02.24-16.36.13:657][ 39]LogAudioMixer: Warning: Changing default audio render device to new device: {0.0.0.00000000}.{f37d79e2-3675-45b3-ae27-78458d806a6b}.
[2020.02.24-16.36.13:753][ 39]LogTemp: Resetting audio stream to device id 
[2020.02.24-16.36.13:849][ 39]LogAudioMixer: Display: Audio Device Output Speaker Info:
[2020.02.24-16.36.13:849][ 39]LogAudioMixer: Display: Name: Głośniki (Realtek High Definition Audio)
[2020.02.24-16.36.13:849][ 39]LogAudioMixer: Display: Is Default: Yes
[2020.02.24-16.36.13:849][ 39]LogAudioMixer: Display: Sample Rate: 48000
[2020.02.24-16.36.13:849][ 39]LogAudioMixer: Display: Channel Count Used: 2
[2020.02.24-16.36.13:849][ 39]LogAudioMixer: Display: Device Channel Count: 2
[2020.02.24-16.36.13:849][ 39]LogAudioMixer: Display: Channel Order:
[2020.02.24-16.36.13:849][ 39]LogAudioMixer: Display: 0: FrontLeft
[2020.02.24-16.36.13:849][ 39]LogAudioMixer: Display: 1: FrontRight
