Log file open, 02/26/20 13:13:13
LogWindows: Failed to load 'aqProf.dll' (GetLastError=126)
LogWindows: File 'aqProf.dll' does not exist
LogWindows: Failed to load 'VtuneApi.dll' (GetLastError=126)
LogWindows: File 'VtuneApi.dll' does not exist
LogWindows: Failed to load 'VtuneApi32e.dll' (GetLastError=126)
LogWindows: File 'VtuneApi32e.dll' does not exist
LogConsoleResponse: Display: Failed to find resolution value strings in scalability ini. Falling back to default.
LogInit: Display: Running engine for game: TKG_Training
LogPlatformFile: Not using cached read wrapper
LogTaskGraph: Started task graph with 5 named threads and 14 total threads with 3 sets of task threads.
LogStats: Stats thread started at 6.765126
LogD3D11RHI: Loaded GFSDK_Aftermath_Lib.x64.dll
LogICUInternationalization: ICU TimeZone Detection - Raw Offset: +1:00, Platform Override: ''
LogPluginManager: Mounting plugin Paper2D
LogPluginManager: Mounting plugin AISupport
LogPluginManager: Mounting plugin LightPropagationVolume
LogPluginManager: Mounting plugin ActorLayerUtilities
LogPluginManager: Mounting plugin AnimationSharing
LogPluginManager: Mounting plugin CLionSourceCodeAccess
LogPluginManager: Mounting plugin CodeLiteSourceCodeAccess
LogPluginManager: Mounting plugin GitSourceControl
LogPluginManager: Mounting plugin KDevelopSourceCodeAccess
LogPluginManager: Mounting plugin NullSourceCodeAccess
LogPluginManager: Mounting plugin PerforceSourceControl
LogPluginManager: Mounting plugin PlasticSourceControl
LogPluginManager: Mounting plugin SubversionSourceControl
LogPluginManager: Mounting plugin UObjectPlugin
LogPluginManager: Mounting plugin VisualStudioCodeSourceCodeAccess
LogPluginManager: Mounting plugin VisualStudioSourceCodeAccess
LogPluginManager: Mounting plugin XCodeSourceCodeAccess
LogPluginManager: Mounting plugin AssetManagerEditor
LogPluginManager: Mounting plugin CryptoKeys
LogPluginManager: Mounting plugin CurveEditorTools
LogPluginManager: Mounting plugin DataValidation
LogPluginManager: Mounting plugin FacialAnimation
LogPluginManager: Mounting plugin GameplayTagsEditor
LogPluginManager: Mounting plugin MacGraphicsSwitching
LogPluginManager: Mounting plugin MaterialAnalyzer
LogPluginManager: Mounting plugin MobileLauncherProfileWizard
LogPluginManager: Mounting plugin PluginBrowser
LogPluginManager: Mounting plugin SpeedTreeImporter
LogPluginManager: Mounting plugin DatasmithContent
LogPluginManager: Mounting plugin VariantManagerContent
LogPluginManager: Mounting plugin AlembicImporter
LogPluginManager: Mounting plugin AutomationUtils
LogPluginManager: Mounting plugin BackChannel
LogPluginManager: Mounting plugin CharacterAI
LogPluginManager: Mounting plugin GeometryCache
LogPluginManager: Mounting plugin PlatformCrypto
LogPluginManager: Mounting plugin ProxyLODPlugin
LogPluginManager: Mounting plugin SkeletalReduction
LogPluginManager: Mounting plugin MagicLeap
LogPluginManager: Mounting plugin MagicLeapMedia
LogPluginManager: Mounting plugin MLSDK
LogPluginManager: Mounting plugin Substance
LogPluginManager: Mounting plugin AndroidMedia
LogPluginManager: Mounting plugin AvfMedia
LogPluginManager: Mounting plugin ImgMedia
LogPluginManager: Mounting plugin MediaCompositing
LogPluginManager: Mounting plugin MediaPlayerEditor
LogPluginManager: Mounting plugin WebMMedia
LogPluginManager: Mounting plugin WmfMedia
LogPluginManager: Mounting plugin TcpMessaging
LogPluginManager: Mounting plugin UdpMessaging
LogPluginManager: Mounting plugin ActorSequence
LogPluginManager: Mounting plugin LevelSequenceEditor
LogPluginManager: Mounting plugin MatineeToLevelSequence
LogPluginManager: Mounting plugin NetcodeUnitTest
LogPluginManager: Mounting plugin NUTUnrealEngine4
LogPluginManager: Mounting plugin OnlineSubsystemGooglePlay
LogPluginManager: Mounting plugin OnlineSubsystemIOS
LogPluginManager: Mounting plugin OnlineSubsystem
LogPluginManager: Mounting plugin OnlineSubsystemNull
LogPluginManager: Mounting plugin OnlineSubsystemUtils
LogPluginManager: Mounting plugin LauncherChunkInstaller
LogPluginManager: Mounting plugin AndroidDeviceProfileSelector
LogPluginManager: Mounting plugin AndroidMoviePlayer
LogPluginManager: Mounting plugin AndroidPermission
LogPluginManager: Mounting plugin AppleImageUtils
LogPluginManager: Mounting plugin AppleMoviePlayer
LogPluginManager: Mounting plugin ArchVisCharacter
LogPluginManager: Mounting plugin AssetTags
LogPluginManager: Mounting plugin AudioCapture
LogPluginManager: Mounting plugin CableComponent
LogPluginManager: Mounting plugin CustomMeshComponent
LogPluginManager: Mounting plugin EditableMesh
LogPluginManager: Mounting plugin ExampleDeviceProfileSelector
LogPluginManager: Mounting plugin GoogleCloudMessaging
LogPluginManager: Mounting plugin IOSDeviceProfileSelector
LogPluginManager: Mounting plugin LinuxDeviceProfileSelector
LogPluginManager: Mounting plugin LocationServicesBPLibrary
LogPluginManager: Mounting plugin MobilePatchingUtils
LogPluginManager: Mounting plugin OculusVR
LogPluginManager: Mounting plugin PhysXVehicles
LogPluginManager: Mounting plugin PostSplashScreen
LogPluginManager: Mounting plugin ProceduralMeshComponent
LogPluginManager: Mounting plugin RuntimePhysXCooking
LogPluginManager: Mounting plugin SignificanceManager
LogPluginManager: Mounting plugin SteamVR
LogPluginManager: Mounting plugin WebMMoviePlayer
LogPluginManager: Mounting plugin WindowsMoviePlayer
LogPluginManager: Mounting plugin ScreenshotTools
LogPluginManager: Mounting plugin Wwise
LogInit: Using libcurl 7.55.1-DEV
LogInit:  - built for x86_64-pc-win32
LogInit:  - supports SSL with OpenSSL/1.1.1
LogInit:  - supports HTTP deflate (compression) using libz 1.2.8
LogInit:  - other features:
LogInit:      CURL_VERSION_SSL
LogInit:      CURL_VERSION_LIBZ
LogInit:      CURL_VERSION_IPV6
LogInit:      CURL_VERSION_ASYNCHDNS
LogInit:      CURL_VERSION_LARGEFILE
LogInit:      CURL_VERSION_IDN
LogInit:  CurlRequestOptions (configurable via config and command line):
LogInit:  - bVerifyPeer = true  - Libcurl will verify peer certificate
LogInit:  - bUseHttpProxy = false  - Libcurl will NOT use HTTP proxy
LogInit:  - bDontReuseConnections = false  - Libcurl will reuse connections
LogInit:  - MaxHostConnections = 16  - Libcurl will limit the number of connections to a host
LogInit:  - LocalHostAddr = Default
LogInit:  - BufferSize = 65536
LogOnline: OSS: Creating online subsystem instance for: NULL
LogInit: WinSock: version 1.1 (2.2), MaxSocks=32767, MaxUdp=65467
LogOnline: OSS: TryLoadSubsystemAndSetDefault: Loaded subsystem for module [NULL]
LogInit: Build: ++UE4+Release-4.24-CL-11100242
LogInit: Engine Version: 4.24.2-11100242+++UE4+Release-4.24
LogInit: Compatible Engine Version: 4.24.0-10570792+++UE4+Release-4.24
LogInit: Net CL: 10570792
LogInit: OS: Windows 10 (Release 1903) (), CPU: Intel(R) Core(TM) i5-6400 CPU @ 2.70GHz, GPU: NVIDIA GeForce GTX 1060 3GB
LogInit: Compiled (64-bit): Jan 24 2020 02:05:53
LogInit: Compiled with Visual C++: 19.16.27032.01
LogInit: Build Configuration: Development
LogInit: Branch Name: ++UE4+Release-4.24
LogInit: Command Line: 
LogInit: Base Directory: E:/Silnik/UE_4.24/Engine/Binaries/Win64/
LogInit: Installed Engine Build: 1
LogDevObjectVersion: Number of dev versions registered: 25
LogDevObjectVersion:   Dev-Blueprints (B0D832E4-1F89-4F0D-ACCF-7EB736FD4AA2): 10
LogDevObjectVersion:   Dev-Build (E1C64328-A22C-4D53-A36C-8E866417BD8C): 0
LogDevObjectVersion:   Dev-Core (375EC13C-06E4-48FB-B500-84F0262A717E): 3
LogDevObjectVersion:   Dev-Editor (E4B068ED-F494-42E9-A231-DA0B2E46BB41): 37
LogDevObjectVersion:   Dev-Framework (CFFC743F-43B0-4480-9391-14DF171D2073): 36
LogDevObjectVersion:   Dev-Mobile (B02B49B5-BB20-44E9-A304-32B752E40360): 2
LogDevObjectVersion:   Dev-Networking (A4E4105C-59A1-49B5-A7C5-40C4547EDFEE): 0
LogDevObjectVersion:   Dev-Online (39C831C9-5AE6-47DC-9A44-9C173E1C8E7C): 0
LogDevObjectVersion:   Dev-Physics (78F01B33-EBEA-4F98-B9B4-84EACCB95AA2): 2
LogDevObjectVersion:   Dev-Platform (6631380F-2D4D-43E0-8009-CF276956A95A): 0
LogDevObjectVersion:   Dev-Rendering (12F88B9F-8875-4AFC-A67C-D90C383ABD29): 36
LogDevObjectVersion:   Dev-Sequencer (7B5AE74C-D270-4C10-A958-57980B212A5A): 11
LogDevObjectVersion:   Dev-VR (D7296918-1DD6-4BDD-9DE2-64A83CC13884): 2
LogDevObjectVersion:   Dev-LoadTimes (C2A15278-BFE7-4AFE-6C17-90FF531DF755): 1
LogDevObjectVersion:   Private-Geometry (6EACA3D4-40EC-4CC1-B786-8BED09428FC5): 3
LogDevObjectVersion:   Dev-AnimPhys (29E575DD-E0A3-4627-9D10-D276232CDCEA): 17
LogDevObjectVersion:   Dev-Anim (AF43A65D-7FD3-4947-9873-3E8ED9C1BB05): 2
LogDevObjectVersion:   Dev-ReflectionCapture (6B266CEC-1EC7-4B8F-A30B-E4D90942FC07): 1
LogDevObjectVersion:   Dev-Automation (0DF73D61-A23F-47EA-B727-89E90C41499A): 1
LogDevObjectVersion:   FortniteMain (601D1886-AC64-4F84-AA16-D3DE0DEAC7D6): 31
LogDevObjectVersion:   Dev-Enterprise (9DFFBCD6-494F-0158-E221-12823C92A888): 8
LogDevObjectVersion:   Dev-Niagara (F2AED0AC-9AFE-416F-8664-AA7FFA26D6FC): 1
LogDevObjectVersion:   Dev-Destruction (174F1F0B-B4C6-45A5-B13F-2EE8D0FB917D): 9
LogDevObjectVersion:   Dev-Physics-Ext (35F94A83-E258-406C-A318-09F59610247C): 8
LogDevObjectVersion:   Dev-CineCamera (B2E18506-4273-CFC2-A54E-F4BB758BBA07): 1
LogInit: Presizing for max 25165824 objects, including 0 objects not considered by GC, pre-allocating 0 bytes for permanent pool.
LogInit: Object subsystem initialized
LogConfig: Setting CVar [[con.DebugEarlyDefault:1]]
LogConfig: Setting CVar [[r.setres:1280x720]]
[2020.02.26-12.13.17:840][  0]LogConfig: Setting CVar [[r.VSync:0]]
[2020.02.26-12.13.17:840][  0]LogConfig: Setting CVar [[r.RHICmdBypass:0]]
[2020.02.26-12.13.17:841][  0]LogConfig: Applying CVar settings from Section [/Script/Engine.RendererSettings] File [E:/Silnik/PROJECT/TK_Repo_Folder/TKGames_TestRepo/TKG_Training/Saved/Config/Windows/Engine.ini]
[2020.02.26-12.13.17:841][  0]LogConfig: Setting CVar [[r.GPUCrashDebugging:0]]
[2020.02.26-12.13.17:841][  0]LogConfig: Applying CVar settings from Section [/Script/Engine.RendererOverrideSettings] File [E:/Silnik/PROJECT/TK_Repo_Folder/TKGames_TestRepo/TKG_Training/Saved/Config/Windows/Engine.ini]
[2020.02.26-12.13.17:841][  0]LogConfig: Applying CVar settings from Section [/Script/Engine.StreamingSettings] File [E:/Silnik/PROJECT/TK_Repo_Folder/TKGames_TestRepo/TKG_Training/Saved/Config/Windows/Engine.ini]
[2020.02.26-12.13.17:841][  0]LogConfig: Setting CVar [[s.MinBulkDataSizeForAsyncLoading:131072]]
[2020.02.26-12.13.17:841][  0]LogConfig: Setting CVar [[s.AsyncLoadingThreadEnabled:0]]
[2020.02.26-12.13.17:841][  0]LogConfig: Setting CVar [[s.EventDrivenLoaderEnabled:1]]
[2020.02.26-12.13.17:841][  0]LogConfig: Setting CVar [[s.WarnIfTimeLimitExceeded:0]]
[2020.02.26-12.13.17:841][  0]LogConfig: Setting CVar [[s.TimeLimitExceededMultiplier:1.5]]
[2020.02.26-12.13.17:841][  0]LogConfig: Setting CVar [[s.TimeLimitExceededMinTime:0.005]]
[2020.02.26-12.13.17:841][  0]LogConfig: Setting CVar [[s.UseBackgroundLevelStreaming:1]]
[2020.02.26-12.13.17:841][  0]LogConfig: Setting CVar [[s.PriorityAsyncLoadingExtraTime:15.0]]
[2020.02.26-12.13.17:841][  0]LogConfig: Setting CVar [[s.LevelStreamingActorsUpdateTimeLimit:5.0]]
[2020.02.26-12.13.17:841][  0]LogConfig: Setting CVar [[s.PriorityLevelStreamingActorsUpdateExtraTime:5.0]]
[2020.02.26-12.13.17:842][  0]LogConfig: Setting CVar [[s.LevelStreamingComponentsRegistrationGranularity:10]]
[2020.02.26-12.13.17:842][  0]LogConfig: Setting CVar [[s.UnregisterComponentsTimeLimit:1.0]]
[2020.02.26-12.13.17:842][  0]LogConfig: Setting CVar [[s.LevelStreamingComponentsUnregistrationGranularity:5]]
[2020.02.26-12.13.17:842][  0]LogConfig: Setting CVar [[s.FlushStreamingOnExit:1]]
[2020.02.26-12.13.17:842][  0]LogConfig: Applying CVar settings from Section [/Script/Engine.GarbageCollectionSettings] File [E:/Silnik/PROJECT/TK_Repo_Folder/TKGames_TestRepo/TKG_Training/Saved/Config/Windows/Engine.ini]
[2020.02.26-12.13.17:842][  0]LogConfig: Setting CVar [[gc.MaxObjectsNotConsideredByGC:1]]
[2020.02.26-12.13.17:842][  0]LogConfig: Setting CVar [[gc.SizeOfPermanentObjectPool:0]]
[2020.02.26-12.13.17:842][  0]LogConfig: Setting CVar [[gc.FlushStreamingOnGC:0]]
[2020.02.26-12.13.17:842][  0]LogConfig: Setting CVar [[gc.NumRetriesBeforeForcingGC:10]]
[2020.02.26-12.13.17:842][  0]LogConfig: Setting CVar [[gc.AllowParallelGC:1]]
[2020.02.26-12.13.17:842][  0]LogConfig: Setting CVar [[gc.TimeBetweenPurgingPendingKillObjects:61.1]]
[2020.02.26-12.13.17:842][  0]LogConfig: Setting CVar [[gc.MaxObjectsInEditor:25165824]]
[2020.02.26-12.13.17:842][  0]LogConfig: Setting CVar [[gc.IncrementalBeginDestroyEnabled:1]]
[2020.02.26-12.13.17:842][  0]LogConfig: Setting CVar [[gc.CreateGCClusters:1]]
[2020.02.26-12.13.17:842][  0]LogConfig: Setting CVar [[gc.MinGCClusterSize:5]]
[2020.02.26-12.13.17:842][  0]LogConfig: Setting CVar [[gc.ActorClusteringEnabled:0]]
[2020.02.26-12.13.17:842][  0]LogConfig: Setting CVar [[gc.BlueprintClusteringEnabled:0]]
[2020.02.26-12.13.17:842][  0]LogConfig: Setting CVar [[gc.UseDisregardForGCOnDedicatedServers:0]]
[2020.02.26-12.13.17:842][  0]LogConfig: Applying CVar settings from Section [/Script/Engine.NetworkSettings] File [E:/Silnik/PROJECT/TK_Repo_Folder/TKGames_TestRepo/TKG_Training/Saved/Config/Windows/Engine.ini]
[2020.02.26-12.13.17:842][  0]LogConfig: Applying CVar settings from Section [/Script/UnrealEd.CookerSettings] File [E:/Silnik/PROJECT/TK_Repo_Folder/TKGames_TestRepo/TKG_Training/Saved/Config/Windows/Engine.ini]
[2020.02.26-12.13.17:951][  0]LogConfig: Applying CVar settings from Section [ViewDistanceQuality@3] File [E:/Silnik/PROJECT/TK_Repo_Folder/TKGames_TestRepo/TKG_Training/Saved/Config/Windows/Scalability.ini]
[2020.02.26-12.13.17:951][  0]LogConfig: Setting CVar [[r.SkeletalMeshLODBias:0]]
[2020.02.26-12.13.17:951][  0]LogConfig: Setting CVar [[r.ViewDistanceScale:1.0]]
[2020.02.26-12.13.17:951][  0]LogConfig: Applying CVar settings from Section [AntiAliasingQuality@3] File [E:/Silnik/PROJECT/TK_Repo_Folder/TKGames_TestRepo/TKG_Training/Saved/Config/Windows/Scalability.ini]
[2020.02.26-12.13.17:951][  0]LogConfig: Setting CVar [[r.PostProcessAAQuality:4]]
[2020.02.26-12.13.17:951][  0]LogConfig: Applying CVar settings from Section [ShadowQuality@3] File [E:/Silnik/PROJECT/TK_Repo_Folder/TKGames_TestRepo/TKG_Training/Saved/Config/Windows/Scalability.ini]
[2020.02.26-12.13.17:951][  0]LogConfig: Setting CVar [[r.LightFunctionQuality:1]]
[2020.02.26-12.13.17:951][  0]LogConfig: Setting CVar [[r.ShadowQuality:5]]
[2020.02.26-12.13.17:951][  0]LogConfig: Setting CVar [[r.Shadow.CSM.MaxCascades:10]]
[2020.02.26-12.13.17:951][  0]LogConfig: Setting CVar [[r.Shadow.MaxResolution:2048]]
[2020.02.26-12.13.17:951][  0]LogConfig: Setting CVar [[r.Shadow.MaxCSMResolution:2048]]
[2020.02.26-12.13.17:951][  0]LogConfig: Setting CVar [[r.Shadow.RadiusThreshold:0.01]]
[2020.02.26-12.13.17:951][  0]LogConfig: Setting CVar [[r.Shadow.DistanceScale:1.0]]
[2020.02.26-12.13.17:951][  0]LogConfig: Setting CVar [[r.Shadow.CSM.TransitionScale:1.0]]
[2020.02.26-12.13.17:951][  0]LogConfig: Setting CVar [[r.Shadow.PreShadowResolutionFactor:1.0]]
[2020.02.26-12.13.17:951][  0]LogConfig: Setting CVar [[r.DistanceFieldShadowing:1]]
[2020.02.26-12.13.17:951][  0]LogConfig: Setting CVar [[r.DistanceFieldAO:1]]
[2020.02.26-12.13.17:951][  0]LogConfig: Setting CVar [[r.AOQuality:2]]
[2020.02.26-12.13.17:952][  0]LogConfig: Setting CVar [[r.VolumetricFog:1]]
[2020.02.26-12.13.17:952][  0]LogConfig: Setting CVar [[r.VolumetricFog.GridPixelSize:8]]
[2020.02.26-12.13.17:952][  0]LogConfig: Setting CVar [[r.VolumetricFog.GridSizeZ:128]]
[2020.02.26-12.13.17:952][  0]LogConfig: Setting CVar [[r.VolumetricFog.HistoryMissSupersampleCount:4]]
[2020.02.26-12.13.17:952][  0]LogConfig: Setting CVar [[r.LightMaxDrawDistanceScale:1]]
[2020.02.26-12.13.17:952][  0]LogConfig: Setting CVar [[r.CapsuleShadows:1]]
[2020.02.26-12.13.17:952][  0]LogConfig: Applying CVar settings from Section [PostProcessQuality@3] File [E:/Silnik/PROJECT/TK_Repo_Folder/TKGames_TestRepo/TKG_Training/Saved/Config/Windows/Scalability.ini]
[2020.02.26-12.13.17:952][  0]LogConfig: Setting CVar [[r.MotionBlurQuality:4]]
[2020.02.26-12.13.17:952][  0]LogConfig: Setting CVar [[r.AmbientOcclusionMipLevelFactor:0.4]]
[2020.02.26-12.13.17:952][  0]LogConfig: Setting CVar [[r.AmbientOcclusionMaxQuality:100]]
[2020.02.26-12.13.17:952][  0]LogConfig: Setting CVar [[r.AmbientOcclusionLevels:-1]]
[2020.02.26-12.13.17:952][  0]LogConfig: Setting CVar [[r.AmbientOcclusionRadiusScale:1.0]]
[2020.02.26-12.13.17:952][  0]LogConfig: Setting CVar [[r.DepthOfFieldQuality:2]]
[2020.02.26-12.13.17:952][  0]LogConfig: Setting CVar [[r.RenderTargetPoolMin:400]]
[2020.02.26-12.13.17:952][  0]LogConfig: Setting CVar [[r.LensFlareQuality:2]]
[2020.02.26-12.13.17:952][  0]LogConfig: Setting CVar [[r.SceneColorFringeQuality:1]]
[2020.02.26-12.13.17:952][  0]LogConfig: Setting CVar [[r.EyeAdaptationQuality:2]]
[2020.02.26-12.13.17:952][  0]LogConfig: Setting CVar [[r.BloomQuality:5]]
[2020.02.26-12.13.17:952][  0]LogConfig: Setting CVar [[r.FastBlurThreshold:100]]
[2020.02.26-12.13.17:952][  0]LogConfig: Setting CVar [[r.Upscale.Quality:3]]
[2020.02.26-12.13.17:952][  0]LogConfig: Setting CVar [[r.Tonemapper.GrainQuantization:1]]
[2020.02.26-12.13.17:952][  0]LogConfig: Setting CVar [[r.LightShaftQuality:1]]
[2020.02.26-12.13.17:952][  0]LogConfig: Setting CVar [[r.Filter.SizeScale:1]]
[2020.02.26-12.13.17:952][  0]LogConfig: Setting CVar [[r.Tonemapper.Quality:5]]
[2020.02.26-12.13.17:952][  0]LogConfig: Setting CVar [[r.DOF.Gather.AccumulatorQuality:1        ; higher gathering accumulator quality]]
[2020.02.26-12.13.17:952][  0]LogConfig: Setting CVar [[r.DOF.Gather.PostfilterMethod:1          ; Median3x3 postfilering method]]
[2020.02.26-12.13.17:952][  0]LogConfig: Setting CVar [[r.DOF.Gather.EnableBokehSettings:0       ; no bokeh simulation when gathering]]
[2020.02.26-12.13.17:952][  0]LogConfig: Setting CVar [[r.DOF.Gather.RingCount:4                 ; medium number of samples when gathering]]
[2020.02.26-12.13.17:952][  0]LogConfig: Setting CVar [[r.DOF.Scatter.ForegroundCompositing:1    ; additive foreground scattering]]
[2020.02.26-12.13.17:952][  0]LogConfig: Setting CVar [[r.DOF.Scatter.BackgroundCompositing:2    ; additive background scattering]]
[2020.02.26-12.13.17:952][  0]LogConfig: Setting CVar [[r.DOF.Scatter.EnableBokehSettings:1      ; bokeh simulation when scattering]]
[2020.02.26-12.13.17:952][  0]LogConfig: Setting CVar [[r.DOF.Scatter.MaxSpriteRatio:0.1         ; only a maximum of 10% of scattered bokeh]]
[2020.02.26-12.13.17:952][  0]LogConfig: Setting CVar [[r.DOF.Recombine.Quality:1                ; cheap slight out of focus]]
[2020.02.26-12.13.17:952][  0]LogConfig: Setting CVar [[r.DOF.Recombine.EnableBokehSettings:0    ; no bokeh simulation on slight out of focus]]
[2020.02.26-12.13.17:952][  0]LogConfig: Setting CVar [[r.DOF.TemporalAAQuality:1                ; more stable temporal accumulation]]
[2020.02.26-12.13.17:952][  0]LogConfig: Setting CVar [[r.DOF.Kernel.MaxForegroundRadius:0.025]]
[2020.02.26-12.13.17:952][  0]LogConfig: Setting CVar [[r.DOF.Kernel.MaxBackgroundRadius:0.025]]
[2020.02.26-12.13.17:952][  0]LogConfig: Applying CVar settings from Section [TextureQuality@3] File [E:/Silnik/PROJECT/TK_Repo_Folder/TKGames_TestRepo/TKG_Training/Saved/Config/Windows/Scalability.ini]
[2020.02.26-12.13.17:952][  0]LogConfig: Setting CVar [[r.Streaming.MipBias:0]]
[2020.02.26-12.13.17:952][  0]LogConfig: Setting CVar [[r.Streaming.AmortizeCPUToGPUCopy:0]]
[2020.02.26-12.13.17:952][  0]LogConfig: Setting CVar [[r.Streaming.MaxNumTexturesToStreamPerFrame:0]]
[2020.02.26-12.13.17:952][  0]LogConfig: Setting CVar [[r.Streaming.Boost:1]]
[2020.02.26-12.13.17:952][  0]LogConfig: Setting CVar [[r.MaxAnisotropy:8]]
[2020.02.26-12.13.17:952][  0]LogConfig: Setting CVar [[r.VT.MaxAnisotropy:8]]
[2020.02.26-12.13.17:952][  0]LogConfig: Setting CVar [[r.Streaming.LimitPoolSizeToVRAM:0]]
[2020.02.26-12.13.17:952][  0]LogConfig: Setting CVar [[r.Streaming.PoolSize:1000]]
[2020.02.26-12.13.17:952][  0]LogConfig: Setting CVar [[r.Streaming.MaxEffectiveScreenSize:0]]
[2020.02.26-12.13.17:952][  0]LogConfig: Applying CVar settings from Section [EffectsQuality@3] File [E:/Silnik/PROJECT/TK_Repo_Folder/TKGames_TestRepo/TKG_Training/Saved/Config/Windows/Scalability.ini]
[2020.02.26-12.13.17:952][  0]LogConfig: Setting CVar [[r.TranslucencyLightingVolumeDim:64]]
[2020.02.26-12.13.17:952][  0]LogConfig: Setting CVar [[r.RefractionQuality:2]]
[2020.02.26-12.13.17:952][  0]LogConfig: Setting CVar [[r.SSR.Quality:3]]
[2020.02.26-12.13.17:952][  0]LogConfig: Setting CVar [[r.SSR.HalfResSceneColor:0]]
[2020.02.26-12.13.17:952][  0]LogConfig: Setting CVar [[r.SceneColorFormat:4]]
[2020.02.26-12.13.17:952][  0]LogConfig: Setting CVar [[r.DetailMode:2]]
[2020.02.26-12.13.17:953][  0]LogConfig: Setting CVar [[r.TranslucencyVolumeBlur:1]]
[2020.02.26-12.13.17:953][  0]LogConfig: Setting CVar [[r.MaterialQualityLevel:1 ; High quality]]
[2020.02.26-12.13.17:953][  0]LogConfig: Setting CVar [[r.SSS.Scale:1]]
[2020.02.26-12.13.17:953][  0]LogConfig: Setting CVar [[r.SSS.SampleSet:2]]
[2020.02.26-12.13.17:953][  0]LogConfig: Setting CVar [[r.SSS.Quality:1]]
[2020.02.26-12.13.17:953][  0]LogConfig: Setting CVar [[r.SSS.HalfRes:1]]
[2020.02.26-12.13.17:953][  0]LogConfig: Setting CVar [[r.SSGI.Quality:3]]
[2020.02.26-12.13.17:953][  0]LogConfig: Setting CVar [[r.EmitterSpawnRateScale:1.0]]
[2020.02.26-12.13.17:953][  0]LogConfig: Setting CVar [[r.ParticleLightQuality:2]]
[2020.02.26-12.13.17:953][  0]LogConfig: Setting CVar [[r.SkyAtmosphere.AerialPerspectiveLUT.FastApplyOnOpaque:1 ; Always have FastSkyLUT 1 in this case to avoid wrong sky]]
[2020.02.26-12.13.17:953][  0]LogConfig: Setting CVar [[r.SkyAtmosphere.AerialPerspectiveLUT.SampleCountPerSlice:1]]
[2020.02.26-12.13.17:953][  0]LogConfig: Setting CVar [[r.SkyAtmosphere.AerialPerspectiveLUT.DepthResolution:16.0]]
[2020.02.26-12.13.17:953][  0]LogConfig: Setting CVar [[r.SkyAtmosphere.FastSkyLUT:1]]
[2020.02.26-12.13.17:953][  0]LogConfig: Setting CVar [[r.SkyAtmosphere.FastSkyLUT.SampleCountMin:4.0]]
[2020.02.26-12.13.17:953][  0]LogConfig: Setting CVar [[r.SkyAtmosphere.FastSkyLUT.SampleCountMax:32.0]]
[2020.02.26-12.13.17:953][  0]LogConfig: Setting CVar [[r.SkyAtmosphere.SampleCountMin:4.0]]
[2020.02.26-12.13.17:953][  0]LogConfig: Setting CVar [[r.SkyAtmosphere.SampleCountMax:32.0]]
[2020.02.26-12.13.17:953][  0]LogConfig: Setting CVar [[r.SkyAtmosphere.TransmittanceLUT.UseSmallFormat:0]]
[2020.02.26-12.13.17:953][  0]LogConfig: Setting CVar [[r.SkyAtmosphere.TransmittanceLUT.SampleCount:10.0]]
[2020.02.26-12.13.17:953][  0]LogConfig: Setting CVar [[r.SkyAtmosphere.MultiScatteringLUT.SampleCount:15.0]]
[2020.02.26-12.13.17:953][  0]LogConfig: Applying CVar settings from Section [FoliageQuality@3] File [E:/Silnik/PROJECT/TK_Repo_Folder/TKGames_TestRepo/TKG_Training/Saved/Config/Windows/Scalability.ini]
[2020.02.26-12.13.17:953][  0]LogConfig: Setting CVar [[foliage.DensityScale:1.0]]
[2020.02.26-12.13.17:953][  0]LogConfig: Setting CVar [[grass.DensityScale:1.0]]
[2020.02.26-12.13.17:953][  0]LogConfig: Applying CVar settings from Section [ShadingQuality@3] File [E:/Silnik/PROJECT/TK_Repo_Folder/TKGames_TestRepo/TKG_Training/Saved/Config/Windows/Scalability.ini]
[2020.02.26-12.13.17:953][  0]LogConfig: Setting CVar [[r.HairStrands.SkyLighting.SampleCount:16]]
[2020.02.26-12.13.17:953][  0]LogConfig: Setting CVar [[r.HairStrands.SkyLighting.JitterIntegration:0]]
[2020.02.26-12.13.17:953][  0]LogConfig: Setting CVar [[r.HairStrands.SkyAO.SampleCount:16]]
[2020.02.26-12.13.17:955][  0]LogInit: Selected Device Profile: [Windows]
[2020.02.26-12.13.17:955][  0]LogInit: Applying CVar settings loaded from the selected device profile: [Windows]
[2020.02.26-12.13.18:010][  0]LogHAL: Display: Platform has ~ 8 GB [8523526144 / 8589934592 / 8], which maps to Default [LargestMinGB=32, LargerMinGB=12, DefaultMinGB=8, SmallerMinGB=6, SmallestMinGB=0)
[2020.02.26-12.13.18:010][  0]LogInit: Going up to parent DeviceProfile []
[2020.02.26-12.13.18:010][  0]LogConfig: Applying CVar settings from Section [ViewDistanceQuality@3] File [E:/Silnik/PROJECT/TK_Repo_Folder/TKGames_TestRepo/TKG_Training/Saved/Config/Windows/Scalability.ini]
[2020.02.26-12.13.18:010][  0]LogConfig: Setting CVar [[r.SkeletalMeshLODBias:0]]
[2020.02.26-12.13.18:010][  0]LogConfig: Setting CVar [[r.ViewDistanceScale:1.0]]
[2020.02.26-12.13.18:010][  0]LogConfig: Applying CVar settings from Section [AntiAliasingQuality@3] File [E:/Silnik/PROJECT/TK_Repo_Folder/TKGames_TestRepo/TKG_Training/Saved/Config/Windows/Scalability.ini]
[2020.02.26-12.13.18:010][  0]LogConfig: Setting CVar [[r.PostProcessAAQuality:4]]
[2020.02.26-12.13.18:010][  0]LogConfig: Applying CVar settings from Section [ShadowQuality@3] File [E:/Silnik/PROJECT/TK_Repo_Folder/TKGames_TestRepo/TKG_Training/Saved/Config/Windows/Scalability.ini]
[2020.02.26-12.13.18:010][  0]LogConfig: Setting CVar [[r.LightFunctionQuality:1]]
[2020.02.26-12.13.18:010][  0]LogConfig: Setting CVar [[r.ShadowQuality:5]]
[2020.02.26-12.13.18:010][  0]LogConfig: Setting CVar [[r.Shadow.CSM.MaxCascades:10]]
[2020.02.26-12.13.18:010][  0]LogConfig: Setting CVar [[r.Shadow.MaxResolution:2048]]
[2020.02.26-12.13.18:010][  0]LogConfig: Setting CVar [[r.Shadow.MaxCSMResolution:2048]]
[2020.02.26-12.13.18:010][  0]LogConfig: Setting CVar [[r.Shadow.RadiusThreshold:0.01]]
[2020.02.26-12.13.18:010][  0]LogConfig: Setting CVar [[r.Shadow.DistanceScale:1.0]]
[2020.02.26-12.13.18:010][  0]LogConfig: Setting CVar [[r.Shadow.CSM.TransitionScale:1.0]]
[2020.02.26-12.13.18:010][  0]LogConfig: Setting CVar [[r.Shadow.PreShadowResolutionFactor:1.0]]
[2020.02.26-12.13.18:010][  0]LogConfig: Setting CVar [[r.DistanceFieldShadowing:1]]
[2020.02.26-12.13.18:010][  0]LogConfig: Setting CVar [[r.DistanceFieldAO:1]]
[2020.02.26-12.13.18:010][  0]LogConfig: Setting CVar [[r.AOQuality:2]]
[2020.02.26-12.13.18:010][  0]LogConfig: Setting CVar [[r.VolumetricFog:1]]
[2020.02.26-12.13.18:010][  0]LogConfig: Setting CVar [[r.VolumetricFog.GridPixelSize:8]]
[2020.02.26-12.13.18:010][  0]LogConfig: Setting CVar [[r.VolumetricFog.GridSizeZ:128]]
[2020.02.26-12.13.18:010][  0]LogConfig: Setting CVar [[r.VolumetricFog.HistoryMissSupersampleCount:4]]
[2020.02.26-12.13.18:010][  0]LogConfig: Setting CVar [[r.LightMaxDrawDistanceScale:1]]
[2020.02.26-12.13.18:011][  0]LogConfig: Setting CVar [[r.CapsuleShadows:1]]
[2020.02.26-12.13.18:011][  0]LogConfig: Applying CVar settings from Section [PostProcessQuality@3] File [E:/Silnik/PROJECT/TK_Repo_Folder/TKGames_TestRepo/TKG_Training/Saved/Config/Windows/Scalability.ini]
[2020.02.26-12.13.18:011][  0]LogConfig: Setting CVar [[r.MotionBlurQuality:4]]
[2020.02.26-12.13.18:011][  0]LogConfig: Setting CVar [[r.AmbientOcclusionMipLevelFactor:0.4]]
[2020.02.26-12.13.18:011][  0]LogConfig: Setting CVar [[r.AmbientOcclusionMaxQuality:100]]
[2020.02.26-12.13.18:011][  0]LogConfig: Setting CVar [[r.AmbientOcclusionLevels:-1]]
[2020.02.26-12.13.18:011][  0]LogConfig: Setting CVar [[r.AmbientOcclusionRadiusScale:1.0]]
[2020.02.26-12.13.18:011][  0]LogConfig: Setting CVar [[r.DepthOfFieldQuality:2]]
[2020.02.26-12.13.18:011][  0]LogConfig: Setting CVar [[r.RenderTargetPoolMin:400]]
[2020.02.26-12.13.18:011][  0]LogConfig: Setting CVar [[r.LensFlareQuality:2]]
[2020.02.26-12.13.18:011][  0]LogConfig: Setting CVar [[r.SceneColorFringeQuality:1]]
[2020.02.26-12.13.18:011][  0]LogConfig: Setting CVar [[r.EyeAdaptationQuality:2]]
[2020.02.26-12.13.18:011][  0]LogConfig: Setting CVar [[r.BloomQuality:5]]
[2020.02.26-12.13.18:011][  0]LogConfig: Setting CVar [[r.FastBlurThreshold:100]]
[2020.02.26-12.13.18:011][  0]LogConfig: Setting CVar [[r.Upscale.Quality:3]]
[2020.02.26-12.13.18:011][  0]LogConfig: Setting CVar [[r.Tonemapper.GrainQuantization:1]]
[2020.02.26-12.13.18:011][  0]LogConfig: Setting CVar [[r.LightShaftQuality:1]]
[2020.02.26-12.13.18:011][  0]LogConfig: Setting CVar [[r.Filter.SizeScale:1]]
[2020.02.26-12.13.18:011][  0]LogConfig: Setting CVar [[r.Tonemapper.Quality:5]]
[2020.02.26-12.13.18:011][  0]LogConfig: Setting CVar [[r.DOF.Gather.AccumulatorQuality:1        ; higher gathering accumulator quality]]
[2020.02.26-12.13.18:011][  0]LogConfig: Setting CVar [[r.DOF.Gather.PostfilterMethod:1          ; Median3x3 postfilering method]]
[2020.02.26-12.13.18:011][  0]LogConfig: Setting CVar [[r.DOF.Gather.EnableBokehSettings:0       ; no bokeh simulation when gathering]]
[2020.02.26-12.13.18:011][  0]LogConfig: Setting CVar [[r.DOF.Gather.RingCount:4                 ; medium number of samples when gathering]]
[2020.02.26-12.13.18:011][  0]LogConfig: Setting CVar [[r.DOF.Scatter.ForegroundCompositing:1    ; additive foreground scattering]]
[2020.02.26-12.13.18:011][  0]LogConfig: Setting CVar [[r.DOF.Scatter.BackgroundCompositing:2    ; additive background scattering]]
[2020.02.26-12.13.18:011][  0]LogConfig: Setting CVar [[r.DOF.Scatter.EnableBokehSettings:1      ; bokeh simulation when scattering]]
[2020.02.26-12.13.18:011][  0]LogConfig: Setting CVar [[r.DOF.Scatter.MaxSpriteRatio:0.1         ; only a maximum of 10% of scattered bokeh]]
[2020.02.26-12.13.18:011][  0]LogConfig: Setting CVar [[r.DOF.Recombine.Quality:1                ; cheap slight out of focus]]
[2020.02.26-12.13.18:011][  0]LogConfig: Setting CVar [[r.DOF.Recombine.EnableBokehSettings:0    ; no bokeh simulation on slight out of focus]]
[2020.02.26-12.13.18:011][  0]LogConfig: Setting CVar [[r.DOF.TemporalAAQuality:1                ; more stable temporal accumulation]]
[2020.02.26-12.13.18:011][  0]LogConfig: Setting CVar [[r.DOF.Kernel.MaxForegroundRadius:0.025]]
[2020.02.26-12.13.18:011][  0]LogConfig: Setting CVar [[r.DOF.Kernel.MaxBackgroundRadius:0.025]]
[2020.02.26-12.13.18:011][  0]LogConfig: Applying CVar settings from Section [TextureQuality@3] File [E:/Silnik/PROJECT/TK_Repo_Folder/TKGames_TestRepo/TKG_Training/Saved/Config/Windows/Scalability.ini]
[2020.02.26-12.13.18:011][  0]LogConfig: Setting CVar [[r.Streaming.MipBias:0]]
[2020.02.26-12.13.18:011][  0]LogConfig: Setting CVar [[r.Streaming.AmortizeCPUToGPUCopy:0]]
[2020.02.26-12.13.18:011][  0]LogConfig: Setting CVar [[r.Streaming.MaxNumTexturesToStreamPerFrame:0]]
[2020.02.26-12.13.18:011][  0]LogConfig: Setting CVar [[r.Streaming.Boost:1]]
[2020.02.26-12.13.18:011][  0]LogConfig: Setting CVar [[r.MaxAnisotropy:8]]
[2020.02.26-12.13.18:011][  0]LogConfig: Setting CVar [[r.VT.MaxAnisotropy:8]]
[2020.02.26-12.13.18:011][  0]LogConfig: Setting CVar [[r.Streaming.LimitPoolSizeToVRAM:0]]
[2020.02.26-12.13.18:011][  0]LogConfig: Setting CVar [[r.Streaming.PoolSize:1000]]
[2020.02.26-12.13.18:011][  0]LogConfig: Setting CVar [[r.Streaming.MaxEffectiveScreenSize:0]]
[2020.02.26-12.13.18:011][  0]LogConfig: Applying CVar settings from Section [EffectsQuality@3] File [E:/Silnik/PROJECT/TK_Repo_Folder/TKGames_TestRepo/TKG_Training/Saved/Config/Windows/Scalability.ini]
[2020.02.26-12.13.18:011][  0]LogConfig: Setting CVar [[r.TranslucencyLightingVolumeDim:64]]
[2020.02.26-12.13.18:011][  0]LogConfig: Setting CVar [[r.RefractionQuality:2]]
[2020.02.26-12.13.18:011][  0]LogConfig: Setting CVar [[r.SSR.Quality:3]]
[2020.02.26-12.13.18:011][  0]LogConfig: Setting CVar [[r.SSR.HalfResSceneColor:0]]
[2020.02.26-12.13.18:011][  0]LogConfig: Setting CVar [[r.SceneColorFormat:4]]
[2020.02.26-12.13.18:011][  0]LogConfig: Setting CVar [[r.DetailMode:2]]
[2020.02.26-12.13.18:011][  0]LogConfig: Setting CVar [[r.TranslucencyVolumeBlur:1]]
[2020.02.26-12.13.18:012][  0]LogConfig: Setting CVar [[r.MaterialQualityLevel:1 ; High quality]]
[2020.02.26-12.13.18:012][  0]LogConfig: Setting CVar [[r.SSS.Scale:1]]
[2020.02.26-12.13.18:012][  0]LogConfig: Setting CVar [[r.SSS.SampleSet:2]]
[2020.02.26-12.13.18:012][  0]LogConfig: Setting CVar [[r.SSS.Quality:1]]
[2020.02.26-12.13.18:012][  0]LogConfig: Setting CVar [[r.SSS.HalfRes:1]]
[2020.02.26-12.13.18:012][  0]LogConfig: Setting CVar [[r.SSGI.Quality:3]]
[2020.02.26-12.13.18:012][  0]LogConfig: Setting CVar [[r.EmitterSpawnRateScale:1.0]]
[2020.02.26-12.13.18:012][  0]LogConfig: Setting CVar [[r.ParticleLightQuality:2]]
[2020.02.26-12.13.18:012][  0]LogConfig: Setting CVar [[r.SkyAtmosphere.AerialPerspectiveLUT.FastApplyOnOpaque:1 ; Always have FastSkyLUT 1 in this case to avoid wrong sky]]
[2020.02.26-12.13.18:012][  0]LogConfig: Setting CVar [[r.SkyAtmosphere.AerialPerspectiveLUT.SampleCountPerSlice:1]]
[2020.02.26-12.13.18:012][  0]LogConfig: Setting CVar [[r.SkyAtmosphere.AerialPerspectiveLUT.DepthResolution:16.0]]
[2020.02.26-12.13.18:012][  0]LogConfig: Setting CVar [[r.SkyAtmosphere.FastSkyLUT:1]]
[2020.02.26-12.13.18:012][  0]LogConfig: Setting CVar [[r.SkyAtmosphere.FastSkyLUT.SampleCountMin:4.0]]
[2020.02.26-12.13.18:012][  0]LogConfig: Setting CVar [[r.SkyAtmosphere.FastSkyLUT.SampleCountMax:32.0]]
[2020.02.26-12.13.18:012][  0]LogConfig: Setting CVar [[r.SkyAtmosphere.SampleCountMin:4.0]]
[2020.02.26-12.13.18:012][  0]LogConfig: Setting CVar [[r.SkyAtmosphere.SampleCountMax:32.0]]
[2020.02.26-12.13.18:012][  0]LogConfig: Setting CVar [[r.SkyAtmosphere.TransmittanceLUT.UseSmallFormat:0]]
[2020.02.26-12.13.18:012][  0]LogConfig: Setting CVar [[r.SkyAtmosphere.TransmittanceLUT.SampleCount:10.0]]
[2020.02.26-12.13.18:012][  0]LogConfig: Setting CVar [[r.SkyAtmosphere.MultiScatteringLUT.SampleCount:15.0]]
[2020.02.26-12.13.18:012][  0]LogConfig: Applying CVar settings from Section [FoliageQuality@3] File [E:/Silnik/PROJECT/TK_Repo_Folder/TKGames_TestRepo/TKG_Training/Saved/Config/Windows/Scalability.ini]
[2020.02.26-12.13.18:012][  0]LogConfig: Setting CVar [[foliage.DensityScale:1.0]]
[2020.02.26-12.13.18:012][  0]LogConfig: Setting CVar [[grass.DensityScale:1.0]]
[2020.02.26-12.13.18:012][  0]LogConfig: Applying CVar settings from Section [ShadingQuality@3] File [E:/Silnik/PROJECT/TK_Repo_Folder/TKGames_TestRepo/TKG_Training/Saved/Config/Windows/Scalability.ini]
[2020.02.26-12.13.18:012][  0]LogConfig: Setting CVar [[r.HairStrands.SkyLighting.SampleCount:16]]
[2020.02.26-12.13.18:012][  0]LogConfig: Setting CVar [[r.HairStrands.SkyLighting.JitterIntegration:0]]
[2020.02.26-12.13.18:012][  0]LogConfig: Setting CVar [[r.HairStrands.SkyAO.SampleCount:16]]
[2020.02.26-12.13.18:012][  0]LogConfig: Applying CVar settings from Section [Startup] File [../../../Engine/Config/ConsoleVariables.ini]
[2020.02.26-12.13.18:030][  0]LogConfig: Setting CVar [[net.UseAdaptiveNetUpdateFrequency:0]]
[2020.02.26-12.13.18:030][  0]LogConfig: Setting CVar [[p.chaos.AllowCreatePhysxBodies:1]]
[2020.02.26-12.13.18:030][  0]LogConfig: Applying CVar settings from Section [ConsoleVariables] File [E:/Silnik/PROJECT/TK_Repo_Folder/TKGames_TestRepo/TKG_Training/Saved/Config/Windows/Engine.ini]
[2020.02.26-12.13.18:042][  0]LogInit: Computer: DESKTOP-9MMM02J
[2020.02.26-12.13.18:042][  0]LogInit: User: Radek
[2020.02.26-12.13.18:042][  0]LogInit: CPU Page size=4096, Cores=4
[2020.02.26-12.13.18:042][  0]LogInit: High frequency timer resolution =10.000000 MHz
[2020.02.26-12.13.18:042][  0]LogMemory: Memory total: Physical=7.9GB (8GB approx)
[2020.02.26-12.13.18:042][  0]LogMemory: Platform Memory Stats for Windows
[2020.02.26-12.13.18:042][  0]LogMemory: Process Physical Memory: 103.96 MB used, 103.97 MB peak
[2020.02.26-12.13.18:042][  0]LogMemory: Process Virtual Memory: 99.61 MB used, 99.61 MB peak
[2020.02.26-12.13.18:042][  0]LogMemory: Physical Memory: 3455.86 MB used,  4672.81 MB free, 8128.67 MB total
[2020.02.26-12.13.18:042][  0]LogMemory: Virtual Memory: 5121.12 MB used,  134212608.00 MB free, 134217728.00 MB total
[2020.02.26-12.13.18:073][  0]LogWindows: WindowsPlatformFeatures enabled
[2020.02.26-12.13.18:827][  0]LogInit: Using OS detected language (en-US).
[2020.02.26-12.13.18:827][  0]LogInit: Using OS detected locale (en-US).
[2020.02.26-12.13.18:879][  0]LogTextLocalizationManager: No specific localization for 'en-US' exists, so the 'en' localization will be used.
[2020.02.26-12.13.19:715][  0]LogInit: Setting process to per monitor DPI aware
[2020.02.26-12.13.20:405][  0]LogSlate: New Slate User Created.  User Index 0, Is Virtual User: 0
[2020.02.26-12.13.20:405][  0]LogSlate: Slate User Registered.  User Index 0, Is Virtual User: 0
[2020.02.26-12.13.21:387][  0]LogHMD: Failed to initialize OpenVR with code 110
[2020.02.26-12.13.21:387][  0]LogD3D11RHI: D3D11 min allowed feature level: 11_0
[2020.02.26-12.13.21:387][  0]LogD3D11RHI: D3D11 max allowed feature level: 11_0
[2020.02.26-12.13.21:387][  0]LogD3D11RHI: D3D11 adapters:
[2020.02.26-12.13.21:528][  0]LogD3D11RHI:    0. 'NVIDIA GeForce GTX 1060 3GB' (Feature Level 11_0)
[2020.02.26-12.13.21:528][  0]LogD3D11RHI:       2988/0/4064 MB DedicatedVideo/DedicatedSystem/SharedSystem, Outputs:1, VendorId:0x10de
[2020.02.26-12.13.21:532][  0]LogD3D11RHI:    1. 'Microsoft Basic Render Driver' (Feature Level 11_0)
[2020.02.26-12.13.21:532][  0]LogD3D11RHI:       0/0/4064 MB DedicatedVideo/DedicatedSystem/SharedSystem, Outputs:0, VendorId:0x1414
[2020.02.26-12.13.21:532][  0]LogD3D11RHI: Chosen D3D11 Adapter: 0
[2020.02.26-12.13.21:577][  0]LogD3D11RHI: Creating new Direct3DDevice
[2020.02.26-12.13.21:578][  0]LogD3D11RHI:     GPU DeviceId: 0x1c02 (for the marketing name, search the web for "GPU Device Id")
[2020.02.26-12.13.21:578][  0]LogWindows: EnumDisplayDevices:
[2020.02.26-12.13.21:579][  0]LogWindows:    0. 'NVIDIA GeForce GTX 1060 3GB' (P:1 D:1)
[2020.02.26-12.13.21:579][  0]LogWindows:    1. 'NVIDIA GeForce GTX 1060 3GB' (P:0 D:0)
[2020.02.26-12.13.21:580][  0]LogWindows:    2. 'NVIDIA GeForce GTX 1060 3GB' (P:0 D:0)
[2020.02.26-12.13.21:580][  0]LogWindows:    3. 'NVIDIA GeForce GTX 1060 3GB' (P:0 D:0)
[2020.02.26-12.13.21:581][  0]LogWindows: DebugString: FoundDriverCount:4 
[2020.02.26-12.13.21:581][  0]LogD3D11RHI:     Adapter Name: NVIDIA GeForce GTX 1060 3GB
[2020.02.26-12.13.21:581][  0]LogD3D11RHI:   Driver Version: 442.19 (internal:26.21.14.4219, unified:442.19)
[2020.02.26-12.13.21:581][  0]LogD3D11RHI:      Driver Date: 1-29-2020
[2020.02.26-12.13.21:581][  0]LogRHI: Texture pool is 2091 MB (70% of 2988 MB)
[2020.02.26-12.13.21:713][  0]LogD3D11RHI: RHI has support for 64 bit atomics
[2020.02.26-12.13.21:714][  0]LogD3D11RHI: Async texture creation enabled
[2020.02.26-12.13.22:109][  0]LogD3D11RHI: GPU Timing Frequency: 1000.000000 (Debug: 2 1)
[2020.02.26-12.13.22:954][  0]LogTargetPlatformManager: Display: Loaded TargetPlatform 'AllDesktop'
[2020.02.26-12.13.23:016][  0]LogTargetPlatformManager: Display: Loaded TargetPlatform 'Android'
[2020.02.26-12.13.23:016][  0]LogTargetPlatformManager: Display: Loaded TargetPlatform 'Android_ASTC'
[2020.02.26-12.13.23:016][  0]LogTargetPlatformManager: Display: Loaded TargetPlatform 'Android_ATC'
[2020.02.26-12.13.23:016][  0]LogTargetPlatformManager: Display: Loaded TargetPlatform 'Android_DXT'
[2020.02.26-12.13.23:016][  0]LogTargetPlatformManager: Display: Loaded TargetPlatform 'Android_ETC1'
[2020.02.26-12.13.23:016][  0]LogTargetPlatformManager: Display: Loaded TargetPlatform 'Android_ETC1a'
[2020.02.26-12.13.23:016][  0]LogTargetPlatformManager: Display: Loaded TargetPlatform 'Android_ETC2'
[2020.02.26-12.13.23:016][  0]LogTargetPlatformManager: Display: Loaded TargetPlatform 'Android_PVRTC'
[2020.02.26-12.13.23:016][  0]LogTargetPlatformManager: Display: Loaded TargetPlatform 'AndroidClient'
[2020.02.26-12.13.23:016][  0]LogTargetPlatformManager: Display: Loaded TargetPlatform 'Android_ASTCClient'
[2020.02.26-12.13.23:016][  0]LogTargetPlatformManager: Display: Loaded TargetPlatform 'Android_ATCClient'
[2020.02.26-12.13.23:016][  0]LogTargetPlatformManager: Display: Loaded TargetPlatform 'Android_DXTClient'
[2020.02.26-12.13.23:016][  0]LogTargetPlatformManager: Display: Loaded TargetPlatform 'Android_ETC1Client'
[2020.02.26-12.13.23:016][  0]LogTargetPlatformManager: Display: Loaded TargetPlatform 'Android_ETC1aClient'
[2020.02.26-12.13.23:016][  0]LogTargetPlatformManager: Display: Loaded TargetPlatform 'Android_ETC2Client'
[2020.02.26-12.13.23:016][  0]LogTargetPlatformManager: Display: Loaded TargetPlatform 'Android_PVRTCClient'
[2020.02.26-12.13.23:016][  0]LogTargetPlatformManager: Display: Loaded TargetPlatform 'Android_Multi'
[2020.02.26-12.13.23:016][  0]LogTargetPlatformManager: Display: Loaded TargetPlatform 'Android_MultiClient'
[2020.02.26-12.13.23:109][  0]LogTargetPlatformManager: Display: Loaded TargetPlatform 'IOSClient'
[2020.02.26-12.13.23:109][  0]LogTargetPlatformManager: Display: Loaded TargetPlatform 'IOS'
[2020.02.26-12.13.23:181][  0]LogTargetPlatformManager: Display: Loaded TargetPlatform 'LinuxNoEditor'
[2020.02.26-12.13.23:203][  0]LogTargetPlatformManager: Display: Loaded TargetPlatform 'LinuxClient'
[2020.02.26-12.13.23:214][  0]LogTargetPlatformManager: Display: Loaded TargetPlatform 'LinuxServer'
[2020.02.26-12.13.23:235][  0]LogTargetPlatformManager: Display: Loaded TargetPlatform 'LinuxAArch64NoEditor'
[2020.02.26-12.13.23:289][  0]LogTargetPlatformManager: Display: Loaded TargetPlatform 'LinuxAArch64Client'
[2020.02.26-12.13.23:300][  0]LogTargetPlatformManager: Display: Loaded TargetPlatform 'LinuxAArch64Server'
[2020.02.26-12.13.23:333][  0]LogTargetPlatformManager: Display: Loaded TargetPlatform 'Lumin'
[2020.02.26-12.13.23:333][  0]LogTargetPlatformManager: Display: Loaded TargetPlatform 'LuminClient'
[2020.02.26-12.13.23:360][  0]LogTargetPlatformManager: Display: Loaded TargetPlatform 'TVOSClient'
[2020.02.26-12.13.23:360][  0]LogTargetPlatformManager: Display: Loaded TargetPlatform 'TVOS'
[2020.02.26-12.13.23:428][  0]LogTargetPlatformManager: Display: Loaded TargetPlatform 'WindowsNoEditor'
[2020.02.26-12.13.23:450][  0]LogTargetPlatformManager: Display: Loaded TargetPlatform 'Windows'
[2020.02.26-12.13.23:464][  0]LogTargetPlatformManager: Display: Loaded TargetPlatform 'WindowsClient'
[2020.02.26-12.13.23:514][  0]LogTargetPlatformManager: Display: Loaded TargetPlatform 'WindowsServer'
[2020.02.26-12.13.23:514][  0]LogTargetPlatformManager: Display: Building Assets For Windows
[2020.02.26-12.13.23:617][  0]LogAudioDebug: Display: Lib vorbis DLL was dynamically loaded.
[2020.02.26-12.13.24:356][  0]LogShaderCompilers: Guid format shader working directory is -18 characters bigger than the processId version (../../../../PROJECT/TK_Repo_Folder/TKGames_TestRepo/TKG_Training/Intermediate/Shaders/WorkingDirectory/4412/).
[2020.02.26-12.13.24:356][  0]LogShaderCompilers: Cleaned the shader compiler working directory 'C:/Users/Radek/AppData/Local/Temp/UnrealShaderWorkingDir/783C672046D8D3050928508DBB382F7B/'.
[2020.02.26-12.13.24:375][  0]LogXGEController: Cleaning working directory: C:/Users/Radek/AppData/Local/Temp/UnrealXGEWorkingDir/
[2020.02.26-12.13.24:375][  0]LogXGEController: Cannot use XGE Controller as Incredibuild is not installed on this machine.
[2020.02.26-12.13.24:376][  0]LogShaderCompilers: Cannot use XGE Shader Compiler as Incredibuild is not installed on this machine.
[2020.02.26-12.13.24:376][  0]LogShaderCompilers: Display: Using Local Shader Compiler.
[2020.02.26-12.13.26:684][  0]LogDerivedDataCache: Display: Max Cache Size: 512 MB
[2020.02.26-12.13.27:264][  0]LogDerivedDataCache: Loaded boot cache 0.57s 78MB C:/Users/Radek/AppData/Local/UnrealEngine/4.24/DerivedDataCache/Boot.ddc.
[2020.02.26-12.13.27:264][  0]LogDerivedDataCache: Display: Loaded Boot cache: C:/Users/Radek/AppData/Local/UnrealEngine/4.24/DerivedDataCache/Boot.ddc
[2020.02.26-12.13.27:264][  0]LogDerivedDataCache: FDerivedDataBackendGraph:  Pak pak cache file ../../../../PROJECT/TK_Repo_Folder/TKGames_TestRepo/TKG_Training/DerivedDataCache/DDC.ddp not found, will not use a pak cache.
[2020.02.26-12.13.27:264][  0]LogDerivedDataCache: Unable to find inner node Pak for hierarchical cache Hierarchy.
[2020.02.26-12.13.27:264][  0]LogDerivedDataCache: FDerivedDataBackendGraph:  CompressedPak pak cache file ../../../../PROJECT/TK_Repo_Folder/TKGames_TestRepo/TKG_Training/DerivedDataCache/Compressed.ddp not found, will not use a pak cache.
[2020.02.26-12.13.27:264][  0]LogDerivedDataCache: Unable to find inner node CompressedPak for hierarchical cache Hierarchy.
[2020.02.26-12.13.27:396][  0]LogDerivedDataCache: Display: Pak cache opened for reading ../../../Engine/DerivedDataCache/Compressed.ddp.
[2020.02.26-12.13.27:396][  0]LogDerivedDataCache: FDerivedDataBackendGraph:  EnterprisePak pak cache file ../../../Enterprise/DerivedDataCache/Compressed.ddp not found, will not use a pak cache.
[2020.02.26-12.13.27:397][  0]LogDerivedDataCache: Unable to find inner node EnterprisePak for hierarchical cache Hierarchy.
[2020.02.26-12.13.27:470][  0]LogDerivedDataCache: Using Local data cache path C:/Users/Radek/AppData/Local/UnrealEngine/Common/DerivedDataCache: Writable
[2020.02.26-12.13.27:470][  0]LogDerivedDataCache: Shared data cache path not found in *engine.ini, will not use an Shared cache.
[2020.02.26-12.13.27:470][  0]LogDerivedDataCache: Unable to find inner node Shared for hierarchical cache Hierarchy.
[2020.02.26-12.13.27:530][  0]LogMaterial: Verifying Global Shaders for PCD3D_SM5
[2020.02.26-12.13.27:664][  0]LogSlate: Using FreeType 2.10.0
[2020.02.26-12.13.27:781][  0]LogSlate: SlateFontServices - WITH_FREETYPE: 1, WITH_HARFBUZZ: 1
[2020.02.26-12.13.28:508][  0]LogAssetRegistry: FAssetRegistry took 0.0075 seconds to start up
[2020.02.26-12.13.32:644][  0]LogInit: Selected Device Profile: [Windows]
[2020.02.26-12.13.35:251][  0]LogMeshReduction: Using QuadricMeshReduction for automatic static mesh reduction
[2020.02.26-12.13.35:252][  0]LogMeshReduction: Using SimplygonMeshReduction for automatic skeletal mesh reduction
[2020.02.26-12.13.35:252][  0]LogMeshReduction: Using ProxyLODMeshReduction for automatic mesh merging
[2020.02.26-12.13.35:252][  0]LogMeshReduction: No distributed automatic mesh merging module available
[2020.02.26-12.13.35:252][  0]LogMeshMerging: No distributed automatic mesh merging module available
[2020.02.26-12.13.36:014][  0]LogNetVersion: TKG_Training 1.0.0, NetCL: 10570792, EngineNetVer: 13, GameNetVer: 0 (Checksum: 2082798636)
[2020.02.26-12.14.05:542][  0]LogAssetRegistry: Error: Failed to open file for write ../../../../PROJECT/TK_Repo_Folder/TKGames_TestRepo/TKG_Training/Intermediate/AssetRegistryCache/2657c409.bin
[2020.02.26-12.14.08:954][  0]LogPackageLocalizationCache: Processed 11 localized package path(s) for 1 prioritized culture(s) in 3.544163 seconds
[2020.02.26-12.14.09:061][  0]LogUObjectArray: 46750 objects as part of root set at end of initial load.
[2020.02.26-12.14.09:062][  0]LogUObjectAllocator: 8137160 out of 0 bytes used by permanent object pool.
[2020.02.26-12.14.09:062][  0]LogUObjectArray: CloseDisregardForGC: 0/0 objects in disregard for GC pool
[2020.02.26-12.14.15:390][  0]LogSubstanceCoreModule: Substance [CPU] Engine Loaded, Max Texture Size = 2048
[2020.02.26-12.14.16:117][  0]LogTcpMessaging: Initializing TcpMessaging bridge
[2020.02.26-12.14.16:238][  0]LogUdpMessaging: Initializing bridge on interface 0.0.0.0:0 to multicast group 230.0.0.1:6666.
[2020.02.26-12.14.17:345][  0]LogAkAudio: Wwise(R) SDK Version 2019.2.0 Build 7216. Copyright (c) 2006-2019 Audiokinetic Inc.
[2020.02.26-12.14.17:357][  0]LogAkAudio: Wwise plug-in DLL path: E:/Silnik/PROJECT/TK_Repo_Folder/TKGames_TestRepo/TKG_Training/Plugins/Wwise/ThirdParty/x64_vc150/Profile/bin/
[2020.02.26-12.14.17:371][  0]LogAkAudio: Wwise remote connection application name: TKG_Training (Editor)
[2020.02.26-12.14.17:371][  0]LogAkAudio: Wwise successfully initialized.
[2020.02.26-12.14.17:371][  0]LogInit: Audiokinetic Audio Device setting bank directory to ../../../../PROJECT/TK_Repo_Folder/TKGames_TestRepo/TKG_Training/Content/WwiseAudio/Windows.
[2020.02.26-12.14.17:374][  0]LogAkAudio: Initialization complete.
[2020.02.26-12.14.17:413][  0]LogInit: Audiokinetic Audio Device initialized.
[2020.02.26-12.14.18:364][  0]SourceControl: Source control is disabled
[2020.02.26-12.14.18:376][  0]SourceControl: Source control is disabled
[2020.02.26-12.14.18:543][  0]SourceControl: Source control is disabled
[2020.02.26-12.14.18:660][  0]SourceControl: Source control is disabled
[2020.02.26-12.14.18:743][  0]SourceControl: Source control is disabled
[2020.02.26-12.14.20:641][  0]LogAndroidPermission: UAndroidPermissionCallbackProxy::GetInstance
[2020.02.26-12.14.20:716][  0]LogAudioCaptureCore: Display: No Audio Capture implementations found. Audio input will be silent.
[2020.02.26-12.14.20:716][  0]LogAudioCaptureCore: Display: No Audio Capture implementations found. Audio input will be silent.
[2020.02.26-12.14.21:302][  0]LogOcInput: OculusInput pre-init called
[2020.02.26-12.14.21:360][  0]LogWindows: Failed to load 'OVRPlugin.dll' (GetLastError=126)
[2020.02.26-12.14.21:360][  0]LogWindows: File 'OVRPlugin.dll' does not exist
[2020.02.26-12.14.25:169][  0]LogEngine: Initializing Engine...
[2020.02.26-12.14.25:622][  0]LogHMD: Failed to initialize OpenVR with code 110
[2020.02.26-12.14.25:752][  0]LogStats: UGameplayTagsManager::InitializeManager -  0.067 s
[2020.02.26-12.14.26:422][  0]LogInit: Initializing FReadOnlyCVARCache
[2020.02.26-12.14.27:360][  0]LogAIModule: Creating AISystem for world Untitled
[2020.02.26-12.14.27:808][  0]LogAudioMixer: Display: Audio Mixer Platform Settings:
[2020.02.26-12.14.27:808][  0]LogAudioMixer: Display: 	Sample Rate:						  48000
[2020.02.26-12.14.27:808][  0]LogAudioMixer: Display: 	Callback Buffer Frame Size Requested: 1024
[2020.02.26-12.14.27:808][  0]LogAudioMixer: Display: 	Callback Buffer Frame Size To Use:	  1024
[2020.02.26-12.14.27:808][  0]LogAudioMixer: Display: 	Number of buffers to queue:			  2
[2020.02.26-12.14.27:808][  0]LogAudioMixer: Display: 	Max Channels (voices):				  32
[2020.02.26-12.14.27:808][  0]LogAudioMixer: Display: 	Number of Async Source Workers:		  0
[2020.02.26-12.14.27:808][  0]LogAudio: Display: AudioDevice MaxSources: 32
[2020.02.26-12.14.27:811][  0]LogAudio: Display: Using built-in audio occlusion.
[2020.02.26-12.14.27:812][  0]LogAudioMixer: Display: Initializing audio mixer.
[2020.02.26-12.14.27:898][  0]LogAudioMixer: Display: Audio Device Output Speaker Info:
[2020.02.26-12.14.27:898][  0]LogAudioMixer: Display: Name: OUT (5- GR-55)
[2020.02.26-12.14.27:898][  0]LogAudioMixer: Display: Is Default: Yes
[2020.02.26-12.14.27:898][  0]LogAudioMixer: Display: Sample Rate: 44100
[2020.02.26-12.14.27:898][  0]LogAudioMixer: Display: Channel Count Used: 2
[2020.02.26-12.14.27:898][  0]LogAudioMixer: Display: Device Channel Count: 2
[2020.02.26-12.14.27:898][  0]LogAudioMixer: Display: Channel Order:
[2020.02.26-12.14.27:898][  0]LogAudioMixer: Display: 0: FrontLeft
[2020.02.26-12.14.27:898][  0]LogAudioMixer: Display: 1: FrontRight
[2020.02.26-12.14.27:926][  0]LogAudioMixer: Display: Using Audio Device OUT (5- GR-55)
[2020.02.26-12.14.28:123][  0]LogInit: FAudioDevice initialized.
[2020.02.26-12.14.28:124][  0]LogNetVersion: Set ProjectVersion to 1.0.0.0. Version Checksum will be recalculated on next use.
[2020.02.26-12.14.28:146][  0]LogDerivedDataCache: Error: Could not save memory cache C:/Users/Radek/AppData/Local/UnrealEngine/4.24/DerivedDataCache/Boot.ddc.
[2020.02.26-12.14.28:159][  0]LogInit: Texture streaming: Enabled
[2020.02.26-12.14.28:462][  0]LogEngineSessionManager: EngineSessionManager initialized
[2020.02.26-12.14.28:463][  0]LogEditorSessionSummary: Verbose: Initializing EditorSessionSummaryWriter for editor session tracking
[2020.02.26-12.14.28:490][  0]LogEditorSessionSummary: EditorSessionSummaryWriter initialized
[2020.02.26-12.14.30:439][  0]LogInit: Transaction tracking system initialized
[2020.02.26-12.14.30:855][  0]BlueprintLog: New page: Editor Load
[2020.02.26-12.14.32:419][  0]LocalizationService: Localization service is disabled
[2020.02.26-12.14.35:103][  0]LogFileCache: Scanning file cache for directory 'E:/Silnik/PROJECT/TK_Repo_Folder/TKGames_TestRepo/TKG_Training/Content/' took 0.03s
[2020.02.26-12.14.35:103][  0]LogCook: Display: Max memory allowance for cook 16384mb min free memory 0mb
[2020.02.26-12.14.35:119][  0]LogCook: Display: Mobile HDR setting 1
[2020.02.26-12.14.42:138][  0]SourceControl: Source control is disabled
[2020.02.26-12.14.42:169][  0]Cmd: MAP LOAD FILE="../../../../PROJECT/TK_Repo_Folder/TKGames_TestRepo/TKG_Training/Content/ThirdPersonBP/Maps/ThirdPersonExampleMap.umap" TEMPLATE=0 SHOWPROGRESS=1 FEATURELEVEL=3
[2020.02.26-12.14.42:250][  0]LightingResults: New page: Lighting Build
[2020.02.26-12.14.42:702][  0]LogWorld: UWorld::CleanupWorld for Untitled, bSessionEnded=true, bCleanupResources=true
[2020.02.26-12.14.42:896][  0]LogSlate: InvalidateAllWidgets triggered.  All widgets were invalidated
[2020.02.26-12.14.42:973][  0]MapCheck: New page: Map Check
[2020.02.26-12.14.42:973][  0]LightingResults: New page: Lighting Build
[2020.02.26-12.14.44:234][  0]LogUObjectHash: Compacting FUObjectHashTables data took   2.31ms
[2020.02.26-12.14.46:823][  0]LogAIModule: Creating AISystem for world ThirdPersonExampleMap
[2020.02.26-12.14.47:670][  0]LogEditorServer: Finished looking for orphan Actors (0.000 secs)
[2020.02.26-12.14.48:076][  0]LogUObjectHash: Compacting FUObjectHashTables data took   3.11ms
[2020.02.26-12.14.48:087][  0]Cmd: MAP CHECKDEP NOCLEARLOG
[2020.02.26-12.14.48:106][  0]MapCheck: Map check complete: 0 Error(s), 0 Warning(s), took 19.486ms to complete.
[2020.02.26-12.14.48:128][  0]LogFileHelpers: Loading map 'ThirdPersonExampleMap' took 5.977
[2020.02.26-12.14.50:937][  0]LogCollectionManager: Loaded 0 collections in 0.002286 seconds
[2020.02.26-12.14.51:179][  0]LogFileCache: Scanning file cache for directory 'E:/Silnik/PROJECT/TK_Repo_Folder/TKGames_TestRepo/TKG_Training/Saved/Collections/' took 0.00s
[2020.02.26-12.14.51:179][  0]LogFileCache: Scanning file cache for directory 'E:/Silnik/PROJECT/TK_Repo_Folder/TKGames_TestRepo/TKG_Training/Content/Developers/Radek/Collections/' took 0.00s
[2020.02.26-12.14.51:179][  0]LogFileCache: Scanning file cache for directory 'E:/Silnik/PROJECT/TK_Repo_Folder/TKGames_TestRepo/TKG_Training/Content/Collections/' took 0.00s
[2020.02.26-12.14.51:179][  0]LogContentBrowser: Native class hierarchy populated in 0.0116 seconds. Added 3127 classes and 755 folders.
[2020.02.26-12.14.51:458][  0]LogContentBrowser: Native class hierarchy updated for 'WidgetCarousel' in 0.0003 seconds. Added 0 classes and 0 folders.
[2020.02.26-12.14.53:994][  0]LogContentBrowser: Native class hierarchy updated for 'AddContentDialog' in 0.0003 seconds. Added 0 classes and 0 folders.
[2020.02.26-12.14.54:617][  0]LogSlate: Updating window title bar state: overlay mode, drag disabled, window buttons hidden, title bar hidden
[2020.02.26-12.14.54:649][  0]LogSlate: Updating window title bar state: overlay mode, drag disabled, window buttons hidden, title bar hidden
[2020.02.26-12.14.54:658][  0]LogSlate: Updating window title bar state: overlay mode, drag disabled, window buttons hidden, title bar hidden
[2020.02.26-12.14.54:666][  0]LogSlate: Updating window title bar state: overlay mode, drag disabled, window buttons hidden, title bar hidden
[2020.02.26-12.14.54:794][  0]LogContentBrowser: Native class hierarchy updated for 'SceneOutliner' in 0.0003 seconds. Added 2 classes and 3 folders.
[2020.02.26-12.14.55:046][  0]LogContentBrowser: Native class hierarchy updated for 'WorldBrowser' in 0.0003 seconds. Added 2 classes and 3 folders.
[2020.02.26-12.14.56:642][  0]LogSlate: Took 0.018923 seconds to synchronously load lazily loaded font '../../../Engine/Content/Slate/Fonts/Roboto-Regular.ttf' (155K)
[2020.02.26-12.14.56:689][  0]LogSlate: Took 0.041107 seconds to synchronously load lazily loaded font '../../../Engine/Content/Slate/Fonts/Roboto-Bold.ttf' (160K)
[2020.02.26-12.14.56:701][  0]LogSlate: Took 0.009545 seconds to synchronously load lazily loaded font '../../../Engine/Content/Editor/Slate/Fonts/FontAwesome.ttf' (139K)
[2020.02.26-12.14.57:623][  0]LogRenderer: Reallocating scene render targets to support 1332x924 Format 10 NumSamples 1 (Frame:1).
[2020.02.26-12.14.58:497][  0]LogContentBrowser: Native class hierarchy updated for 'HierarchicalLODOutliner' in 0.0003 seconds. Added 0 classes and 0 folders.
[2020.02.26-12.14.58:497][  0]LogLoad: (Engine Initialization) Total time: 138.33 seconds
[2020.02.26-12.14.58:497][  0]LogLoad: (Engine Initialization) Total Blueprint compile time: 0.00 seconds
[2020.02.26-12.14.58:995][  0]LogContentStreaming: Texture pool size now 1000 MB
[2020.02.26-12.14.59:406][  0]LogSlate: Took 0.032490 seconds to synchronously load lazily loaded font '../../../Engine/Content/Slate/Fonts/Roboto-Light.ttf' (167K)
[2020.02.26-12.14.59:504][  1]LogSubstanceLiveLink: Warning: Unable to send data along socket, closing connection
[2020.02.26-12.14.59:764][  1]LogFileCache: Retrieving MD5 hashes for directory 'E:/Silnik/PROJECT/TK_Repo_Folder/TKGames_TestRepo/TKG_Training/Content/' took 0.92s
[2020.02.26-12.15.00:649][  2]LogAssetRegistry: Asset discovery search completed in 92.1437 seconds
[2020.02.26-12.15.01:095][  2]LogCollectionManager: Fixed up redirectors for 0 collections in 0.000600 seconds (updated 0 objects)
[2020.02.26-12.15.54:131][162]LogAudioMixer: Display: Audio Buffer Underrun detected.
[2020.02.26-12.15.54:485][163]LogAudioMixer: Display: Audio Buffer Underrun detected.
[2020.02.26-12.15.54:799][164]LogAkAudio: Error: Voice Starvation
[2020.02.26-12.15.57:207][171]LogAudioMixer: Display: Audio Buffer Underrun detected.
[2020.02.26-12.15.59:195][176]LogAudioMixer: Display: Audio Buffer Underrun detected.
[2020.02.26-12.15.59:195][176]LogAudioMixer: Display: Audio Buffer Underrun detected.
[2020.02.26-12.16.02:294][186]LogAudioMixer: Display: Audio Buffer Underrun detected.
[2020.02.26-12.16.02:294][186]LogAkAudio: Error: Voice Starvation
[2020.02.26-12.16.03:638][190]LogAudioMixer: Display: Audio Buffer Underrun detected.
[2020.02.26-12.16.07:724][202]LogAudioMixer: Display: Audio Buffer Underrun detected.
[2020.02.26-12.16.07:724][202]LogAudioMixer: Display: Audio Buffer Underrun detected.
[2020.02.26-12.16.08:090][203]LogAudioMixer: Display: Audio Buffer Underrun detected.
[2020.02.26-12.16.08:090][203]LogAkAudio: Error: Voice Starvation
[2020.02.26-12.16.08:090][203]LogAudioMixer: Display: Audio Buffer Underrun detected.
[2020.02.26-12.16.08:090][203]LogAudioMixer: Display: Audio Buffer Underrun detected.
[2020.02.26-12.16.08:090][203]LogAkAudio: Error: Voice Starvation
[2020.02.26-12.16.08:565][204]LogAudioMixer: Display: Audio Buffer Underrun detected.
[2020.02.26-12.16.08:565][204]LogAkAudio: Error: Voice Starvation
[2020.02.26-12.16.11:618][213]LogAudioMixer: Display: Audio Buffer Underrun detected.
[2020.02.26-12.16.11:618][213]LogAudioMixer: Display: Audio Buffer Underrun detected.
[2020.02.26-12.16.11:618][213]LogAudioMixer: Display: Audio Buffer Underrun detected.
[2020.02.26-12.16.17:060][229]LogAudioMixer: Display: Audio Buffer Underrun detected.
[2020.02.26-12.16.19:264][235]LogAudioMixer: Display: Audio Buffer Underrun detected.
[2020.02.26-12.16.19:264][235]LogAkAudio: Error: Voice Starvation
[2020.02.26-12.16.19:855][237]LogAudioMixer: Display: Audio Buffer Underrun detected.
[2020.02.26-12.16.20:186][238]LogAudioMixer: Display: Audio Buffer Underrun detected.
[2020.02.26-12.16.23:618][248]LogAudioMixer: Display: Audio Buffer Underrun detected.
[2020.02.26-12.16.23:896][249]LogAkAudio: Error: Voice Starvation
[2020.02.26-12.16.25:251][253]LogAudioMixer: Display: Audio Buffer Underrun detected.
[2020.02.26-12.16.25:969][255]LogAkAudio: Error: Voice Starvation
[2020.02.26-12.16.54:073][339]LogAudioMixer: Display: Audio Buffer Underrun detected.
[2020.02.26-12.16.59:456][355]LogAudioMixer: Display: Audio Buffer Underrun detected.
[2020.02.26-12.25.07:573][938]LogUObjectHash: Compacting FUObjectHashTables data took   0.93ms
[2020.02.26-12.25.07:785][938]LogSlate: Window 'TKG_Training - Unreal Editor' being destroyed
[2020.02.26-12.25.08:229][939]Cmd: QUIT_EDITOR
[2020.02.26-12.25.08:229][939]LogCore: Engine exit requested (reason: UUnrealEdEngine::CloseEditor())
[2020.02.26-12.25.08:265][939]LogCore: Engine exit requested (reason: EngineExit() was called; note: exit was already requested)
[2020.02.26-12.25.08:265][939]LogAudioMixer: Display: No commands were queued while flushing the source manager.
[2020.02.26-12.25.08:317][939]LogExit: Preparing to exit.
[2020.02.26-12.25.09:430][939]LogDemo: Cleaned up 0 splitscreen connections with owner deletion
[2020.02.26-12.25.09:828][939]LogWorld: UWorld::CleanupWorld for None, bSessionEnded=true, bCleanupResources=true
[2020.02.26-12.25.09:829][939]LogExit: Editor shut down
[2020.02.26-12.25.09:829][939]LogExit: Transaction tracking system shut down
[2020.02.26-12.25.12:644][939]LogExit: Object subsystem successfully closed.
[2020.02.26-12.25.12:808][939]LogShaderCompilers: Display: Shaders left to compile 0
[2020.02.26-12.25.14:343][939]LogModuleManager: Shutting down and abandoning module HierarchicalLODOutliner (710)
[2020.02.26-12.25.14:343][939]LogModuleManager: Shutting down and abandoning module SceneOutliner (706)
[2020.02.26-12.25.14:343][939]LogModuleManager: Shutting down and abandoning module AddContentDialog (704)
[2020.02.26-12.25.14:360][939]LogModuleManager: Shutting down and abandoning module WidgetCarousel (703)
[2020.02.26-12.25.14:360][939]LogModuleManager: Shutting down and abandoning module EditorWidgets (700)
[2020.02.26-12.25.14:360][939]LogModuleManager: Shutting down and abandoning module CollectionManager (698)
[2020.02.26-12.25.14:372][939]LogModuleManager: Shutting down and abandoning module StatsViewer (696)
[2020.02.26-12.25.14:386][939]LogModuleManager: Shutting down and abandoning module VirtualTexturingEditor (694)
[2020.02.26-12.25.14:394][939]LogModuleManager: Shutting down and abandoning module FoliageEdit (692)
[2020.02.26-12.25.14:410][939]LogModuleManager: Shutting down and abandoning module LandscapeEditor (690)
[2020.02.26-12.25.14:519][939]LogModuleManager: Shutting down and abandoning module MeshPaintMode (688)
[2020.02.26-12.25.14:519][939]LogModuleManager: Shutting down and abandoning module SceneDepthPickerMode (686)
[2020.02.26-12.25.14:519][939]LogModuleManager: Shutting down and abandoning module ActorPickerMode (684)
[2020.02.26-12.25.14:519][939]LogModuleManager: Shutting down and abandoning module GeometryMode (682)
[2020.02.26-12.25.14:519][939]LogModuleManager: Shutting down and abandoning module TextureAlignMode (680)
[2020.02.26-12.25.14:519][939]LogModuleManager: Shutting down and abandoning module BspMode (678)
[2020.02.26-12.25.14:519][939]LogModuleManager: Shutting down and abandoning module PIEPreviewDeviceProfileSelector (676)
[2020.02.26-12.25.14:520][939]LogModuleManager: Shutting down and abandoning module SequenceRecorderSections (674)
[2020.02.26-12.25.14:538][939]LogModuleManager: Shutting down and abandoning module AutomationWorker (672)
[2020.02.26-12.25.14:538][939]LogModuleManager: Shutting down and abandoning module SteamVREditor (670)
[2020.02.26-12.25.14:538][939]LogModuleManager: Shutting down and abandoning module OculusMR (668)
[2020.02.26-12.25.14:553][939]LogModuleManager: Shutting down and abandoning module AudioCaptureEditor (666)
[2020.02.26-12.25.14:553][939]LogModuleManager: Shutting down and abandoning module MatineeToLevelSequence (664)
[2020.02.26-12.25.14:573][939]LogModuleManager: Shutting down and abandoning module LevelSequenceEditor (662)
[2020.02.26-12.25.14:639][939]LogModuleManager: Shutting down and abandoning module PlacementMode (661)
[2020.02.26-12.25.14:639][939]LogModuleManager: Shutting down and abandoning module MaterialEditor (660)
[2020.02.26-12.25.14:669][939]LogModuleManager: Shutting down and abandoning module ActorSequenceEditor (656)
[2020.02.26-12.25.14:687][939]LogModuleManager: Shutting down and abandoning module WmfMediaFactory (654)
[2020.02.26-12.25.14:687][939]LogModuleManager: Shutting down and abandoning module WmfMediaEditor (652)
[2020.02.26-12.25.14:687][939]LogModuleManager: Shutting down and abandoning module WebMMediaFactory (650)
[2020.02.26-12.25.14:687][939]LogModuleManager: Shutting down and abandoning module WebMMediaEditor (648)
[2020.02.26-12.25.14:687][939]LogModuleManager: Shutting down and abandoning module WebMMedia (646)
[2020.02.26-12.25.14:694][939]LogModuleManager: Shutting down and abandoning module MediaPlayerEditor (644)
[2020.02.26-12.25.14:790][939]LogModuleManager: Shutting down and abandoning module MediaCompositingEditor (642)
[2020.02.26-12.25.14:809][939]LogModuleManager: Shutting down and abandoning module SequenceRecorder (641)
[2020.02.26-12.25.14:809][939]LogModuleManager: Shutting down and abandoning module OpenExrWrapper (638)
[2020.02.26-12.25.14:809][939]LogModuleManager: Shutting down and abandoning module ImgMediaFactory (636)
[2020.02.26-12.25.14:809][939]LogModuleManager: Shutting down and abandoning module ImgMediaEditor (634)
[2020.02.26-12.25.14:809][939]LogModuleManager: Shutting down and abandoning module AvfMediaFactory (632)
[2020.02.26-12.25.14:809][939]LogModuleManager: Shutting down and abandoning module AvfMediaEditor (630)
[2020.02.26-12.25.14:809][939]LogModuleManager: Shutting down and abandoning module AndroidMediaFactory (628)
[2020.02.26-12.25.14:809][939]LogModuleManager: Shutting down and abandoning module AndroidMediaEditor (626)
[2020.02.26-12.25.14:809][939]LogModuleManager: Shutting down and abandoning module MagicLeapMediaCodecFactory (624)
[2020.02.26-12.25.14:809][939]LogModuleManager: Shutting down and abandoning module MagicLeapMediaFactory (622)
[2020.02.26-12.25.14:809][939]LogModuleManager: Shutting down and abandoning module MagicLeapMediaEditor (620)
[2020.02.26-12.25.14:809][939]LogModuleManager: Shutting down and abandoning module CharacterAI (618)
[2020.02.26-12.25.14:809][939]LogModuleManager: Shutting down and abandoning module SmartSnapping (616)
[2020.02.26-12.25.14:809][939]LogModuleManager: Shutting down and abandoning module SessionServices (614)
[2020.02.26-12.25.14:809][939]LogModuleManager: Shutting down and abandoning module MeshPaint (612)
[2020.02.26-12.25.14:845][939]LogModuleManager: Shutting down and abandoning module ViewportSnapping (610)
[2020.02.26-12.25.14:845][939]LogModuleManager: Shutting down and abandoning module ViewportInteraction (608)
[2020.02.26-12.25.14:845][939]LogModuleManager: Shutting down and abandoning module ClothPainter (606)
[2020.02.26-12.25.14:891][939]LogModuleManager: Shutting down and abandoning module SkeletalMeshEditor (605)
[2020.02.26-12.25.14:909][939]LogModuleManager: Shutting down and abandoning module LogVisualizer (602)
[2020.02.26-12.25.14:933][939]LogModuleManager: Shutting down and abandoning module IntroTutorials (600)
[2020.02.26-12.25.14:949][939]LogModuleManager: Shutting down and abandoning module GameProjectGeneration (599)
[2020.02.26-12.25.14:959][939]LogModuleManager: Shutting down and abandoning module LuminPlatformEditor (596)
[2020.02.26-12.25.14:959][939]LogModuleManager: Shutting down and abandoning module IOSPlatformEditor (594)
[2020.02.26-12.25.14:972][939]LogModuleManager: Shutting down and abandoning module AndroidPlatformEditor (592)
[2020.02.26-12.25.14:979][939]LogModuleManager: Shutting down and abandoning module AndroidDeviceDetection (591)
[2020.02.26-12.25.15:459][939]LogModuleManager: Shutting down and abandoning module WindowsPlatformEditor (588)
[2020.02.26-12.25.15:459][939]LogModuleManager: Shutting down and abandoning module LuminRuntimeSettings (586)
[2020.02.26-12.25.15:459][939]LogModuleManager: Shutting down and abandoning module IOSRuntimeSettings (584)
[2020.02.26-12.25.15:459][939]LogModuleManager: Shutting down and abandoning module AndroidRuntimeSettings (582)
[2020.02.26-12.25.15:459][939]LogModuleManager: Shutting down and abandoning module EditorInteractiveToolsFramework (580)
[2020.02.26-12.25.15:459][939]LogModuleManager: Shutting down and abandoning module TimeManagementEditor (578)
[2020.02.26-12.25.15:459][939]LogModuleManager: Shutting down and abandoning module InputBindingEditor (576)
[2020.02.26-12.25.15:475][939]LogModuleManager: Shutting down and abandoning module MergeActors (574)
[2020.02.26-12.25.15:491][939]LogModuleManager: Shutting down and abandoning module LocalizationDashboard (572)
[2020.02.26-12.25.15:503][939]LogModuleManager: Shutting down and abandoning module LocalizationService (571)
[2020.02.26-12.25.15:518][939]LogModuleManager: Shutting down and abandoning module HardwareTargeting (568)
[2020.02.26-12.25.15:518][939]LogModuleManager: Shutting down and abandoning module DeviceProfileEditor (566)
[2020.02.26-12.25.15:518][939]LogModuleManager: Shutting down and abandoning module UndoHistory (564)
[2020.02.26-12.25.15:525][939]LogModuleManager: Shutting down and abandoning module XmlParser (562)
[2020.02.26-12.25.15:525][939]LogModuleManager: Shutting down and abandoning module Blutility (560)
[2020.02.26-12.25.15:525][939]LogModuleManager: Shutting down and abandoning module ProjectSettingsViewer (558)
[2020.02.26-12.25.15:525][939]LogModuleManager: Shutting down and abandoning module ProjectTargetPlatformEditor (557)
[2020.02.26-12.25.15:525][939]LogModuleManager: Shutting down and abandoning module EditorSettingsViewer (554)
[2020.02.26-12.25.15:525][939]LogModuleManager: Shutting down and abandoning module SettingsEditor (552)
[2020.02.26-12.25.15:541][939]LogModuleManager: Shutting down and abandoning module ProjectLauncher (550)
[2020.02.26-12.25.15:556][939]LogModuleManager: Shutting down and abandoning module SessionFrontend (548)
[2020.02.26-12.25.15:573][939]LogModuleManager: Shutting down and abandoning module ProfilerClient (546)
[2020.02.26-12.25.15:589][939]LogModuleManager: Shutting down and abandoning module DeviceManager (544)
[2020.02.26-12.25.15:604][939]LogModuleManager: Shutting down and abandoning module TargetDeviceServices (543)
[2020.02.26-12.25.15:637][939]LogModuleManager: Shutting down and abandoning module AutomationController (540)
[2020.02.26-12.25.15:651][939]LogModuleManager: Shutting down and abandoning module AutomationWindow (538)
[2020.02.26-12.25.15:671][939]LogModuleManager: Shutting down and abandoning module Layers (536)
[2020.02.26-12.25.15:785][939]LogModuleManager: Shutting down and abandoning module ComponentVisualizers (534)
[2020.02.26-12.25.15:785][939]LogModuleManager: Shutting down and abandoning module DetailCustomizations (532)
[2020.02.26-12.25.15:785][939]LogModuleManager: Shutting down and abandoning module PackagesDialog (530)
[2020.02.26-12.25.15:786][939]LogModuleManager: Shutting down and abandoning module AnimationBlueprintEditor (528)
[2020.02.26-12.25.15:838][939]LogModuleManager: Shutting down and abandoning module Persona (526)
[2020.02.26-12.25.15:873][939]LogModuleManager: Shutting down and abandoning module AdvancedPreviewScene (525)
[2020.02.26-12.25.15:873][939]LogModuleManager: Shutting down and abandoning module AnimGraph (523)
[2020.02.26-12.25.15:887][939]LogModuleManager: Shutting down and abandoning module Kismet (520)
[2020.02.26-12.25.15:931][939]LogModuleManager: Shutting down and abandoning module KismetWidgets (519)
[2020.02.26-12.25.15:945][939]LogModuleManager: Shutting down and abandoning module GraphEditor (516)
[2020.02.26-12.25.16:065][939]LogModuleManager: Shutting down and abandoning module StructViewer (514)
[2020.02.26-12.25.16:065][939]LogModuleManager: Shutting down and abandoning module ClassViewer (512)
[2020.02.26-12.25.16:065][939]LogModuleManager: Shutting down and abandoning module Toolbox (510)
[2020.02.26-12.25.16:065][939]LogModuleManager: Shutting down and abandoning module ModuleUI (508)
[2020.02.26-12.25.16:077][939]LogModuleManager: Shutting down and abandoning module OutputLog (506)
[2020.02.26-12.25.16:096][939]LogModuleManager: Shutting down and abandoning module GammaUI (504)
[2020.02.26-12.25.16:104][939]LogModuleManager: Shutting down and abandoning module Documentation (502)
[2020.02.26-12.25.16:104][939]LogModuleManager: Shutting down and abandoning module LiveCoding (500)
[2020.02.26-12.25.16:119][939]LogModuleManager: Shutting down and abandoning module LevelSequence (498)
[2020.02.26-12.25.16:119][939]LogModuleManager: Shutting down and abandoning module MovieSceneTracks (496)
[2020.02.26-12.25.16:119][939]LogModuleManager: Shutting down and abandoning module MovieScene (494)
[2020.02.26-12.25.16:131][939]LogModuleManager: Shutting down and abandoning module StreamingPauseRendering (492)
[2020.02.26-12.25.16:148][939]LogModuleManager: Shutting down and abandoning module LauncherPlatform (490)
[2020.02.26-12.25.16:148][939]LogModuleManager: Shutting down and abandoning module AnalyticsET (488)
[2020.02.26-12.25.16:148][939]LogModuleManager: Shutting down and abandoning module PortalServices (486)
[2020.02.26-12.25.16:148][939]LogModuleManager: Shutting down and abandoning module PortalRpc (484)
[2020.02.26-12.25.16:148][939]LogModuleManager: Shutting down and abandoning module MessagingRpc (482)
[2020.02.26-12.25.16:148][939]LogModuleManager: Shutting down and abandoning module AudioMixerXAudio2 (480)
[2020.02.26-12.25.16:148][939]LogModuleManager: Shutting down and abandoning module AIModule (478)
[2020.02.26-12.25.16:148][939]LogModuleManager: Shutting down and abandoning module GameplayDebugger (477)
[2020.02.26-12.25.16:148][939]LogModuleManager: Shutting down and abandoning module AITestSuite (475)
[2020.02.26-12.25.16:148][939]LogModuleManager: Shutting down and abandoning module NavigationSystem (473)
[2020.02.26-12.25.16:148][939]LogModuleManager: Shutting down and abandoning module ImageWriteQueue (470)
[2020.02.26-12.25.16:152][939]LogModuleManager: Shutting down and abandoning module ProfilerService (468)
[2020.02.26-12.25.16:347][939]LogModuleManager: Shutting down and abandoning module TaskGraph (466)
[2020.02.26-12.25.16:368][939]LogModuleManager: Shutting down and abandoning module SubstanceLiveLink (464)
[2020.02.26-12.25.16:368][939]LogModuleManager: Shutting down and abandoning module SubstanceSource (462)
[2020.02.26-12.25.16:448][939]LogModuleManager: Shutting down and abandoning module SubstanceEditor (460)
[2020.02.26-12.25.16:581][939]LogModuleManager: Shutting down and abandoning module AudiokineticTools (458)
[2020.02.26-12.25.16:692][939]LogModuleManager: Shutting down and abandoning module ToolMenus (457)
[2020.02.26-12.25.16:692][939]LogModuleManager: Shutting down and abandoning module ScreenshotTools (454)
[2020.02.26-12.25.16:692][939]LogModuleManager: Shutting down and abandoning module ProceduralMeshComponentEditor (452)
[2020.02.26-12.25.16:692][939]LogModuleManager: Shutting down and abandoning module ProceduralMeshComponent (450)
[2020.02.26-12.25.16:692][939]LogModuleManager: Shutting down and abandoning module OculusEditor (448)
[2020.02.26-12.25.16:715][939]LogModuleManager: Shutting down and abandoning module OculusInput (446)
[2020.02.26-12.25.16:715][939]LogModuleManager: Shutting down and abandoning module MobilePatchingUtils (444)
[2020.02.26-12.25.16:715][939]LogModuleManager: Shutting down and abandoning module EditableMesh (442)
[2020.02.26-12.25.16:729][939]LogModuleManager: Shutting down and abandoning module CustomMeshComponent (440)
[2020.02.26-12.25.16:729][939]LogModuleManager: Shutting down and abandoning module CableComponent (438)
[2020.02.26-12.25.16:729][939]LogModuleManager: Shutting down and abandoning module AudioCapture (436)
[2020.02.26-12.25.16:729][939]LogModuleManager: Shutting down and abandoning module AudioCaptureRtAudio (435)
[2020.02.26-12.25.16:729][939]LogModuleManager: Shutting down and abandoning module AssetTags (432)
[2020.02.26-12.25.16:729][939]LogModuleManager: Shutting down and abandoning module ArchVisCharacter (430)
[2020.02.26-12.25.16:729][939]LogModuleManager: Shutting down and abandoning module AppleImageUtilsBlueprintSupport (428)
[2020.02.26-12.25.16:729][939]LogModuleManager: Shutting down and abandoning module AppleImageUtils (426)
[2020.02.26-12.25.16:730][939]LogModuleManager: Shutting down and abandoning module AndroidPermission (424)
[2020.02.26-12.25.16:730][939]LogModuleManager: Shutting down and abandoning module NUTUnrealEngine4 (422)
[2020.02.26-12.25.16:748][939]LogModuleManager: Shutting down and abandoning module NetcodeUnitTest (420)
[2020.02.26-12.25.16:764][939]LogModuleManager: Shutting down and abandoning module MediaCompositing (418)
[2020.02.26-12.25.16:764][939]LogModuleManager: Shutting down and abandoning module ImgMedia (416)
[2020.02.26-12.25.16:764][939]LogModuleManager: Shutting down and abandoning module MagicLeapHelperVulkan (414)
[2020.02.26-12.25.16:764][939]LogModuleManager: Shutting down and abandoning module MagicLeapHelperOpenGL (412)
[2020.02.26-12.25.16:764][939]LogModuleManager: Shutting down and abandoning module MagicLeapAudio (410)
[2020.02.26-12.25.16:764][939]LogModuleManager: Shutting down and abandoning module GeometryCacheTracks (408)
[2020.02.26-12.25.16:764][939]LogModuleManager: Shutting down and abandoning module GeometryCacheSequencer (406)
[2020.02.26-12.25.16:764][939]LogModuleManager: Shutting down and abandoning module BackChannel (404)
[2020.02.26-12.25.16:778][939]LogModuleManager: Shutting down and abandoning module AutomationUtilsEditor (402)
[2020.02.26-12.25.16:778][939]LogModuleManager: Shutting down and abandoning module AutomationUtils (400)
[2020.02.26-12.25.16:778][939]LogModuleManager: Shutting down and abandoning module AlembicImporter (398)
[2020.02.26-12.25.16:798][939]LogModuleManager: Shutting down and abandoning module AlembicLibrary (397)
[2020.02.26-12.25.16:807][939]LogModuleManager: Shutting down and abandoning module GeometryCache (396)
[2020.02.26-12.25.16:807][939]LogModuleManager: Shutting down and abandoning module GeometryCacheEd (395)
[2020.02.26-12.25.16:807][939]LogModuleManager: Shutting down and abandoning module VariantManagerContentEditor (390)
[2020.02.26-12.25.16:891][939]LogModuleManager: Shutting down and abandoning module DatasmithContentEditor (388)
[2020.02.26-12.25.16:907][939]LogModuleManager: Shutting down and abandoning module SpeedTreeImporter (386)
[2020.02.26-12.25.16:907][939]LogModuleManager: Shutting down and abandoning module PluginBrowser (384)
[2020.02.26-12.25.17:006][939]LogModuleManager: Shutting down and abandoning module MobileLauncherProfileWizard (382)
[2020.02.26-12.25.17:019][939]LogModuleManager: Shutting down and abandoning module MaterialAnalyzer (380)
[2020.02.26-12.25.17:025][939]LogModuleManager: Shutting down and abandoning module CurveEditorTools (378)
[2020.02.26-12.25.17:049][939]LogModuleManager: Shutting down and abandoning module CryptoKeysOpenSSL (376)
[2020.02.26-12.25.17:049][939]LogModuleManager: Shutting down and abandoning module CryptoKeys (374)
[2020.02.26-12.25.17:049][939]LogModuleManager: Shutting down and abandoning module VisualStudioSourceCodeAccess (372)
[2020.02.26-12.25.17:053][939]LogModuleManager: Shutting down and abandoning module VisualStudioCodeSourceCodeAccess (370)
[2020.02.26-12.25.17:053][939]LogModuleManager: Shutting down and abandoning module UObjectPlugin (368)
[2020.02.26-12.25.17:053][939]LogModuleManager: Shutting down and abandoning module SubversionSourceControl (366)
[2020.02.26-12.25.17:067][939]LogModuleManager: Shutting down and abandoning module PlasticSourceControl (364)
[2020.02.26-12.25.17:140][939]LogModuleManager: Shutting down and abandoning module PerforceSourceControl (362)
[2020.02.26-12.25.17:155][939]LogModuleManager: Shutting down and abandoning module GitSourceControl (360)
[2020.02.26-12.25.17:160][939]LogModuleManager: Shutting down and abandoning module SourceControl (359)
[2020.02.26-12.25.17:160][939]LogModuleManager: Shutting down and abandoning module CLionSourceCodeAccess (356)
[2020.02.26-12.25.17:173][939]LogModuleManager: Shutting down and abandoning module AnimationSharingEd (354)
[2020.02.26-12.25.17:173][939]LogModuleManager: Shutting down and abandoning module ActorLayerUtilitiesEditor (352)
[2020.02.26-12.25.17:173][939]LogModuleManager: Shutting down and abandoning module ActorLayerUtilities (350)
[2020.02.26-12.25.17:173][939]LogModuleManager: Shutting down and abandoning module LightPropagationVolumeEditor (348)
[2020.02.26-12.25.17:173][939]LogModuleManager: Shutting down and abandoning module PaperTiledImporter (346)
[2020.02.26-12.25.17:173][939]LogModuleManager: Shutting down and abandoning module PaperSpriteSheetImporter (344)
[2020.02.26-12.25.17:173][939]LogModuleManager: Shutting down and abandoning module Paper2DEditor (342)
[2020.02.26-12.25.17:294][939]LogModuleManager: Shutting down and abandoning module AkAudio (340)
[2020.02.26-12.25.17:418][939]LogInit: Audiokinetic Audio Device terminated.
[2020.02.26-12.25.17:418][939]LogModuleManager: Shutting down and abandoning module SignificanceManager (338)
[2020.02.26-12.25.17:418][939]LogModuleManager: Shutting down and abandoning module RuntimePhysXCooking (336)
[2020.02.26-12.25.17:418][939]LogModuleManager: Shutting down and abandoning module PhysXVehiclesEditor (334)
[2020.02.26-12.25.17:418][939]LogModuleManager: Shutting down and abandoning module LocationServicesBPLibrary (330)
[2020.02.26-12.25.17:418][939]LogModuleManager: Shutting down and abandoning module ActorSequence (328)
[2020.02.26-12.25.17:418][939]LogModuleManager: Shutting down and abandoning module UdpMessaging (326)
[2020.02.26-12.25.17:519][939]LogModuleManager: Shutting down and abandoning module TcpMessaging (324)
[2020.02.26-12.25.17:661][939]LogModuleManager: Shutting down and abandoning module SubstanceCore (322)
[2020.02.26-12.25.17:677][939]LogModuleManager: Shutting down and abandoning module MagicLeapPrivileges (320)
[2020.02.26-12.25.17:695][939]LogModuleManager: Shutting down and abandoning module MagicLeapPlanes (318)
[2020.02.26-12.25.17:715][939]LogMagicLeapPlanes: Planes tracker already destroyed.
[2020.02.26-12.25.17:715][939]LogModuleManager: Shutting down and abandoning module MagicLeapIdentity (316)
[2020.02.26-12.25.17:715][939]LogModuleManager: Shutting down and abandoning module MagicLeapSecureStorage (314)
[2020.02.26-12.25.17:715][939]LogModuleManager: Shutting down and abandoning module MagicLeapImageTracker (312)
[2020.02.26-12.25.17:716][939]LogModuleManager: Shutting down and abandoning module MagicLeapHandTracking (310)
[2020.02.26-12.25.17:716][939]LogModuleManager: Shutting down and abandoning module MagicLeapHandMeshing (308)
[2020.02.26-12.25.17:784][939]LogModuleManager: Shutting down and abandoning module MagicLeapEyeTracker (306)
[2020.02.26-12.25.17:784][939]LogModuleManager: Shutting down and abandoning module MagicLeapController (304)
[2020.02.26-12.25.17:800][939]LogSlate: Slate User Destroyed.  User Index 0, Is Virtual User: 0
[2020.02.26-12.25.17:800][939]LogModuleManager: Shutting down and abandoning module MagicLeapARPin (302)
[2020.02.26-12.25.17:800][939]LogModuleManager: Shutting down and abandoning module MagicLeapAR (300)
[2020.02.26-12.25.17:800][939]LogModuleManager: Shutting down and abandoning module AugmentedReality (299)
[2020.02.26-12.25.17:800][939]LogModuleManager: Shutting down and abandoning module GameplayTagsEditor (296)
[2020.02.26-12.25.17:881][939]LogModuleManager: Shutting down and abandoning module FacialAnimationEditor (294)
[2020.02.26-12.25.17:882][939]LogModuleManager: Shutting down and abandoning module FacialAnimation (292)
[2020.02.26-12.25.17:882][939]LogModuleManager: Shutting down and abandoning module DataValidation (290)
[2020.02.26-12.25.17:882][939]LogModuleManager: Shutting down and abandoning module AssetManagerEditor (288)
[2020.02.26-12.25.17:898][939]LogModuleManager: Shutting down and abandoning module LevelEditor (287)
[2020.02.26-12.25.17:924][939]LogModuleManager: Shutting down and abandoning module PixelInspectorModule (286)
[2020.02.26-12.25.17:957][939]LogModuleManager: Shutting down and abandoning module CommonMenuExtensions (284)
[2020.02.26-12.25.17:957][939]LogModuleManager: Shutting down and abandoning module MainFrame (282)
[2020.02.26-12.25.17:957][939]LogModuleManager: Shutting down and abandoning module HotReload (281)
[2020.02.26-12.25.18:084][939]LogModuleManager: Shutting down and abandoning module ContentBrowser (277)
[2020.02.26-12.25.18:132][939]LogModuleManager: Shutting down and abandoning module TreeMap (275)
[2020.02.26-12.25.18:185][939]LogModuleManager: Shutting down and abandoning module AnimationSharing (272)
[2020.02.26-12.25.18:185][939]LogModuleManager: Shutting down and abandoning module LightPropagationVolumeRuntime (270)
[2020.02.26-12.25.18:185][939]LogModuleManager: Shutting down and abandoning module Paper2D (268)
[2020.02.26-12.25.18:192][939]LogModuleManager: Shutting down and abandoning module WindowsMoviePlayer (266)
[2020.02.26-12.25.18:213][939]LogModuleManager: Shutting down and abandoning module WebMMoviePlayer (264)
[2020.02.26-12.25.18:215][939]LogModuleManager: Shutting down and abandoning module NetworkReplayStreaming (262)
[2020.02.26-12.25.18:216][939]LogModuleManager: Shutting down and abandoning module PacketHandler (260)
[2020.02.26-12.25.18:216][939]LogModuleManager: Shutting down and abandoning module ClothingSystemEditor (258)
[2020.02.26-12.25.18:216][939]LogModuleManager: Shutting down and abandoning module ClothingSystemRuntimeNv (256)
[2020.02.26-12.25.18:225][939]LogModuleManager: Shutting down and abandoning module MediaAssets (254)
[2020.02.26-12.25.18:226][939]LogModuleManager: Shutting down and abandoning module Overlay (252)
[2020.02.26-12.25.18:226][939]LogModuleManager: Shutting down and abandoning module OverlayEditor (251)
[2020.02.26-12.25.18:226][939]LogModuleManager: Shutting down and abandoning module VREditor (248)
[2020.02.26-12.25.18:252][939]LogModuleManager: Shutting down and abandoning module StringTableEditor (246)
[2020.02.26-12.25.18:274][939]LogModuleManager: Shutting down and abandoning module GameplayTasksEditor (244)
[2020.02.26-12.25.18:291][939]LogModuleManager: Shutting down and abandoning module BehaviorTreeEditor (242)
[2020.02.26-12.25.18:321][939]LogModuleManager: Shutting down and abandoning module FunctionalTesting (240)
[2020.02.26-12.25.18:330][939]LogModuleManager: Shutting down and abandoning module CollisionAnalyzer (238)
[2020.02.26-12.25.18:346][939]LogModuleManager: Shutting down and abandoning module WorkspaceMenuStructure (237)
[2020.02.26-12.25.18:354][939]LogModuleManager: Shutting down and abandoning module UMG (234)
[2020.02.26-12.25.18:447][939]LogModuleManager: Shutting down and abandoning module UMGEditor (233)
[2020.02.26-12.25.18:544][939]LogModuleManager: Shutting down and abandoning module MessageLog (231)
[2020.02.26-12.25.18:544][939]LogModuleManager: Shutting down and abandoning module SlateReflector (226)
[2020.02.26-12.25.18:586][939]LogModuleManager: Shutting down and abandoning module Slate (224)
[2020.02.26-12.25.18:586][939]LogModuleManager: Shutting down and abandoning module SlateCore (222)
[2020.02.26-12.25.18:586][939]LogModuleManager: Shutting down and abandoning module LandscapeEditorUtilities (220)
[2020.02.26-12.25.18:586][939]LogModuleManager: Shutting down and abandoning module UnrealEd (218)
[2020.02.26-12.25.18:599][939]LogModuleManager: Shutting down and abandoning module MRMesh (216)
[2020.02.26-12.25.18:599][939]LogModuleManager: Shutting down and abandoning module SourceCodeAccess (214)
[2020.02.26-12.25.18:599][939]LogModuleManager: Shutting down and abandoning module HeadMountedDisplay (212)
[2020.02.26-12.25.18:618][939]LogModuleManager: Shutting down and abandoning module XAudio2 (210)
[2020.02.26-12.25.18:630][939]LogModuleManager: Shutting down and abandoning module Networking (208)
[2020.02.26-12.25.18:631][939]LogModuleManager: Shutting down and abandoning module Core (206)
[2020.02.26-12.25.18:631][939]LogModuleManager: Shutting down and abandoning module MovieSceneTools (204)
[2020.02.26-12.25.18:644][939]LogModuleManager: Shutting down and abandoning module CurveEditor (203)
[2020.02.26-12.25.18:718][939]LogModuleManager: Shutting down and abandoning module Sequencer (201)
[2020.02.26-12.25.18:846][939]LogModuleManager: Shutting down and abandoning module EditorStyle (200)
[2020.02.26-12.25.18:847][939]LogModuleManager: Shutting down and abandoning module KismetCompiler (196)
[2020.02.26-12.25.18:847][939]LogModuleManager: Shutting down and abandoning module MeshUtilities (194)
[2020.02.26-12.25.18:856][939]LogModuleManager: Shutting down and abandoning module MeshMergeUtilities (193)
[2020.02.26-12.25.18:865][939]LogModuleManager: Shutting down and abandoning module MeshReductionInterface (192)
[2020.02.26-12.25.18:866][939]LogModuleManager: Shutting down and abandoning module MeshBoneReduction (191)
[2020.02.26-12.25.18:875][939]LogModuleManager: Shutting down and abandoning module SkeletalMeshReduction (189)
[2020.02.26-12.25.18:897][939]LogModuleManager: Shutting down and abandoning module ProxyLODMeshReduction (187)
[2020.02.26-12.25.18:930][939]LogModuleManager: Shutting down and abandoning module QuadricMeshReduction (185)
[2020.02.26-12.25.18:942][939]LogModuleManager: Shutting down and abandoning module MaterialBaking (181)
[2020.02.26-12.25.18:956][939]LogModuleManager: Shutting down and abandoning module NullInstallBundleManager (176)
[2020.02.26-12.25.18:956][939]LogModuleManager: Shutting down and abandoning module DerivedDataCache (174)
[2020.02.26-12.25.18:957][939]LogDerivedDataCache: Shutdown
[2020.02.26-12.25.18:957][939]LogModuleManager: Shutting down and abandoning module XGEController (172)
[2020.02.26-12.25.18:957][939]LogXGEController: Cleaning working directory: C:/Users/Radek/AppData/Local/Temp/UnrealXGEWorkingDir/
[2020.02.26-12.25.18:957][939]LogModuleManager: Shutting down and abandoning module TargetPlatform (170)
[2020.02.26-12.25.18:957][939]LogModuleManager: Shutting down and abandoning module VulkanShaderFormat (169)
[2020.02.26-12.25.19:044][939]LogModuleManager: Shutting down and abandoning module ShaderFormatVectorVM (167)
[2020.02.26-12.25.19:053][939]LogModuleManager: Shutting down and abandoning module ShaderFormatOpenGL (165)
[2020.02.26-12.25.19:066][939]LogModuleManager: Shutting down and abandoning module ShaderFormatD3D (163)
[2020.02.26-12.25.19:066][939]LogModuleManager: Shutting down and abandoning module MetalShaderFormat (161)
[2020.02.26-12.25.19:150][939]LogModuleManager: Shutting down and abandoning module TextureFormatUncompressed (159)
[2020.02.26-12.25.19:150][939]LogModuleManager: Shutting down and abandoning module TextureFormatPVR (157)
[2020.02.26-12.25.19:150][939]LogModuleManager: Shutting down and abandoning module TextureFormatDXT (155)
[2020.02.26-12.25.19:151][939]LogModuleManager: Shutting down and abandoning module TextureFormatIntelISPCTexComp (153)
[2020.02.26-12.25.19:159][939]LogModuleManager: Shutting down and abandoning module TextureFormatASTC (151)
[2020.02.26-12.25.19:159][939]LogModuleManager: Shutting down and abandoning module ImageWrapper (150)
[2020.02.26-12.25.19:159][939]LogModuleManager: Shutting down and abandoning module TextureFormatAndroid (147)
[2020.02.26-12.25.19:159][939]LogModuleManager: Shutting down and abandoning module AudioFormatOpus (145)
[2020.02.26-12.25.19:171][939]LogModuleManager: Shutting down and abandoning module AudioFormatOgg (143)
[2020.02.26-12.25.19:171][939]LogModuleManager: Shutting down and abandoning module AudioFormatADPCM (141)
[2020.02.26-12.25.19:177][939]LogModuleManager: Shutting down and abandoning module WindowsServerTargetPlatform (139)
[2020.02.26-12.25.19:177][939]LogModuleManager: Shutting down and abandoning module WindowsClientTargetPlatform (137)
[2020.02.26-12.25.19:177][939]LogModuleManager: Shutting down and abandoning module WindowsTargetPlatform (135)
[2020.02.26-12.25.19:177][939]LogModuleManager: Shutting down and abandoning module WindowsNoEditorTargetPlatform (133)
[2020.02.26-12.25.19:177][939]LogModuleManager: Shutting down and abandoning module TVOSTargetPlatform (131)
[2020.02.26-12.25.19:194][939]LogModuleManager: Shutting down and abandoning module LuminTargetPlatform (129)
[2020.02.26-12.25.19:209][939]LogModuleManager: Shutting down and abandoning module LinuxAArch64ServerTargetPlatform (127)
[2020.02.26-12.25.19:209][939]LogModuleManager: Shutting down and abandoning module LinuxAArch64ClientTargetPlatform (125)
[2020.02.26-12.25.19:224][939]LogModuleManager: Shutting down and abandoning module LinuxAArch64NoEditorTargetPlatform (123)
[2020.02.26-12.25.19:225][939]LogModuleManager: Shutting down and abandoning module LinuxServerTargetPlatform (121)
[2020.02.26-12.25.19:225][939]LogModuleManager: Shutting down and abandoning module LinuxClientTargetPlatform (119)
[2020.02.26-12.25.19:233][939]LogModuleManager: Shutting down and abandoning module LinuxNoEditorTargetPlatform (117)
[2020.02.26-12.25.19:249][939]LogModuleManager: Shutting down and abandoning module Messaging (115)
[2020.02.26-12.25.19:249][939]LogModuleManager: Shutting down and abandoning module IOSTargetPlatform (113)
[2020.02.26-12.25.19:251][939]LogModuleManager: Shutting down and abandoning module AndroidTargetPlatform (111)
[2020.02.26-12.25.19:261][939]LogModuleManager: Shutting down and abandoning module AllDesktopTargetPlatform (109)
[2020.02.26-12.25.19:261][939]LogModuleManager: Shutting down and abandoning module InputCore (106)
[2020.02.26-12.25.19:261][939]LogModuleManager: Shutting down and abandoning module Settings (104)
[2020.02.26-12.25.19:261][939]LogModuleManager: Shutting down and abandoning module DirectoryWatcher (102)
[2020.02.26-12.25.19:261][939]LogModuleManager: Shutting down and abandoning module PhysXCooking (100)
[2020.02.26-12.25.19:261][939]LogModuleManager: Shutting down and abandoning module ChaosSolvers (98)
[2020.02.26-12.25.19:320][939]LogModuleManager: Shutting down and abandoning module FieldSystemEngine (97)
[2020.02.26-12.25.19:320][939]LogModuleManager: Shutting down and abandoning module Chaos (94)
[2020.02.26-12.25.19:320][939]LogModuleManager: Shutting down and abandoning module WindowsPlatformFeatures (92)
[2020.02.26-12.25.19:320][939]LogModuleManager: Shutting down and abandoning module GameplayMediaEncoder (91)
[2020.02.26-12.25.19:329][939]LogModuleManager: Shutting down and abandoning module SteamVRInputDevice (88)
[2020.02.26-12.25.19:329][939]LogModuleManager: Shutting down and abandoning module SteamVRInput (86)
[2020.02.26-12.25.19:329][939]LogModuleManager: Shutting down and abandoning module SteamVR (84)
[2020.02.26-12.25.19:342][939]LogHMD: Freeing OpenVRDLLHandle.
[2020.02.26-12.25.19:342][939]LogModuleManager: Shutting down and abandoning module OculusHMD (82)
[2020.02.26-12.25.19:433][939]LogModuleManager: Shutting down and abandoning module ExampleDeviceProfileSelector (80)
[2020.02.26-12.25.19:433][939]LogModuleManager: Shutting down and abandoning module LauncherChunkInstaller (78)
[2020.02.26-12.25.19:433][939]LogModuleManager: Shutting down and abandoning module OnlineBlueprintSupport (76)
[2020.02.26-12.25.19:433][939]LogModuleManager: Shutting down and abandoning module OnlineSubsystem (72)
[2020.02.26-12.25.19:434][939]LogModuleManager: Shutting down and abandoning module XMPP (67)
[2020.02.26-12.25.19:450][939]LogModuleManager: Shutting down and abandoning module WebSockets (66)
[2020.02.26-12.25.19:488][939]LogModuleManager: Shutting down and abandoning module HTTP (63)
[2020.02.26-12.25.19:488][939]LogHttp: Display: Http module shutting down, but needs to wait on 1 outstanding Http requests:
[2020.02.26-12.25.19:488][939]LogHttp: Display: 	verb=[POST] url=[https://datarouter.ol.epicgames.com/datarouter/api/v1/public/data?SessionID=%7B4FC8B578-448F-2FC7-A165-0EB05761FDEF%7D&AppID=UEEditor.Rocket.Release&AppVersion=4.24.2-11100242%2B%2B%2BUE4%2BRelease-4.24&UserID=287157294f11a772fe5404a984c0696d%7C87155b4989c6426bad0ad38f6667e788%7Ceb874c2c-70ce-4501-9e9c-74a1be2a4eb7&AppEnvironment=datacollector-binary&UploadType=eteventstream] refs=[1] status=Processing
[2020.02.26-12.25.19:492][939]LogModuleManager: Shutting down and abandoning module SSL (62)
[2020.02.26-12.25.19:493][939]LogModuleManager: Shutting down and abandoning module WmfMedia (58)
[2020.02.26-12.25.19:512][939]LogModuleManager: Shutting down and abandoning module Media (57)
[2020.02.26-12.25.19:513][939]LogModuleManager: Shutting down and abandoning module MagicLeap (54)
[2020.02.26-12.25.19:513][939]LogModuleManager: Shutting down and abandoning module VariantManagerContent (52)
[2020.02.26-12.25.19:513][939]LogModuleManager: Shutting down and abandoning module DatasmithContent (50)
[2020.02.26-12.25.19:580][939]LogModuleManager: Shutting down and abandoning module AISupportModule (48)
[2020.02.26-12.25.19:583][939]LogModuleManager: Shutting down and abandoning module DesktopPlatform (46)
[2020.02.26-12.25.19:583][939]LogModuleManager: Shutting down and abandoning module PlatformCryptoOpenSSL (44)
[2020.02.26-12.25.19:583][939]LogModuleManager: Shutting down and abandoning module PlatformCryptoTypes (42)
[2020.02.26-12.25.19:583][939]LogModuleManager: Shutting down and abandoning module PlatformCrypto (40)
[2020.02.26-12.25.19:583][939]LogModuleManager: Shutting down and abandoning module AnimationModifiers (38)
[2020.02.26-12.25.19:591][939]LogModuleManager: Shutting down and abandoning module PropertyEditor (37)
[2020.02.26-12.25.19:656][939]LogModuleManager: Shutting down and abandoning module AudioEditor (34)
[2020.02.26-12.25.19:675][939]LogModuleManager: Shutting down and abandoning module TextureCompressor (32)
[2020.02.26-12.25.19:685][939]LogModuleManager: Shutting down and abandoning module RenderCore (30)
[2020.02.26-12.25.19:685][939]LogModuleManager: Shutting down and abandoning module Landscape (28)
[2020.02.26-12.25.19:685][939]LogModuleManager: Shutting down and abandoning module SlateRHIRenderer (26)
[2020.02.26-12.25.19:776][939]LogModuleManager: Shutting down and abandoning module OpenGLDrv (24)
[2020.02.26-12.25.19:794][939]LogModuleManager: Shutting down and abandoning module D3D11RHI (22)
[2020.02.26-12.25.19:794][939]LogModuleManager: Shutting down and abandoning module AnimGraphRuntime (20)
[2020.02.26-12.25.19:794][939]LogModuleManager: Shutting down and abandoning module Renderer (18)
[2020.02.26-12.25.19:804][939]LogModuleManager: Shutting down and abandoning module Engine (16)
[2020.02.26-12.25.19:804][939]LogModuleManager: Shutting down and abandoning module CoreUObject (14)
[2020.02.26-12.25.19:804][939]LogModuleManager: Shutting down and abandoning module NetworkFile (12)
[2020.02.26-12.25.19:813][939]LogModuleManager: Shutting down and abandoning module CookedIterativeFile (10)
[2020.02.26-12.25.19:813][939]LogModuleManager: Shutting down and abandoning module StreamingFile (8)
[2020.02.26-12.25.19:830][939]LogModuleManager: Shutting down and abandoning module SandboxFile (6)
[2020.02.26-12.25.19:849][939]LogModuleManager: Shutting down and abandoning module PakFile (4)
[2020.02.26-12.25.19:849][939]LogModuleManager: Shutting down and abandoning module RSA (3)
[2020.02.26-12.25.19:922][939]LogD3D11RHI: Shutdown
[2020.02.26-12.25.19:922][939]LogD3D11RHI: CleanupD3DDevice
[2020.02.26-12.25.19:992][939]LogExit: Exiting.
[2020.02.26-12.25.20:117][939]Log file closed, 02/26/20 13:25:20
